<?xml version="1.0" encoding="UTF-8"?>
<?xml-stylesheet type="text/xsl" href="ivy-report.xsl"?>
<ivy-report version="1.0">
	<info
		organisation="test"
		module="test_2.12"
		revision="1.0"
		conf="test"
		confs="compile, runtime, test, provided, optional, compile-internal, runtime-internal, test-internal, plugin, sources, docs, pom, scala-tool"
		date="20170727095000"/>
	<dependencies>
		<module organisation="org.apache.tika" name="tika-langdetect">
			<revision name="1.16" status="release" pubdate="20170708041208" resolver="sbt-chain" artresolver="sbt-chain" homepage="http://tika.apache.org/" downloaded="false" searched="false" default="false" conf="default, compile, runtime, default(compile), master" position="31">
				<license name="Apache License, Version 2.0" url="http://www.apache.org/licenses/LICENSE-2.0.txt"/>
				<metadata-artifact status="no" details="" size="6919" time="0" location="/people/khamphousone/.ivy2/cache/org.apache.tika/tika-langdetect/ivy-1.16.xml" searched="false" origin-is-local="false" origin-location="https://repo1.maven.org/maven2/org/apache/tika/tika-langdetect/1.16/tika-langdetect-1.16.pom"/>
				<caller organisation="test" name="test_2.12" conf="test, compile, runtime" rev="1.16" rev-constraint-default="1.16" rev-constraint-dynamic="1.16" callerrev="1.0"/>
				<artifacts>
					<artifact name="tika-langdetect" type="bundle" ext="jar" status="no" details="" size="20511" time="0" location="/people/khamphousone/.ivy2/cache/org.apache.tika/tika-langdetect/bundles/tika-langdetect-1.16.jar">
						<origin-location is-local="false" location="https://repo1.maven.org/maven2/org/apache/tika/tika-langdetect/1.16/tika-langdetect-1.16.jar"/>
					</artifact>
				</artifacts>
			</revision>
		</module>
		<module organisation="com.google.code.gson" name="gson">
			<revision name="2.6.1" status="release" pubdate="20160212050040" resolver="sbt-chain" artresolver="sbt-chain" homepage="" downloaded="false" searched="false" default="false" conf="compile, runtime(*), master(compile), runtime, compile(*), master" position="46">
				<license name="Apache 2.0" url="http://www.apache.org/licenses/LICENSE-2.0.txt"/>
				<metadata-artifact status="no" details="" size="3468" time="0" location="/people/khamphousone/.ivy2/cache/com.google.code.gson/gson/ivy-2.6.1.xml" searched="false" origin-is-local="false" origin-location="https://repo1.maven.org/maven2/com/google/code/gson/gson/2.6.1/gson-2.6.1.pom"/>
				<caller organisation="org.apache.tika" name="tika-langdetect" conf="default, compile, runtime, master" rev="2.6.1" rev-constraint-default="2.6.1" rev-constraint-dynamic="2.6.1" callerrev="1.16"/>
				<artifacts>
					<artifact name="gson" type="jar" ext="jar" status="no" details="" size="230882" time="0" location="/people/khamphousone/.ivy2/cache/com.google.code.gson/gson/jars/gson-2.6.1.jar">
						<origin-location is-local="false" location="https://repo1.maven.org/maven2/com/google/code/gson/gson/2.6.1/gson-2.6.1.jar"/>
					</artifact>
				</artifacts>
			</revision>
		</module>
		<module organisation="org.apache.cxf" name="cxf-rt-rs-client">
			<revision name="3.0.12" status="release" pubdate="20161209194653" resolver="sbt-chain" artresolver="sbt-chain" homepage="http://cxf.apache.org" downloaded="false" searched="false" default="false" conf="compile, runtime(*), master(compile), runtime, compile(*), master" position="37">
				<license name="The Apache Software License, Version 2.0" url="http://www.apache.org/licenses/LICENSE-2.0.txt"/>
				<metadata-artifact status="no" details="" size="65542" time="0" location="/people/khamphousone/.ivy2/cache/org.apache.cxf/cxf-rt-rs-client/ivy-3.0.12.xml" searched="false" origin-is-local="false" origin-location="https://repo1.maven.org/maven2/org/apache/cxf/cxf-rt-rs-client/3.0.12/cxf-rt-rs-client-3.0.12.pom"/>
				<caller organisation="org.apache.tika" name="tika-langdetect" conf="default, compile, runtime, master" rev="3.0.12" rev-constraint-default="3.0.12" rev-constraint-dynamic="3.0.12" callerrev="1.16"/>
				<artifacts>
					<artifact name="cxf-rt-rs-client" type="bundle" ext="jar" status="no" details="" size="157147" time="0" location="/people/khamphousone/.ivy2/cache/org.apache.cxf/cxf-rt-rs-client/bundles/cxf-rt-rs-client-3.0.12.jar">
						<origin-location is-local="false" location="https://repo1.maven.org/maven2/org/apache/cxf/cxf-rt-rs-client/3.0.12/cxf-rt-rs-client-3.0.12.jar"/>
					</artifact>
				</artifacts>
			</revision>
		</module>
		<module organisation="org.apache.cxf" name="cxf-rt-frontend-jaxrs">
			<revision name="3.0.12" status="release" pubdate="20161209194425" resolver="sbt-chain" artresolver="sbt-chain" homepage="http://cxf.apache.org" downloaded="false" searched="false" default="false" conf="compile, runtime(*), master(compile), runtime, compile(*), master" position="43">
				<license name="The Apache Software License, Version 2.0" url="http://www.apache.org/licenses/LICENSE-2.0.txt"/>
				<metadata-artifact status="no" details="" size="66646" time="0" location="/people/khamphousone/.ivy2/cache/org.apache.cxf/cxf-rt-frontend-jaxrs/ivy-3.0.12.xml" searched="false" origin-is-local="false" origin-location="https://repo1.maven.org/maven2/org/apache/cxf/cxf-rt-frontend-jaxrs/3.0.12/cxf-rt-frontend-jaxrs-3.0.12.pom"/>
				<caller organisation="org.apache.cxf" name="cxf-rt-rs-client" conf="compile, runtime" rev="3.0.12" rev-constraint-default="3.0.12" rev-constraint-dynamic="3.0.12" callerrev="3.0.12"/>
				<artifacts>
					<artifact name="cxf-rt-frontend-jaxrs" type="bundle" ext="jar" status="no" details="" size="607239" time="0" location="/people/khamphousone/.ivy2/cache/org.apache.cxf/cxf-rt-frontend-jaxrs/bundles/cxf-rt-frontend-jaxrs-3.0.12.jar">
						<origin-location is-local="false" location="https://repo1.maven.org/maven2/org/apache/cxf/cxf-rt-frontend-jaxrs/3.0.12/cxf-rt-frontend-jaxrs-3.0.12.jar"/>
					</artifact>
				</artifacts>
			</revision>
		</module>
		<module organisation="javax.annotation" name="javax.annotation-api">
			<revision name="1.2" status="release" pubdate="20130426193829" resolver="sbt-chain" artresolver="sbt-chain" homepage="http://jcp.org/en/jsr/detail?id=250" downloaded="false" searched="false" default="false" conf="compile, runtime(*), master(compile), runtime, compile(*), master" position="45">
				<license name="CDDL + GPLv2 with classpath exception" url="https://glassfish.dev.java.net/nonav/public/CDDL+GPL.html"/>
				<metadata-artifact status="no" details="" size="4135" time="0" location="/people/khamphousone/.ivy2/cache/javax.annotation/javax.annotation-api/ivy-1.2.xml" searched="false" origin-is-local="false" origin-location="https://repo1.maven.org/maven2/javax/annotation/javax.annotation-api/1.2/javax.annotation-api-1.2.pom"/>
				<caller organisation="org.apache.cxf" name="cxf-rt-frontend-jaxrs" conf="compile, runtime" rev="1.2" rev-constraint-default="1.2" rev-constraint-dynamic="1.2" callerrev="3.0.12"/>
				<artifacts>
					<artifact name="javax.annotation-api" type="jar" ext="jar" status="no" details="" size="26366" time="0" location="/people/khamphousone/.ivy2/cache/javax.annotation/javax.annotation-api/jars/javax.annotation-api-1.2.jar">
						<origin-location is-local="false" location="https://repo1.maven.org/maven2/javax/annotation/javax.annotation-api/1.2/javax.annotation-api-1.2.jar"/>
					</artifact>
				</artifacts>
			</revision>
		</module>
		<module organisation="javax.ws.rs" name="javax.ws.rs-api">
			<revision name="2.0.1" status="release" pubdate="20140807140813" resolver="sbt-chain" artresolver="sbt-chain" homepage="http://jax-rs-spec.java.net" downloaded="false" searched="false" default="false" conf="compile, runtime(*), master(compile), runtime, compile(*), master" position="44">
				<license name="CDDL 1.1" url="http://glassfish.java.net/public/CDDL+GPL_1_1.html"/>
				<license name="GPL2 w/ CPE" url="http://glassfish.java.net/public/CDDL+GPL_1_1.html"/>
				<metadata-artifact status="no" details="" size="4023" time="0" location="/people/khamphousone/.ivy2/cache/javax.ws.rs/javax.ws.rs-api/ivy-2.0.1.xml" searched="false" origin-is-local="false" origin-location="https://repo1.maven.org/maven2/javax/ws/rs/javax.ws.rs-api/2.0.1/javax.ws.rs-api-2.0.1.pom"/>
				<caller organisation="org.apache.cxf" name="cxf-rt-frontend-jaxrs" conf="compile, runtime" rev="2.0.1" rev-constraint-default="2.0.1" rev-constraint-dynamic="2.0.1" callerrev="3.0.12"/>
				<artifacts>
					<artifact name="javax.ws.rs-api" type="jar" ext="jar" status="no" details="" size="115534" time="0" location="/people/khamphousone/.ivy2/cache/javax.ws.rs/javax.ws.rs-api/jars/javax.ws.rs-api-2.0.1.jar">
						<origin-location is-local="false" location="https://repo1.maven.org/maven2/javax/ws/rs/javax.ws.rs-api/2.0.1/javax.ws.rs-api-2.0.1.jar"/>
					</artifact>
				</artifacts>
			</revision>
		</module>
		<module organisation="org.apache.cxf" name="cxf-rt-transports-http">
			<revision name="3.0.12" status="release" pubdate="20161209194305" resolver="sbt-chain" artresolver="sbt-chain" homepage="http://cxf.apache.org" downloaded="false" searched="false" default="false" conf="compile, runtime(*), master(compile), runtime, compile(*), master" position="38">
				<license name="The Apache Software License, Version 2.0" url="http://www.apache.org/licenses/LICENSE-2.0.txt"/>
				<metadata-artifact status="no" details="" size="64703" time="0" location="/people/khamphousone/.ivy2/cache/org.apache.cxf/cxf-rt-transports-http/ivy-3.0.12.xml" searched="false" origin-is-local="false" origin-location="https://repo1.maven.org/maven2/org/apache/cxf/cxf-rt-transports-http/3.0.12/cxf-rt-transports-http-3.0.12.pom"/>
				<caller organisation="org.apache.cxf" name="cxf-rt-frontend-jaxrs" conf="compile, runtime" rev="3.0.12" rev-constraint-default="3.0.12" rev-constraint-dynamic="3.0.12" callerrev="3.0.12"/>
				<caller organisation="org.apache.cxf" name="cxf-rt-rs-client" conf="compile, runtime" rev="3.0.12" rev-constraint-default="3.0.12" rev-constraint-dynamic="3.0.12" callerrev="3.0.12"/>
				<artifacts>
					<artifact name="cxf-rt-transports-http" type="bundle" ext="jar" status="no" details="" size="349576" time="0" location="/people/khamphousone/.ivy2/cache/org.apache.cxf/cxf-rt-transports-http/bundles/cxf-rt-transports-http-3.0.12.jar">
						<origin-location is-local="false" location="https://repo1.maven.org/maven2/org/apache/cxf/cxf-rt-transports-http/3.0.12/cxf-rt-transports-http-3.0.12.jar"/>
					</artifact>
				</artifacts>
			</revision>
		</module>
		<module organisation="org.apache.cxf" name="cxf-core">
			<revision name="3.0.12" status="release" pubdate="20161209194028" resolver="sbt-chain" artresolver="sbt-chain" homepage="http://cxf.apache.org" downloaded="false" searched="false" default="false" conf="compile, runtime(*), master(compile), runtime, compile(*), master" position="39">
				<license name="The Apache Software License, Version 2.0" url="http://www.apache.org/licenses/LICENSE-2.0.txt"/>
				<metadata-artifact status="no" details="" size="71038" time="0" location="/people/khamphousone/.ivy2/cache/org.apache.cxf/cxf-core/ivy-3.0.12.xml" searched="false" origin-is-local="false" origin-location="https://repo1.maven.org/maven2/org/apache/cxf/cxf-core/3.0.12/cxf-core-3.0.12.pom"/>
				<caller organisation="org.apache.cxf" name="cxf-rt-frontend-jaxrs" conf="compile, runtime" rev="3.0.12" rev-constraint-default="3.0.12" rev-constraint-dynamic="3.0.12" callerrev="3.0.12"/>
				<caller organisation="org.apache.cxf" name="cxf-rt-transports-http" conf="compile, runtime" rev="3.0.12" rev-constraint-default="3.0.12" rev-constraint-dynamic="3.0.12" callerrev="3.0.12"/>
				<caller organisation="org.apache.cxf" name="cxf-rt-rs-client" conf="compile, runtime" rev="3.0.12" rev-constraint-default="3.0.12" rev-constraint-dynamic="3.0.12" callerrev="3.0.12"/>
				<artifacts>
					<artifact name="cxf-core" type="bundle" ext="jar" status="no" details="" size="1334500" time="0" location="/people/khamphousone/.ivy2/cache/org.apache.cxf/cxf-core/bundles/cxf-core-3.0.12.jar">
						<origin-location is-local="false" location="https://repo1.maven.org/maven2/org/apache/cxf/cxf-core/3.0.12/cxf-core-3.0.12.jar"/>
					</artifact>
				</artifacts>
			</revision>
		</module>
		<module organisation="org.apache.ws.xmlschema" name="xmlschema-core">
			<revision name="2.2.1" status="release" pubdate="20150128222551" resolver="sbt-chain" artresolver="sbt-chain" homepage="" downloaded="false" searched="false" default="false" conf="compile, runtime(*), master(compile), runtime, compile(*), master" position="42">
				<license name="The Apache Software License, Version 2.0" url="http://www.apache.org/licenses/LICENSE-2.0.txt"/>
				<metadata-artifact status="no" details="" size="4903" time="0" location="/people/khamphousone/.ivy2/cache/org.apache.ws.xmlschema/xmlschema-core/ivy-2.2.1.xml" searched="false" origin-is-local="false" origin-location="https://repo1.maven.org/maven2/org/apache/ws/xmlschema/xmlschema-core/2.2.1/xmlschema-core-2.2.1.pom"/>
				<caller organisation="org.apache.cxf" name="cxf-core" conf="compile, runtime" rev="2.2.1" rev-constraint-default="2.2.1" rev-constraint-dynamic="2.2.1" callerrev="3.0.12"/>
				<artifacts>
					<artifact name="xmlschema-core" type="bundle" ext="jar" status="no" details="" size="171989" time="0" location="/people/khamphousone/.ivy2/cache/org.apache.ws.xmlschema/xmlschema-core/bundles/xmlschema-core-2.2.1.jar">
						<origin-location is-local="false" location="https://repo1.maven.org/maven2/org/apache/ws/xmlschema/xmlschema-core/2.2.1/xmlschema-core-2.2.1.jar"/>
					</artifact>
				</artifacts>
			</revision>
		</module>
		<module organisation="org.codehaus.woodstox" name="woodstox-core-asl">
			<revision name="4.4.1" status="release" pubdate="20140912034817" resolver="sbt-chain" artresolver="sbt-chain" homepage="http://woodstox.codehaus.org" downloaded="false" searched="false" default="false" conf="compile, runtime(*), master(compile), runtime, compile(*), master" position="40">
				<license name="The Apache Software License, Version 2.0" url="http://www.apache.org/licenses/LICENSE-2.0.txt"/>
				<metadata-artifact status="no" details="" size="2917" time="0" location="/people/khamphousone/.ivy2/cache/org.codehaus.woodstox/woodstox-core-asl/ivy-4.4.1.xml" searched="false" origin-is-local="false" origin-location="https://repo1.maven.org/maven2/org/codehaus/woodstox/woodstox-core-asl/4.4.1/woodstox-core-asl-4.4.1.pom"/>
				<caller organisation="org.apache.cxf" name="cxf-core" conf="compile, runtime" rev="4.4.1" rev-constraint-default="4.4.1" rev-constraint-dynamic="4.4.1" callerrev="3.0.12"/>
				<artifacts>
					<artifact name="woodstox-core-asl" type="jar" ext="jar" status="no" details="" size="486013" time="0" location="/people/khamphousone/.ivy2/cache/org.codehaus.woodstox/woodstox-core-asl/jars/woodstox-core-asl-4.4.1.jar">
						<origin-location is-local="false" location="https://repo1.maven.org/maven2/org/codehaus/woodstox/woodstox-core-asl/4.4.1/woodstox-core-asl-4.4.1.jar"/>
					</artifact>
				</artifacts>
			</revision>
		</module>
		<module organisation="org.codehaus.woodstox" name="stax2-api">
			<revision name="3.1.4" status="release" pubdate="20140228072027" resolver="sbt-chain" artresolver="sbt-chain" homepage="http://wiki.fasterxml.com/WoodstoxStax2" downloaded="false" searched="false" default="false" conf="compile, runtime(*), master(compile), runtime, compile(*), master" position="41">
				<license name="The BSD License" url="http://www.opensource.org/licenses/bsd-license.php"/>
				<metadata-artifact status="no" details="" size="3477" time="0" location="/people/khamphousone/.ivy2/cache/org.codehaus.woodstox/stax2-api/ivy-3.1.4.xml" searched="false" origin-is-local="false" origin-location="https://repo1.maven.org/maven2/org/codehaus/woodstox/stax2-api/3.1.4/stax2-api-3.1.4.pom"/>
				<caller organisation="org.codehaus.woodstox" name="woodstox-core-asl" conf="compile, runtime" rev="3.1.4" rev-constraint-default="3.1.4" rev-constraint-dynamic="3.1.4" callerrev="4.4.1"/>
				<artifacts>
					<artifact name="stax2-api" type="bundle" ext="jar" status="no" details="" size="161867" time="0" location="/people/khamphousone/.ivy2/cache/org.codehaus.woodstox/stax2-api/bundles/stax2-api-3.1.4.jar">
						<origin-location is-local="false" location="https://repo1.maven.org/maven2/org/codehaus/woodstox/stax2-api/3.1.4/stax2-api-3.1.4.jar"/>
					</artifact>
				</artifacts>
			</revision>
		</module>
		<module organisation="com.optimaize.languagedetector" name="language-detector">
			<revision name="0.5" status="release" pubdate="20150405074628" resolver="sbt-chain" artresolver="sbt-chain" homepage="https://github.com/optimaize/language-detector" downloaded="false" searched="false" default="false" conf="compile, runtime(*), master(compile), runtime, compile(*), master" position="33">
				<license name="Apache 2" url="http://www.apache.org/licenses/LICENSE-2.0"/>
				<metadata-artifact status="no" details="" size="4372" time="0" location="/people/khamphousone/.ivy2/cache/com.optimaize.languagedetector/language-detector/ivy-0.5.xml" searched="false" origin-is-local="false" origin-location="https://repo1.maven.org/maven2/com/optimaize/languagedetector/language-detector/0.5/language-detector-0.5.pom"/>
				<caller organisation="org.apache.tika" name="tika-langdetect" conf="default, compile, runtime, master" rev="0.5" rev-constraint-default="0.5" rev-constraint-dynamic="0.5" callerrev="1.16"/>
				<artifacts>
					<artifact name="language-detector" type="jar" ext="jar" status="no" details="" size="1877551" time="0" location="/people/khamphousone/.ivy2/cache/com.optimaize.languagedetector/language-detector/jars/language-detector-0.5.jar">
						<origin-location is-local="false" location="https://repo1.maven.org/maven2/com/optimaize/languagedetector/language-detector/0.5/language-detector-0.5.jar"/>
					</artifact>
				</artifacts>
			</revision>
		</module>
		<module organisation="com.google.guava" name="guava">
			<revision name="16.0.1" status="release" pubdate="20140203234528" resolver="sbt-chain" artresolver="sbt-chain" homepage="" downloaded="false" searched="false" default="false" conf="compile, runtime(*), master(compile), runtime, compile(*), master" position="36">
				<license name="The Apache Software License, Version 2.0" url="http://www.apache.org/licenses/LICENSE-2.0.txt"/>
				<metadata-artifact status="no" details="" size="5619" time="0" location="/people/khamphousone/.ivy2/cache/com.google.guava/guava/ivy-16.0.1.xml" searched="false" origin-is-local="false" origin-location="https://repo1.maven.org/maven2/com/google/guava/guava/16.0.1/guava-16.0.1.pom"/>
				<caller organisation="com.optimaize.languagedetector" name="language-detector" conf="compile, runtime" rev="16.0.1" rev-constraint-default="16.0.1" rev-constraint-dynamic="16.0.1" callerrev="0.5"/>
				<artifacts>
					<artifact name="guava" type="bundle" ext="jar" status="no" details="" size="2228009" time="0" location="/people/khamphousone/.ivy2/cache/com.google.guava/guava/bundles/guava-16.0.1.jar">
						<origin-location is-local="false" location="https://repo1.maven.org/maven2/com/google/guava/guava/16.0.1/guava-16.0.1.jar"/>
					</artifact>
				</artifacts>
			</revision>
		</module>
		<module organisation="net.arnx" name="jsonic">
			<revision name="1.2.11" status="release" pubdate="20120408072425" resolver="sbt-chain" artresolver="sbt-chain" homepage="http://jsonic.sourceforge.jp/" downloaded="false" searched="false" default="false" conf="compile, runtime(*), master(compile), runtime, compile(*), master" position="34">
				<license name="The Apache Software License, Version 2.0" url="http://www.apache.org/licenses/LICENSE-2.0.txt"/>
				<metadata-artifact status="no" details="" size="3067" time="0" location="/people/khamphousone/.ivy2/cache/net.arnx/jsonic/ivy-1.2.11.xml" searched="false" origin-is-local="false" origin-location="https://repo1.maven.org/maven2/net/arnx/jsonic/1.2.11/jsonic-1.2.11.pom"/>
				<caller organisation="com.optimaize.languagedetector" name="language-detector" conf="compile, runtime" rev="1.2.11" rev-constraint-default="1.2.11" rev-constraint-dynamic="1.2.11" callerrev="0.5"/>
				<artifacts>
					<artifact name="jsonic" type="jar" ext="jar" status="no" details="" size="161385" time="0" location="/people/khamphousone/.ivy2/cache/net.arnx/jsonic/jars/jsonic-1.2.11.jar">
						<origin-location is-local="false" location="https://repo1.maven.org/maven2/net/arnx/jsonic/1.2.11/jsonic-1.2.11.jar"/>
					</artifact>
				</artifacts>
			</revision>
		</module>
		<module organisation="org.apache.tika" name="tika-core">
			<revision name="1.16" status="release" pubdate="20170708040206" resolver="sbt-chain" artresolver="sbt-chain" homepage="http://tika.apache.org/" downloaded="false" searched="false" default="false" conf="compile, runtime(*), master(compile), runtime, compile(*), master" position="32">
				<license name="Apache License, Version 2.0" url="http://www.apache.org/licenses/LICENSE-2.0.txt"/>
				<metadata-artifact status="no" details="" size="6737" time="0" location="/people/khamphousone/.ivy2/cache/org.apache.tika/tika-core/ivy-1.16.xml" searched="false" origin-is-local="false" origin-location="https://repo1.maven.org/maven2/org/apache/tika/tika-core/1.16/tika-core-1.16.pom"/>
				<caller organisation="org.apache.tika" name="tika-langdetect" conf="default, compile, runtime, master" rev="1.16" rev-constraint-default="1.16" rev-constraint-dynamic="1.16" callerrev="1.16"/>
				<artifacts>
					<artifact name="tika-core" type="bundle" ext="jar" status="no" details="" size="647281" time="0" location="/people/khamphousone/.ivy2/cache/org.apache.tika/tika-core/bundles/tika-core-1.16.jar">
						<origin-location is-local="false" location="https://repo1.maven.org/maven2/org/apache/tika/tika-core/1.16/tika-core-1.16.jar"/>
					</artifact>
				</artifacts>
			</revision>
		</module>
		<module organisation="org.apache.jena" name="apache-jena-libs">
			<revision name="3.1.0" status="release" pubdate="20160510140523" resolver="sbt-chain" artresolver="sbt-chain" homepage="" downloaded="false" searched="false" default="false" conf="default, compile, runtime, default(compile), master" position="5">
				<license name="The Apache Software License, Version 2.0" url="http://www.apache.org/licenses/LICENSE-2.0.txt"/>
				<metadata-artifact status="no" details="" size="12674" time="0" location="/people/khamphousone/.ivy2/cache/org.apache.jena/apache-jena-libs/ivy-3.1.0.xml" searched="false" origin-is-local="false" origin-location="https://repo1.maven.org/maven2/org/apache/jena/apache-jena-libs/3.1.0/apache-jena-libs-3.1.0.pom"/>
				<caller organisation="test" name="test_2.12" conf="test, compile, runtime" rev="3.1.0" rev-constraint-default="3.1.0" rev-constraint-dynamic="3.1.0" callerrev="1.0"/>
				<artifacts>
				</artifacts>
			</revision>
		</module>
		<module organisation="org.apache.jena" name="jena-tdb">
			<revision name="3.1.0" status="release" pubdate="20160510140458" resolver="sbt-chain" artresolver="sbt-chain" homepage="" downloaded="false" searched="false" default="false" conf="compile, runtime(*), master(compile), runtime, compile(*), master" position="6">
				<license name="The Apache Software License, Version 2.0" url="http://www.apache.org/licenses/LICENSE-2.0.txt"/>
				<metadata-artifact status="no" details="" size="13763" time="0" location="/people/khamphousone/.ivy2/cache/org.apache.jena/jena-tdb/ivy-3.1.0.xml" searched="false" origin-is-local="false" origin-location="https://repo1.maven.org/maven2/org/apache/jena/jena-tdb/3.1.0/jena-tdb-3.1.0.pom"/>
				<caller organisation="org.apache.jena" name="apache-jena-libs" conf="default, compile, runtime, master" rev="3.1.0" rev-constraint-default="3.1.0" rev-constraint-dynamic="3.1.0" callerrev="3.1.0"/>
				<artifacts>
					<artifact name="jena-tdb" type="jar" ext="jar" status="no" details="" size="527168" time="0" location="/people/khamphousone/.ivy2/cache/org.apache.jena/jena-tdb/jars/jena-tdb-3.1.0.jar">
						<origin-location is-local="false" location="https://repo1.maven.org/maven2/org/apache/jena/jena-tdb/3.1.0/jena-tdb-3.1.0.jar"/>
					</artifact>
				</artifacts>
			</revision>
		</module>
		<module organisation="org.apache.jena" name="jena-arq">
			<revision name="3.1.0" status="release" pubdate="20160510140310" resolver="sbt-chain" artresolver="sbt-chain" homepage="" downloaded="false" searched="false" default="false" conf="compile, runtime(*), master(compile), runtime, compile(*), master" position="7">
				<license name="The Apache Software License, Version 2.0" url="http://www.apache.org/licenses/LICENSE-2.0.txt"/>
				<metadata-artifact status="no" details="" size="15937" time="0" location="/people/khamphousone/.ivy2/cache/org.apache.jena/jena-arq/ivy-3.1.0.xml" searched="false" origin-is-local="false" origin-location="https://repo1.maven.org/maven2/org/apache/jena/jena-arq/3.1.0/jena-arq-3.1.0.pom"/>
				<caller organisation="org.apache.jena" name="jena-tdb" conf="compile, runtime" rev="3.1.0" rev-constraint-default="3.1.0" rev-constraint-dynamic="3.1.0" callerrev="3.1.0"/>
				<artifacts>
					<artifact name="jena-arq" type="jar" ext="jar" status="no" details="" size="2824632" time="0" location="/people/khamphousone/.ivy2/cache/org.apache.jena/jena-arq/jars/jena-arq-3.1.0.jar">
						<origin-location is-local="false" location="https://repo1.maven.org/maven2/org/apache/jena/jena-arq/3.1.0/jena-arq-3.1.0.jar"/>
					</artifact>
				</artifacts>
			</revision>
		</module>
		<module organisation="org.slf4j" name="jcl-over-slf4j">
			<revision name="1.7.20" status="release" pubdate="20160329171321" resolver="sbt-chain" artresolver="sbt-chain" homepage="http://www.slf4j.org" downloaded="false" searched="false" default="false" conf="compile, runtime(*), master(compile), runtime, compile(*), master" position="29">
				<license name="MIT License" url="http://www.opensource.org/licenses/mit-license.php"/>
				<metadata-artifact status="no" details="" size="5275" time="0" location="/people/khamphousone/.ivy2/cache/org.slf4j/jcl-over-slf4j/ivy-1.7.20.xml" searched="false" origin-is-local="false" origin-location="https://repo1.maven.org/maven2/org/slf4j/jcl-over-slf4j/1.7.20/jcl-over-slf4j-1.7.20.pom"/>
				<caller organisation="org.apache.jena" name="jena-arq" conf="compile, runtime" rev="1.7.20" rev-constraint-default="1.7.20" rev-constraint-dynamic="1.7.20" callerrev="3.1.0"/>
				<caller organisation="com.github.jsonld-java" name="jsonld-java" conf="compile, runtime" rev="1.7.9" rev-constraint-default="1.7.9" rev-constraint-dynamic="1.7.9" callerrev="0.7.0"/>
				<artifacts>
					<artifact name="jcl-over-slf4j" type="jar" ext="jar" status="no" details="" size="16431" time="0" location="/people/khamphousone/.ivy2/cache/org.slf4j/jcl-over-slf4j/jars/jcl-over-slf4j-1.7.20.jar">
						<origin-location is-local="false" location="https://repo1.maven.org/maven2/org/slf4j/jcl-over-slf4j/1.7.20/jcl-over-slf4j-1.7.20.jar"/>
					</artifact>
				</artifacts>
			</revision>
			<revision name="1.7.9" evicted="latest-revision" evicted-reason="" downloaded="false" searched="false" conf="compile, runtime(*), master(compile), runtime, compile(*), master" position="-1">
				<evicted-by rev="1.7.20"/>
				<caller organisation="com.github.jsonld-java" name="jsonld-java" conf="compile, runtime" rev="1.7.9" rev-constraint-default="1.7.9" rev-constraint-dynamic="1.7.9" callerrev="0.7.0"/>
				<artifacts>
				</artifacts>
			</revision>
		</module>
		<module organisation="org.apache.thrift" name="libthrift">
			<revision name="0.9.2" status="release" pubdate="20141118191911" resolver="sbt-chain" artresolver="sbt-chain" homepage="http://thrift.apache.org" downloaded="false" searched="false" default="false" conf="compile, runtime(*), master(compile), runtime, compile(*), master" position="28">
				<license name="The Apache Software License, Version 2.0" url="http://www.apache.org/licenses/LICENSE-2.0.txt"/>
				<metadata-artifact status="no" details="" size="3180" time="0" location="/people/khamphousone/.ivy2/cache/org.apache.thrift/libthrift/ivy-0.9.2.xml" searched="false" origin-is-local="false" origin-location="https://repo1.maven.org/maven2/org/apache/thrift/libthrift/0.9.2/libthrift-0.9.2.pom"/>
				<caller organisation="org.apache.jena" name="jena-arq" conf="compile, runtime" rev="0.9.2" rev-constraint-default="0.9.2" rev-constraint-dynamic="0.9.2" callerrev="3.1.0"/>
				<artifacts>
					<artifact name="libthrift" type="jar" ext="jar" status="no" details="" size="227712" time="0" location="/people/khamphousone/.ivy2/cache/org.apache.thrift/libthrift/jars/libthrift-0.9.2.jar">
						<origin-location is-local="false" location="https://repo1.maven.org/maven2/org/apache/thrift/libthrift/0.9.2/libthrift-0.9.2.jar"/>
					</artifact>
				</artifacts>
			</revision>
		</module>
		<module organisation="org.apache.httpcomponents" name="httpclient-cache">
			<revision name="4.2.6" status="release" pubdate="20130904201740" resolver="sbt-chain" artresolver="sbt-chain" homepage="http://hc.apache.org/httpcomponents-client" downloaded="false" searched="false" default="false" conf="compile, runtime(*), master(compile), runtime, compile(*), master" position="27">
				<license name="Apache License" url="LICENSE.txt"/>
				<metadata-artifact status="no" details="" size="9886" time="0" location="/people/khamphousone/.ivy2/cache/org.apache.httpcomponents/httpclient-cache/ivy-4.2.6.xml" searched="false" origin-is-local="false" origin-location="https://repo1.maven.org/maven2/org/apache/httpcomponents/httpclient-cache/4.2.6/httpclient-cache-4.2.6.pom"/>
				<caller organisation="org.apache.jena" name="jena-arq" conf="compile, runtime" rev="4.2.6" rev-constraint-default="4.2.6" rev-constraint-dynamic="4.2.6" callerrev="3.1.0"/>
				<artifacts>
					<artifact name="httpclient-cache" type="jar" ext="jar" status="no" details="" size="116592" time="0" location="/people/khamphousone/.ivy2/cache/org.apache.httpcomponents/httpclient-cache/jars/httpclient-cache-4.2.6.jar">
						<origin-location is-local="false" location="https://repo1.maven.org/maven2/org/apache/httpcomponents/httpclient-cache/4.2.6/httpclient-cache-4.2.6.jar"/>
					</artifact>
				</artifacts>
			</revision>
		</module>
		<module organisation="com.github.jsonld-java" name="jsonld-java">
			<revision name="0.7.0" status="release" pubdate="20150930045137" resolver="sbt-chain" artresolver="sbt-chain" homepage="" downloaded="false" searched="false" default="false" conf="compile, runtime(*), master(compile), runtime, compile(*), master" position="22">
				<license name="Revised BSD License" url="https://raw.github.com/jsonld-java/jsonld-java/master/LICENCE"/>
				<metadata-artifact status="no" details="" size="7127" time="0" location="/people/khamphousone/.ivy2/cache/com.github.jsonld-java/jsonld-java/ivy-0.7.0.xml" searched="false" origin-is-local="false" origin-location="https://repo1.maven.org/maven2/com/github/jsonld-java/jsonld-java/0.7.0/jsonld-java-0.7.0.pom"/>
				<caller organisation="org.apache.jena" name="jena-arq" conf="compile, runtime" rev="0.7.0" rev-constraint-default="0.7.0" rev-constraint-dynamic="0.7.0" callerrev="3.1.0"/>
				<artifacts>
					<artifact name="jsonld-java" type="bundle" ext="jar" status="no" details="" size="120497" time="0" location="/people/khamphousone/.ivy2/cache/com.github.jsonld-java/jsonld-java/bundles/jsonld-java-0.7.0.jar">
						<origin-location is-local="false" location="https://repo1.maven.org/maven2/com/github/jsonld-java/jsonld-java/0.7.0/jsonld-java-0.7.0.jar"/>
					</artifact>
				</artifacts>
			</revision>
		</module>
		<module organisation="com.fasterxml.jackson.core" name="jackson-databind">
			<revision name="2.3.3" status="release" pubdate="20140410185535" resolver="sbt-chain" artresolver="sbt-chain" homepage="http://wiki.fasterxml.com/JacksonHome" downloaded="false" searched="false" default="false" conf="compile, runtime(*), master(compile), runtime, compile(*), master" position="24">
				<license name="The Apache Software License, Version 2.0" url="http://www.apache.org/licenses/LICENSE-2.0.txt"/>
				<license name="GNU Lesser General Public License, Version 2.1" url="http://www.gnu.org/licenses/lgpl-2.1.html"/>
				<metadata-artifact status="no" details="" size="7616" time="0" location="/people/khamphousone/.ivy2/cache/com.fasterxml.jackson.core/jackson-databind/ivy-2.3.3.xml" searched="false" origin-is-local="false" origin-location="https://repo1.maven.org/maven2/com/fasterxml/jackson/core/jackson-databind/2.3.3/jackson-databind-2.3.3.pom"/>
				<caller organisation="com.github.jsonld-java" name="jsonld-java" conf="compile, runtime" rev="2.3.3" rev-constraint-default="2.3.3" rev-constraint-dynamic="2.3.3" callerrev="0.7.0"/>
				<artifacts>
					<artifact name="jackson-databind" type="bundle" ext="jar" status="no" details="" size="915481" time="0" location="/people/khamphousone/.ivy2/cache/com.fasterxml.jackson.core/jackson-databind/bundles/jackson-databind-2.3.3.jar">
						<origin-location is-local="false" location="https://repo1.maven.org/maven2/com/fasterxml/jackson/core/jackson-databind/2.3.3/jackson-databind-2.3.3.jar"/>
					</artifact>
				</artifacts>
			</revision>
		</module>
		<module organisation="com.fasterxml.jackson.core" name="jackson-annotations">
			<revision name="2.3.0" status="release" pubdate="20131114055645" resolver="sbt-chain" artresolver="sbt-chain" homepage="http://wiki.fasterxml.com/JacksonHome" downloaded="false" searched="false" default="false" conf="compile, runtime(*), master(compile), runtime, compile(*), master" position="25">
				<license name="The Apache Software License, Version 2.0" url="http://www.apache.org/licenses/LICENSE-2.0.txt"/>
				<license name="GNU Lesser General Public License, Version 2.1" url="http://www.gnu.org/licenses/lgpl-2.1.html"/>
				<metadata-artifact status="no" details="" size="5162" time="0" location="/people/khamphousone/.ivy2/cache/com.fasterxml.jackson.core/jackson-annotations/ivy-2.3.0.xml" searched="false" origin-is-local="false" origin-location="https://repo1.maven.org/maven2/com/fasterxml/jackson/core/jackson-annotations/2.3.0/jackson-annotations-2.3.0.pom"/>
				<caller organisation="com.fasterxml.jackson.core" name="jackson-databind" conf="compile, runtime" rev="2.3.0" rev-constraint-default="2.3.0" rev-constraint-dynamic="2.3.0" callerrev="2.3.3"/>
				<artifacts>
					<artifact name="jackson-annotations" type="bundle" ext="jar" status="no" details="" size="35058" time="0" location="/people/khamphousone/.ivy2/cache/com.fasterxml.jackson.core/jackson-annotations/bundles/jackson-annotations-2.3.0.jar">
						<origin-location is-local="false" location="https://repo1.maven.org/maven2/com/fasterxml/jackson/core/jackson-annotations/2.3.0/jackson-annotations-2.3.0.jar"/>
					</artifact>
				</artifacts>
			</revision>
		</module>
		<module organisation="com.fasterxml.jackson.core" name="jackson-core">
			<revision name="2.3.3" status="release" pubdate="20140410184708" resolver="sbt-chain" artresolver="sbt-chain" homepage="http://wiki.fasterxml.com/JacksonHome" downloaded="false" searched="false" default="false" conf="compile, runtime(*), master(compile), runtime, compile(*), master" position="23">
				<license name="The Apache Software License, Version 2.0" url="http://www.apache.org/licenses/LICENSE-2.0.txt"/>
				<license name="GNU Lesser General Public License, Version 2.1" url="http://www.gnu.org/licenses/lgpl-2.1.html"/>
				<metadata-artifact status="no" details="" size="5836" time="0" location="/people/khamphousone/.ivy2/cache/com.fasterxml.jackson.core/jackson-core/ivy-2.3.3.xml" searched="false" origin-is-local="false" origin-location="https://repo1.maven.org/maven2/com/fasterxml/jackson/core/jackson-core/2.3.3/jackson-core-2.3.3.pom"/>
				<caller organisation="com.github.jsonld-java" name="jsonld-java" conf="compile, runtime" rev="2.3.3" rev-constraint-default="2.3.3" rev-constraint-dynamic="2.3.3" callerrev="0.7.0"/>
				<caller organisation="com.fasterxml.jackson.core" name="jackson-databind" conf="compile, runtime" rev="2.3.3" rev-constraint-default="2.3.3" rev-constraint-dynamic="2.3.3" callerrev="2.3.3"/>
				<artifacts>
					<artifact name="jackson-core" type="bundle" ext="jar" status="no" details="" size="199621" time="0" location="/people/khamphousone/.ivy2/cache/com.fasterxml.jackson.core/jackson-core/bundles/jackson-core-2.3.3.jar">
						<origin-location is-local="false" location="https://repo1.maven.org/maven2/com/fasterxml/jackson/core/jackson-core/2.3.3/jackson-core-2.3.3.jar"/>
					</artifact>
				</artifacts>
			</revision>
		</module>
		<module organisation="org.apache.httpcomponents" name="httpclient">
			<revision name="4.2.6" status="release" pubdate="20130904201608" resolver="sbt-chain" artresolver="sbt-chain" homepage="http://hc.apache.org/httpcomponents-client" downloaded="false" searched="false" default="false" conf="compile, runtime(*), master(compile), runtime, compile(*), master" position="19">
				<license name="Apache License" url="LICENSE.txt"/>
				<metadata-artifact status="no" details="" size="9503" time="0" location="/people/khamphousone/.ivy2/cache/org.apache.httpcomponents/httpclient/ivy-4.2.6.xml" searched="false" origin-is-local="false" origin-location="https://repo1.maven.org/maven2/org/apache/httpcomponents/httpclient/4.2.6/httpclient-4.2.6.pom"/>
				<caller organisation="org.apache.httpcomponents" name="httpclient-cache" conf="compile, runtime" rev="4.2.6" rev-constraint-default="4.2.6" rev-constraint-dynamic="4.2.6" callerrev="4.2.6"/>
				<caller organisation="org.apache.thrift" name="libthrift" conf="compile, runtime" rev="4.2.5" rev-constraint-default="4.2.5" rev-constraint-dynamic="4.2.5" callerrev="0.9.2"/>
				<caller organisation="org.apache.jena" name="jena-arq" conf="compile, runtime" rev="4.2.6" rev-constraint-default="4.2.6" rev-constraint-dynamic="4.2.6" callerrev="3.1.0"/>
				<artifacts>
					<artifact name="httpclient" type="jar" ext="jar" status="no" details="" size="435628" time="0" location="/people/khamphousone/.ivy2/cache/org.apache.httpcomponents/httpclient/jars/httpclient-4.2.6.jar">
						<origin-location is-local="false" location="https://repo1.maven.org/maven2/org/apache/httpcomponents/httpclient/4.2.6/httpclient-4.2.6.jar"/>
					</artifact>
				</artifacts>
			</revision>
			<revision name="4.2.5" evicted="latest-revision" evicted-reason="" downloaded="false" searched="false" conf="compile, runtime(*), master(compile), runtime, compile(*), master" position="-1">
				<evicted-by rev="4.2.6"/>
				<caller organisation="org.apache.thrift" name="libthrift" conf="compile, runtime" rev="4.2.5" rev-constraint-default="4.2.5" rev-constraint-dynamic="4.2.5" callerrev="0.9.2"/>
				<artifacts>
				</artifacts>
			</revision>
		</module>
		<module organisation="commons-codec" name="commons-codec">
			<revision name="1.6" status="release" pubdate="20111203033826" resolver="sbt-chain" artresolver="sbt-chain" homepage="http://commons.apache.org/codec/" downloaded="false" searched="false" default="false" conf="compile, runtime(*), master(compile), runtime, compile(*), master" position="21">
				<license name="The Apache Software License, Version 2.0" url="http://www.apache.org/licenses/LICENSE-2.0.txt"/>
				<metadata-artifact status="no" details="" size="7802" time="0" location="/people/khamphousone/.ivy2/cache/commons-codec/commons-codec/ivy-1.6.xml" searched="false" origin-is-local="false" origin-location="https://repo1.maven.org/maven2/commons-codec/commons-codec/1.6/commons-codec-1.6.pom"/>
				<caller organisation="org.apache.httpcomponents" name="httpclient" conf="compile, runtime" rev="1.6" rev-constraint-default="1.6" rev-constraint-dynamic="1.6" callerrev="4.2.6"/>
				<artifacts>
					<artifact name="commons-codec" type="jar" ext="jar" status="no" details="" size="232771" time="0" location="/people/khamphousone/.ivy2/cache/commons-codec/commons-codec/jars/commons-codec-1.6.jar">
						<origin-location is-local="false" location="https://repo1.maven.org/maven2/commons-codec/commons-codec/1.6/commons-codec-1.6.jar"/>
					</artifact>
				</artifacts>
			</revision>
		</module>
		<module organisation="commons-logging" name="commons-logging">
			<revision name="1.1.1" status="release" pubdate="20071126212410" resolver="sbt-chain" artresolver="sbt-chain" homepage="http://commons.apache.org/logging" downloaded="false" searched="false" default="false" conf="compile, runtime(*), master(compile), runtime, compile(*)" position="30">
				<license name="The Apache Software License, Version 2.0" url="http://www.apache.org/licenses/LICENSE-2.0.txt"/>
				<metadata-artifact status="no" details="" size="4212" time="0" location="/people/khamphousone/.ivy2/cache/commons-logging/commons-logging/ivy-1.1.1.xml" searched="false" origin-is-local="false" origin-location="https://repo1.maven.org/maven2/commons-logging/commons-logging/1.1.1/commons-logging-1.1.1.pom"/>
				<caller organisation="org.apache.httpcomponents" name="httpclient" conf="compile, runtime" rev="1.1.1" rev-constraint-default="1.1.1" rev-constraint-dynamic="1.1.1" callerrev="4.2.6"/>
				<artifacts>
				</artifacts>
			</revision>
		</module>
		<module organisation="org.apache.httpcomponents" name="httpcore">
			<revision name="4.2.5" status="release" pubdate="20130729171428" resolver="sbt-chain" artresolver="sbt-chain" homepage="http://hc.apache.org/httpcomponents-core-ga" downloaded="false" searched="false" default="false" conf="compile, runtime(*), master(compile), runtime, compile(*), master" position="20">
				<license name="Apache License" url="LICENSE.txt"/>
				<metadata-artifact status="no" details="" size="7534" time="0" location="/people/khamphousone/.ivy2/cache/org.apache.httpcomponents/httpcore/ivy-4.2.5.xml" searched="false" origin-is-local="false" origin-location="https://repo1.maven.org/maven2/org/apache/httpcomponents/httpcore/4.2.5/httpcore-4.2.5.pom"/>
				<caller organisation="org.apache.httpcomponents" name="httpclient" conf="compile, runtime" rev="4.2.5" rev-constraint-default="4.2.5" rev-constraint-dynamic="4.2.5" callerrev="4.2.6"/>
				<artifacts>
					<artifact name="httpcore" type="jar" ext="jar" status="no" details="" size="227708" time="0" location="/people/khamphousone/.ivy2/cache/org.apache.httpcomponents/httpcore/jars/httpcore-4.2.5.jar">
						<origin-location is-local="false" location="https://repo1.maven.org/maven2/org/apache/httpcomponents/httpcore/4.2.5/httpcore-4.2.5.jar"/>
					</artifact>
				</artifacts>
			</revision>
		</module>
		<module organisation="org.apache.jena" name="jena-core">
			<revision name="3.1.0" status="release" pubdate="20160510140142" resolver="sbt-chain" artresolver="sbt-chain" homepage="" downloaded="false" searched="false" default="false" conf="compile, runtime(*), master(compile), runtime, compile(*), master" position="8">
				<license name="The Apache Software License, Version 2.0" url="http://www.apache.org/licenses/LICENSE-2.0.txt"/>
				<metadata-artifact status="no" details="" size="14272" time="0" location="/people/khamphousone/.ivy2/cache/org.apache.jena/jena-core/ivy-3.1.0.xml" searched="false" origin-is-local="false" origin-location="https://repo1.maven.org/maven2/org/apache/jena/jena-core/3.1.0/jena-core-3.1.0.pom"/>
				<caller organisation="org.apache.jena" name="jena-arq" conf="compile, runtime" rev="3.1.0" rev-constraint-default="3.1.0" rev-constraint-dynamic="3.1.0" callerrev="3.1.0"/>
				<artifacts>
					<artifact name="jena-core" type="jar" ext="jar" status="no" details="" size="1398764" time="0" location="/people/khamphousone/.ivy2/cache/org.apache.jena/jena-core/jars/jena-core-3.1.0.jar">
						<origin-location is-local="false" location="https://repo1.maven.org/maven2/org/apache/jena/jena-core/3.1.0/jena-core-3.1.0.jar"/>
					</artifact>
				</artifacts>
			</revision>
		</module>
		<module organisation="org.apache.jena" name="jena-base">
			<revision name="3.1.0" status="release" pubdate="20160510140045" resolver="sbt-chain" artresolver="sbt-chain" homepage="" downloaded="false" searched="false" default="false" conf="compile, runtime(*), master(compile), runtime, compile(*), master" position="14">
				<license name="The Apache Software License, Version 2.0" url="http://www.apache.org/licenses/LICENSE-2.0.txt"/>
				<metadata-artifact status="no" details="" size="13562" time="0" location="/people/khamphousone/.ivy2/cache/org.apache.jena/jena-base/ivy-3.1.0.xml" searched="false" origin-is-local="false" origin-location="https://repo1.maven.org/maven2/org/apache/jena/jena-base/3.1.0/jena-base-3.1.0.pom"/>
				<caller organisation="org.apache.jena" name="jena-core" conf="compile, runtime" rev="3.1.0" rev-constraint-default="3.1.0" rev-constraint-dynamic="3.1.0" callerrev="3.1.0"/>
				<artifacts>
					<artifact name="jena-base" type="jar" ext="jar" status="no" details="" size="216497" time="0" location="/people/khamphousone/.ivy2/cache/org.apache.jena/jena-base/jars/jena-base-3.1.0.jar">
						<origin-location is-local="false" location="https://repo1.maven.org/maven2/org/apache/jena/jena-base/3.1.0/jena-base-3.1.0.jar"/>
					</artifact>
				</artifacts>
			</revision>
		</module>
		<module organisation="com.github.andrewoma.dexx" name="collection">
			<revision name="0.6" status="release" pubdate="20160407223003" resolver="sbt-chain" artresolver="sbt-chain" homepage="https://github.com/andrewoma/dexx" downloaded="false" searched="false" default="false" conf="compile, runtime(*), master(compile), runtime, compile(*), master" position="18">
				<license name="MIT License" url="http://www.opensource.org/licenses/mit-license.php"/>
				<metadata-artifact status="no" details="" size="3152" time="0" location="/people/khamphousone/.ivy2/cache/com.github.andrewoma.dexx/collection/ivy-0.6.xml" searched="false" origin-is-local="false" origin-location="https://repo1.maven.org/maven2/com/github/andrewoma/dexx/collection/0.6/collection-0.6.pom"/>
				<caller organisation="org.apache.jena" name="jena-base" conf="compile, runtime" rev="0.6" rev-constraint-default="0.6" rev-constraint-dynamic="0.6" callerrev="3.1.0"/>
				<artifacts>
					<artifact name="collection" type="jar" ext="jar" status="no" details="" size="162639" time="0" location="/people/khamphousone/.ivy2/cache/com.github.andrewoma.dexx/collection/jars/collection-0.6.jar">
						<origin-location is-local="false" location="https://repo1.maven.org/maven2/com/github/andrewoma/dexx/collection/0.6/collection-0.6.jar"/>
					</artifact>
				</artifacts>
			</revision>
		</module>
		<module organisation="com.intellij" name="annotations">
			<revision name="12.0" status="release" pubdate="20130224194859" resolver="sbt-chain" artresolver="sbt-chain" homepage="http://www.jetbrains.org" downloaded="false" searched="false" default="false" conf="compile, runtime(*), master(compile), runtime, compile(*), master" position="35">
				<license name="Apache License 2" url="http://www.apache.org/licenses/LICENSE-2.0.txt"/>
				<metadata-artifact status="no" details="" size="2621" time="0" location="/people/khamphousone/.ivy2/cache/com.intellij/annotations/ivy-12.0.xml" searched="false" origin-is-local="false" origin-location="https://repo1.maven.org/maven2/com/intellij/annotations/12.0/annotations-12.0.pom"/>
				<caller organisation="com.optimaize.languagedetector" name="language-detector" conf="compile, runtime" rev="12.0" rev-constraint-default="12.0" rev-constraint-dynamic="12.0" callerrev="0.5"/>
				<artifacts>
					<artifact name="annotations" type="jar" ext="jar" status="no" details="" size="20195" time="0" location="/people/khamphousone/.ivy2/cache/com.intellij/annotations/jars/annotations-12.0.jar">
						<origin-location is-local="false" location="https://repo1.maven.org/maven2/com/intellij/annotations/12.0/annotations-12.0.jar"/>
					</artifact>
				</artifacts>
			</revision>
		</module>
		<module organisation="org.apache.commons" name="commons-lang3">
			<revision name="3.3.2" status="release" pubdate="20140406142129" resolver="sbt-chain" artresolver="sbt-chain" homepage="http://commons.apache.org/proper/commons-lang/" downloaded="false" searched="false" default="false" conf="compile, runtime(*), master(compile), runtime, compile(*), master" position="17">
				<license name="The Apache Software License, Version 2.0" url="http://www.apache.org/licenses/LICENSE-2.0.txt"/>
				<metadata-artifact status="no" details="" size="10669" time="0" location="/people/khamphousone/.ivy2/cache/org.apache.commons/commons-lang3/ivy-3.3.2.xml" searched="false" origin-is-local="false" origin-location="https://repo1.maven.org/maven2/org/apache/commons/commons-lang3/3.3.2/commons-lang3-3.3.2.pom"/>
				<caller organisation="org.apache.jena" name="jena-base" conf="compile, runtime" rev="3.3.2" rev-constraint-default="3.3.2" rev-constraint-dynamic="3.3.2" callerrev="3.1.0"/>
				<caller organisation="org.apache.jena" name="jena-arq" conf="compile, runtime" rev="3.3.2" rev-constraint-default="3.3.2" rev-constraint-dynamic="3.3.2" callerrev="3.1.0"/>
				<artifacts>
					<artifact name="commons-lang3" type="jar" ext="jar" status="no" details="" size="412739" time="0" location="/people/khamphousone/.ivy2/cache/org.apache.commons/commons-lang3/jars/commons-lang3-3.3.2.jar">
						<origin-location is-local="false" location="https://repo1.maven.org/maven2/org/apache/commons/commons-lang3/3.3.2/commons-lang3-3.3.2.jar"/>
					</artifact>
				</artifacts>
			</revision>
		</module>
		<module organisation="org.apache.commons" name="commons-csv">
			<revision name="1.0" status="release" pubdate="20140810134615" resolver="sbt-chain" artresolver="sbt-chain" homepage="http://commons.apache.org/proper/commons-csv/" downloaded="false" searched="false" default="false" conf="compile, runtime(*), master(compile), runtime, compile(*), master" position="16">
				<license name="The Apache Software License, Version 2.0" url="http://www.apache.org/licenses/LICENSE-2.0.txt"/>
				<metadata-artifact status="no" details="" size="10793" time="0" location="/people/khamphousone/.ivy2/cache/org.apache.commons/commons-csv/ivy-1.0.xml" searched="false" origin-is-local="false" origin-location="https://repo1.maven.org/maven2/org/apache/commons/commons-csv/1.0/commons-csv-1.0.pom"/>
				<caller organisation="org.apache.jena" name="jena-base" conf="compile, runtime" rev="1.0" rev-constraint-default="1.0" rev-constraint-dynamic="1.0" callerrev="3.1.0"/>
				<caller organisation="org.apache.jena" name="jena-arq" conf="compile, runtime" rev="1.0" rev-constraint-default="1.0" rev-constraint-dynamic="1.0" callerrev="3.1.0"/>
				<artifacts>
					<artifact name="commons-csv" type="jar" ext="jar" status="no" details="" size="34827" time="0" location="/people/khamphousone/.ivy2/cache/org.apache.commons/commons-csv/jars/commons-csv-1.0.jar">
						<origin-location is-local="false" location="https://repo1.maven.org/maven2/org/apache/commons/commons-csv/1.0/commons-csv-1.0.jar"/>
					</artifact>
				</artifacts>
			</revision>
		</module>
		<module organisation="commons-io" name="commons-io">
			<revision name="2.4" status="release" pubdate="20120613002206" resolver="sbt-chain" artresolver="sbt-chain" homepage="http://commons.apache.org/io/" downloaded="false" searched="false" default="false" conf="compile, runtime(*), master(compile), runtime, compile(*), master" position="26">
				<license name="The Apache Software License, Version 2.0" url="http://www.apache.org/licenses/LICENSE-2.0.txt"/>
				<metadata-artifact status="no" details="" size="8704" time="0" location="/people/khamphousone/.ivy2/cache/commons-io/commons-io/ivy-2.4.xml" searched="false" origin-is-local="false" origin-location="https://repo1.maven.org/maven2/commons-io/commons-io/2.4/commons-io-2.4.pom"/>
				<caller organisation="com.github.jsonld-java" name="jsonld-java" conf="compile, runtime" rev="2.4" rev-constraint-default="2.4" rev-constraint-dynamic="2.4" callerrev="0.7.0"/>
				<artifacts>
					<artifact name="commons-io" type="jar" ext="jar" status="no" details="" size="185140" time="0" location="/people/khamphousone/.ivy2/cache/commons-io/commons-io/jars/commons-io-2.4.jar">
						<origin-location is-local="false" location="https://repo1.maven.org/maven2/commons-io/commons-io/2.4/commons-io-2.4.jar"/>
					</artifact>
				</artifacts>
			</revision>
		</module>
		<module organisation="org.apache.jena" name="jena-shaded-guava">
			<revision name="3.1.0" status="release" pubdate="20160510135955" resolver="sbt-chain" artresolver="sbt-chain" homepage="" downloaded="false" searched="false" default="false" conf="compile, runtime(*), master(compile), runtime, compile(*), master" position="15">
				<license name="The Apache Software License, Version 2.0" url="http://www.apache.org/licenses/LICENSE-2.0.txt"/>
				<metadata-artifact status="no" details="" size="12896" time="0" location="/people/khamphousone/.ivy2/cache/org.apache.jena/jena-shaded-guava/ivy-3.1.0.xml" searched="false" origin-is-local="false" origin-location="https://repo1.maven.org/maven2/org/apache/jena/jena-shaded-guava/3.1.0/jena-shaded-guava-3.1.0.pom"/>
				<caller organisation="org.apache.jena" name="jena-base" conf="compile, runtime" rev="3.1.0" rev-constraint-default="3.1.0" rev-constraint-dynamic="3.1.0" callerrev="3.1.0"/>
				<caller organisation="org.apache.jena" name="jena-arq" conf="compile, runtime" rev="3.1.0" rev-constraint-default="3.1.0" rev-constraint-dynamic="3.1.0" callerrev="3.1.0"/>
				<artifacts>
					<artifact name="jena-shaded-guava" type="jar" ext="jar" status="no" details="" size="2363629" time="0" location="/people/khamphousone/.ivy2/cache/org.apache.jena/jena-shaded-guava/jars/jena-shaded-guava-3.1.0.jar">
						<origin-location is-local="false" location="https://repo1.maven.org/maven2/org/apache/jena/jena-shaded-guava/3.1.0/jena-shaded-guava-3.1.0.jar"/>
					</artifact>
				</artifacts>
			</revision>
		</module>
		<module organisation="commons-cli" name="commons-cli">
			<revision name="1.3" status="release" pubdate="20150503165418" resolver="sbt-chain" artresolver="sbt-chain" homepage="http://commons.apache.org/proper/commons-cli/" downloaded="false" searched="false" default="false" conf="compile, runtime(*), master(compile), runtime, compile(*), master" position="13">
				<license name="Apache License, Version 2.0" url="http://www.apache.org/licenses/LICENSE-2.0.txt"/>
				<metadata-artifact status="no" details="" size="10815" time="0" location="/people/khamphousone/.ivy2/cache/commons-cli/commons-cli/ivy-1.3.xml" searched="false" origin-is-local="false" origin-location="https://repo1.maven.org/maven2/commons-cli/commons-cli/1.3/commons-cli-1.3.pom"/>
				<caller organisation="org.apache.jena" name="jena-core" conf="compile, runtime" rev="1.3" rev-constraint-default="1.3" rev-constraint-dynamic="1.3" callerrev="3.1.0"/>
				<artifacts>
					<artifact name="commons-cli" type="jar" ext="jar" status="no" details="" size="52946" time="0" location="/people/khamphousone/.ivy2/cache/commons-cli/commons-cli/jars/commons-cli-1.3.jar">
						<origin-location is-local="false" location="https://repo1.maven.org/maven2/commons-cli/commons-cli/1.3/commons-cli-1.3.jar"/>
					</artifact>
				</artifacts>
			</revision>
		</module>
		<module organisation="xerces" name="xercesImpl">
			<revision name="2.11.0" status="release" pubdate="20130220212006" resolver="sbt-chain" artresolver="sbt-chain" homepage="https://xerces.apache.org/xerces2-j/" downloaded="false" searched="false" default="false" conf="compile, runtime(*), master(compile), runtime, compile(*), master" position="11">
				<license name="The Apache Software License, Version 2.0" url="http://www.apache.org/licenses/LICENSE-2.0.txt"/>
				<metadata-artifact status="no" details="" size="4398" time="0" location="/people/khamphousone/.ivy2/cache/xerces/xercesImpl/ivy-2.11.0.xml" searched="false" origin-is-local="false" origin-location="https://repo1.maven.org/maven2/xerces/xercesImpl/2.11.0/xercesImpl-2.11.0.pom"/>
				<caller organisation="org.apache.jena" name="jena-core" conf="compile, runtime" rev="2.11.0" rev-constraint-default="2.11.0" rev-constraint-dynamic="2.11.0" callerrev="3.1.0"/>
				<artifacts>
					<artifact name="xercesImpl" type="jar" ext="jar" status="no" details="" size="1367760" time="0" location="/people/khamphousone/.ivy2/cache/xerces/xercesImpl/jars/xercesImpl-2.11.0.jar">
						<origin-location is-local="false" location="https://repo1.maven.org/maven2/xerces/xercesImpl/2.11.0/xercesImpl-2.11.0.jar"/>
					</artifact>
				</artifacts>
			</revision>
		</module>
		<module organisation="xml-apis" name="xml-apis">
			<revision name="1.4.01" status="release" pubdate="20110820021111" resolver="sbt-chain" artresolver="sbt-chain" homepage="http://xml.apache.org/commons/components/external/" downloaded="false" searched="false" default="false" conf="compile, runtime(*), master(compile), runtime, compile(*), master" position="12">
				<license name="The Apache Software License, Version 2.0" url="http://www.apache.org/licenses/LICENSE-2.0.txt"/>
				<license name="The SAX License" url="http://www.saxproject.org/copying.html"/>
				<license name="The W3C License" url="http://www.w3.org/TR/2004/REC-DOM-Level-3-Core-20040407/java-binding.zip"/>
				<metadata-artifact status="no" details="" size="3258" time="0" location="/people/khamphousone/.ivy2/cache/xml-apis/xml-apis/ivy-1.4.01.xml" searched="false" origin-is-local="false" origin-location="https://repo1.maven.org/maven2/xml-apis/xml-apis/1.4.01/xml-apis-1.4.01.pom"/>
				<caller organisation="xerces" name="xercesImpl" conf="compile, runtime" rev="1.4.01" rev-constraint-default="1.4.01" rev-constraint-dynamic="1.4.01" callerrev="2.11.0"/>
				<artifacts>
					<artifact name="xml-apis" type="jar" ext="jar" status="no" details="" size="220536" time="0" location="/people/khamphousone/.ivy2/cache/xml-apis/xml-apis/jars/xml-apis-1.4.01.jar">
						<origin-location is-local="false" location="https://repo1.maven.org/maven2/xml-apis/xml-apis/1.4.01/xml-apis-1.4.01.jar"/>
					</artifact>
				</artifacts>
			</revision>
		</module>
		<module organisation="org.apache.jena" name="jena-iri">
			<revision name="3.1.0" status="release" pubdate="20160510140021" resolver="sbt-chain" artresolver="sbt-chain" homepage="" downloaded="false" searched="false" default="false" conf="compile, runtime(*), master(compile), runtime, compile(*), master" position="10">
				<license name="The Apache Software License, Version 2.0" url="http://www.apache.org/licenses/LICENSE-2.0.txt"/>
				<metadata-artifact status="no" details="" size="12957" time="0" location="/people/khamphousone/.ivy2/cache/org.apache.jena/jena-iri/ivy-3.1.0.xml" searched="false" origin-is-local="false" origin-location="https://repo1.maven.org/maven2/org/apache/jena/jena-iri/3.1.0/jena-iri-3.1.0.pom"/>
				<caller organisation="org.apache.jena" name="jena-core" conf="compile, runtime" rev="3.1.0" rev-constraint-default="3.1.0" rev-constraint-dynamic="3.1.0" callerrev="3.1.0"/>
				<artifacts>
					<artifact name="jena-iri" type="jar" ext="jar" status="no" details="" size="138091" time="0" location="/people/khamphousone/.ivy2/cache/org.apache.jena/jena-iri/jars/jena-iri-3.1.0.jar">
						<origin-location is-local="false" location="https://repo1.maven.org/maven2/org/apache/jena/jena-iri/3.1.0/jena-iri-3.1.0.jar"/>
					</artifact>
				</artifacts>
			</revision>
		</module>
		<module organisation="org.slf4j" name="slf4j-api">
			<revision name="1.7.20" status="release" pubdate="20160329171222" resolver="sbt-chain" artresolver="sbt-chain" homepage="http://www.slf4j.org" downloaded="false" searched="false" default="false" conf="compile, runtime(*), master(compile), runtime, compile(*), master" position="9">
				<license name="MIT License" url="http://www.opensource.org/licenses/mit-license.php"/>
				<metadata-artifact status="no" details="" size="5199" time="0" location="/people/khamphousone/.ivy2/cache/org.slf4j/slf4j-api/ivy-1.7.20.xml" searched="false" origin-is-local="false" origin-location="https://repo1.maven.org/maven2/org/slf4j/slf4j-api/1.7.20/slf4j-api-1.7.20.pom"/>
				<caller organisation="org.apache.jena" name="jena-tdb" conf="compile, runtime" rev="1.7.20" rev-constraint-default="1.7.20" rev-constraint-dynamic="1.7.20" callerrev="3.1.0"/>
				<caller organisation="org.apache.jena" name="jena-base" conf="compile, runtime" rev="1.7.20" rev-constraint-default="1.7.20" rev-constraint-dynamic="1.7.20" callerrev="3.1.0"/>
				<caller organisation="org.apache.thrift" name="libthrift" conf="compile, runtime" rev="1.5.8" rev-constraint-default="1.5.8" rev-constraint-dynamic="1.5.8" callerrev="0.9.2"/>
				<caller organisation="org.apache.jena" name="apache-jena-libs" conf="default, compile, runtime, master" rev="1.7.20" rev-constraint-default="1.7.20" rev-constraint-dynamic="1.7.20" callerrev="3.1.0"/>
				<caller organisation="org.apache.jena" name="jena-core" conf="compile, runtime" rev="1.7.20" rev-constraint-default="1.7.20" rev-constraint-dynamic="1.7.20" callerrev="3.1.0"/>
				<caller organisation="org.apache.jena" name="jena-iri" conf="compile, runtime" rev="1.7.20" rev-constraint-default="1.7.20" rev-constraint-dynamic="1.7.20" callerrev="3.1.0"/>
				<caller organisation="org.apache.jena" name="jena-arq" conf="compile, runtime" rev="1.7.20" rev-constraint-default="1.7.20" rev-constraint-dynamic="1.7.20" callerrev="3.1.0"/>
				<caller organisation="org.apache.jena" name="jena-shaded-guava" conf="compile, runtime" rev="1.7.20" rev-constraint-default="1.7.20" rev-constraint-dynamic="1.7.20" callerrev="3.1.0"/>
				<caller organisation="com.optimaize.languagedetector" name="language-detector" conf="compile, runtime" rev="1.7.6" rev-constraint-default="1.7.6" rev-constraint-dynamic="1.7.6" callerrev="0.5"/>
				<caller organisation="org.slf4j" name="jcl-over-slf4j" conf="compile, runtime" rev="1.7.20" rev-constraint-default="1.7.20" rev-constraint-dynamic="1.7.20" callerrev="1.7.20"/>
				<artifacts>
					<artifact name="slf4j-api" type="jar" ext="jar" status="no" details="" size="40744" time="0" location="/people/khamphousone/.ivy2/cache/org.slf4j/slf4j-api/jars/slf4j-api-1.7.20.jar">
						<origin-location is-local="false" location="https://repo1.maven.org/maven2/org/slf4j/slf4j-api/1.7.20/slf4j-api-1.7.20.jar"/>
					</artifact>
				</artifacts>
			</revision>
			<revision name="1.7.6" evicted="latest-revision" evicted-reason="" downloaded="false" searched="false" conf="compile, runtime(*), master(compile), runtime, compile(*), master" position="-1">
				<evicted-by rev="1.7.20"/>
				<caller organisation="com.optimaize.languagedetector" name="language-detector" conf="compile, runtime" rev="1.7.6" rev-constraint-default="1.7.6" rev-constraint-dynamic="1.7.6" callerrev="0.5"/>
				<artifacts>
				</artifacts>
			</revision>
			<revision name="1.5.8" evicted="latest-revision" evicted-reason="" downloaded="false" searched="false" conf="compile, runtime(*), master(compile), runtime, compile(*), master" position="-1">
				<evicted-by rev="1.7.20"/>
				<caller organisation="org.apache.thrift" name="libthrift" conf="compile, runtime" rev="1.5.8" rev-constraint-default="1.5.8" rev-constraint-dynamic="1.5.8" callerrev="0.9.2"/>
				<artifacts>
				</artifacts>
			</revision>
		</module>
		<module organisation="org.scala-lang.modules" name="scala-xml_2.13.0-M1">
			<revision name="1.0.6" status="release" pubdate="20170414081953" resolver="sbt-chain" artresolver="sbt-chain" homepage="http://www.scala-lang.org/" downloaded="false" searched="false" default="false" conf="default, compile, runtime, default(compile), master" position="4">
				<license name="BSD 3-clause" url="http://opensource.org/licenses/BSD-3-Clause"/>
				<metadata-artifact status="no" details="" size="3153" time="0" location="/people/khamphousone/.ivy2/cache/org.scala-lang.modules/scala-xml_2.13.0-M1/ivy-1.0.6.xml" searched="false" origin-is-local="false" origin-location="https://repo1.maven.org/maven2/org/scala-lang/modules/scala-xml_2.13.0-M1/1.0.6/scala-xml_2.13.0-M1-1.0.6.pom"/>
				<caller organisation="test" name="test_2.12" conf="test, compile, runtime" rev="1.0.6" rev-constraint-default="1.0.6" rev-constraint-dynamic="1.0.6" callerrev="1.0"/>
				<artifacts>
					<artifact name="scala-xml_2.13.0-M1" type="bundle" ext="jar" status="no" details="" size="547773" time="0" location="/people/khamphousone/.ivy2/cache/org.scala-lang.modules/scala-xml_2.13.0-M1/bundles/scala-xml_2.13.0-M1-1.0.6.jar">
						<origin-location is-local="false" location="https://repo1.maven.org/maven2/org/scala-lang/modules/scala-xml_2.13.0-M1/1.0.6/scala-xml_2.13.0-M1-1.0.6.jar"/>
					</artifact>
				</artifacts>
			</revision>
		</module>
		<module organisation="com.lihaoyi" name="fastparse_2.12">
			<revision name="0.4.3" status="release" pubdate="20170513223445" resolver="sbt-chain" artresolver="sbt-chain" homepage="https://github.com/lihaoyi/scala-parser" downloaded="false" searched="false" default="false" conf="default, compile, runtime, default(compile), master" position="1">
				<license name="MIT license" url="http://www.opensource.org/licenses/mit-license.php"/>
				<metadata-artifact status="no" details="" size="3523" time="0" location="/people/khamphousone/.ivy2/cache/com.lihaoyi/fastparse_2.12/ivy-0.4.3.xml" searched="false" origin-is-local="false" origin-location="https://repo1.maven.org/maven2/com/lihaoyi/fastparse_2.12/0.4.3/fastparse_2.12-0.4.3.pom"/>
				<caller organisation="test" name="test_2.12" conf="test, compile, runtime" rev="0.4.3" rev-constraint-default="0.4.3" rev-constraint-dynamic="0.4.3" callerrev="1.0"/>
				<artifacts>
					<artifact name="fastparse_2.12" type="jar" ext="jar" status="no" details="" size="327318" time="0" location="/people/khamphousone/.ivy2/cache/com.lihaoyi/fastparse_2.12/jars/fastparse_2.12-0.4.3.jar">
						<origin-location is-local="false" location="https://repo1.maven.org/maven2/com/lihaoyi/fastparse_2.12/0.4.3/fastparse_2.12-0.4.3.jar"/>
					</artifact>
				</artifacts>
			</revision>
		</module>
		<module organisation="com.lihaoyi" name="fastparse-utils_2.12">
			<revision name="0.4.3" status="release" pubdate="20170513223408" resolver="sbt-chain" artresolver="sbt-chain" homepage="https://github.com/lihaoyi/scala-parser" downloaded="false" searched="false" default="false" conf="compile, runtime(*), master(compile), runtime, compile(*), master" position="2">
				<license name="MIT license" url="http://www.opensource.org/licenses/mit-license.php"/>
				<metadata-artifact status="no" details="" size="3391" time="0" location="/people/khamphousone/.ivy2/cache/com.lihaoyi/fastparse-utils_2.12/ivy-0.4.3.xml" searched="false" origin-is-local="false" origin-location="https://repo1.maven.org/maven2/com/lihaoyi/fastparse-utils_2.12/0.4.3/fastparse-utils_2.12-0.4.3.pom"/>
				<caller organisation="com.lihaoyi" name="fastparse_2.12" conf="default, compile, runtime, master" rev="0.4.3" rev-constraint-default="0.4.3" rev-constraint-dynamic="0.4.3" callerrev="0.4.3"/>
				<artifacts>
					<artifact name="fastparse-utils_2.12" type="jar" ext="jar" status="no" details="" size="69195" time="0" location="/people/khamphousone/.ivy2/cache/com.lihaoyi/fastparse-utils_2.12/jars/fastparse-utils_2.12-0.4.3.jar">
						<origin-location is-local="false" location="https://repo1.maven.org/maven2/com/lihaoyi/fastparse-utils_2.12/0.4.3/fastparse-utils_2.12-0.4.3.jar"/>
					</artifact>
				</artifacts>
			</revision>
		</module>
		<module organisation="com.lihaoyi" name="sourcecode_2.12">
			<revision name="0.1.3" status="release" pubdate="20161031193242" resolver="sbt-chain" artresolver="sbt-chain" homepage="https://github.com/lihaoyi/sourcecode" downloaded="false" searched="false" default="false" conf="compile, runtime(*), master(compile), runtime, compile(*), master" position="3">
				<license name="MIT license" url="http://www.opensource.org/licenses/mit-license.php"/>
				<metadata-artifact status="no" details="" size="2966" time="0" location="/people/khamphousone/.ivy2/cache/com.lihaoyi/sourcecode_2.12/ivy-0.1.3.xml" searched="false" origin-is-local="false" origin-location="https://repo1.maven.org/maven2/com/lihaoyi/sourcecode_2.12/0.1.3/sourcecode_2.12-0.1.3.pom"/>
				<caller organisation="com.lihaoyi" name="fastparse_2.12" conf="default, compile, runtime, master" rev="0.1.3" rev-constraint-default="0.1.3" rev-constraint-dynamic="0.1.3" callerrev="0.4.3"/>
				<caller organisation="com.lihaoyi" name="fastparse-utils_2.12" conf="compile, runtime" rev="0.1.3" rev-constraint-default="0.1.3" rev-constraint-dynamic="0.1.3" callerrev="0.4.3"/>
				<artifacts>
					<artifact name="sourcecode_2.12" type="jar" ext="jar" status="no" details="" size="110534" time="0" location="/people/khamphousone/.ivy2/cache/com.lihaoyi/sourcecode_2.12/jars/sourcecode_2.12-0.1.3.jar">
						<origin-location is-local="false" location="https://repo1.maven.org/maven2/com/lihaoyi/sourcecode_2.12/0.1.3/sourcecode_2.12-0.1.3.jar"/>
					</artifact>
				</artifacts>
			</revision>
		</module>
		<module organisation="org.scala-lang" name="scala-library">
			<revision name="2.12.1" status="release" pubdate="20161205120923" resolver="sbt-chain" artresolver="sbt-chain" homepage="http://www.scala-lang.org/" extra-info.apiURL="http://www.scala-lang.org/api/2.12.1/" downloaded="false" searched="false" default="false" conf="default, compile, runtime(*), master(compile), runtime, default(compile), compile(*), master" position="0">
				<license name="BSD 3-Clause" url="http://www.scala-lang.org/license.html"/>
				<metadata-artifact status="no" details="" size="2653" time="0" location="/people/khamphousone/.ivy2/cache/org.scala-lang/scala-library/ivy-2.12.1.xml" searched="false" origin-is-local="false" origin-location="https://repo1.maven.org/maven2/org/scala-lang/scala-library/2.12.1/scala-library-2.12.1.pom"/>
				<caller organisation="com.lihaoyi" name="fastparse_2.12" conf="default, compile, runtime, master" rev="2.12.1" rev-constraint-default="2.12.1" rev-constraint-dynamic="2.12.1" callerrev="0.4.3"/>
				<caller organisation="com.lihaoyi" name="fastparse-utils_2.12" conf="compile, runtime" rev="2.12.1" rev-constraint-default="2.12.1" rev-constraint-dynamic="2.12.1" callerrev="0.4.3"/>
				<caller organisation="com.lihaoyi" name="sourcecode_2.12" conf="compile, runtime" rev="2.12.1" rev-constraint-default="2.12.1" rev-constraint-dynamic="2.12.1" callerrev="0.1.3"/>
				<caller organisation="test" name="test_2.12" conf="test, compile, runtime" rev="2.12.1" rev-constraint-default="2.12.1" rev-constraint-dynamic="2.12.1" callerrev="1.0"/>
				<caller organisation="org.scala-lang.modules" name="scala-xml_2.13.0-M1" conf="default, compile, runtime, master" rev="2.12.1" rev-constraint-default="2.12.1" rev-constraint-dynamic="2.12.1" callerrev="1.0.6"/>
				<artifacts>
					<artifact name="scala-library" type="jar" ext="jar" status="no" details="" size="5272325" time="0" location="/people/khamphousone/.ivy2/cache/org.scala-lang/scala-library/jars/scala-library-2.12.1.jar">
						<origin-location is-local="false" location="https://repo1.maven.org/maven2/org/scala-lang/scala-library/2.12.1/scala-library-2.12.1.jar"/>
					</artifact>
				</artifacts>
			</revision>
		</module>
	</dependencies>
</ivy-report>
