<?xml version="1.0" encoding="UTF-8"?>
<?xml-stylesheet type="text/xsl" href="ivy-report.xsl"?>
<ivy-report version="1.0">
	<info
		organisation="test"
		module="test$sources_2.12"
		revision="1.0"
		conf="runtime-internal"
		confs="compile, runtime, test, provided, optional, compile-internal, runtime-internal, test-internal, plugin, sources, docs, pom, scala-tool"
		date="20170712102042"/>
	<dependencies>
		<module organisation="org.scala-lang" name="scala-library">
			<revision name="2.12.1" status="release" pubdate="20161205120923" resolver="sbt-chain" artresolver="sbt-chain" homepage="http://www.scala-lang.org/" extra-info.apiURL="http://www.scala-lang.org/api/2.12.1/" downloaded="false" searched="false" default="false" conf="default, compile, runtime(*), master(compile), runtime, default(compile), compile(*), master" position="27">
				<license name="BSD 3-Clause" url="http://www.scala-lang.org/license.html"/>
				<metadata-artifact status="no" details="" size="2653" time="0" location="/people/khamphousone/.ivy2/cache/org.scala-lang/scala-library/ivy-2.12.1.xml" searched="false" origin-is-local="false" origin-location="https://repo1.maven.org/maven2/org/scala-lang/scala-library/2.12.1/scala-library-2.12.1.pom"/>
				<caller organisation="test" name="test$sources_2.12" conf="compile, runtime-internal, runtime, optional" rev="2.12.1" rev-constraint-default="2.12.1" rev-constraint-dynamic="2.12.1" callerrev="1.0" extra-info.apiURL="http://www.scala-lang.org/api/2.12.1/"/>
				<artifacts>
					<artifact name="scala-library" type="src" ext="jar" extra-classifier="sources" status="no" details="" size="988614" time="0" location="/people/khamphousone/.ivy2/cache/org.scala-lang/scala-library/srcs/scala-library-2.12.1-sources.jar">
						<origin-location is-local="false" location="https://repo1.maven.org/maven2/org/scala-lang/scala-library/2.12.1/scala-library-2.12.1-sources.jar"/>
					</artifact>
				</artifacts>
			</revision>
		</module>
		<module organisation="org.scala-lang.modules" name="scala-xml_2.13.0-M1">
			<revision name="1.0.6" status="release" pubdate="20170414081953" resolver="sbt-chain" artresolver="sbt-chain" homepage="http://www.scala-lang.org/" downloaded="false" searched="false" default="false" conf="default, compile, runtime, default(compile), master" position="19">
				<license name="BSD 3-clause" url="http://opensource.org/licenses/BSD-3-Clause"/>
				<metadata-artifact status="no" details="" size="3153" time="0" location="/people/khamphousone/.ivy2/cache/org.scala-lang.modules/scala-xml_2.13.0-M1/ivy-1.0.6.xml" searched="false" origin-is-local="false" origin-location="https://repo1.maven.org/maven2/org/scala-lang/modules/scala-xml_2.13.0-M1/1.0.6/scala-xml_2.13.0-M1-1.0.6.pom"/>
				<caller organisation="test" name="test$sources_2.12" conf="compile, runtime-internal, runtime, optional" rev="1.0.6" rev-constraint-default="1.0.6" rev-constraint-dynamic="1.0.6" callerrev="1.0"/>
				<artifacts>
					<artifact name="scala-xml_2.13.0-M1" type="src" ext="jar" extra-classifier="sources" status="no" details="" size="109199" time="0" location="/people/khamphousone/.ivy2/cache/org.scala-lang.modules/scala-xml_2.13.0-M1/srcs/scala-xml_2.13.0-M1-1.0.6-sources.jar">
						<origin-location is-local="false" location="https://repo1.maven.org/maven2/org/scala-lang/modules/scala-xml_2.13.0-M1/1.0.6/scala-xml_2.13.0-M1-1.0.6-sources.jar"/>
					</artifact>
				</artifacts>
			</revision>
		</module>
		<module organisation="org.apache.jena" name="jena-tdb">
			<revision name="3.1.0" status="release" pubdate="20160510140458" resolver="sbt-chain" artresolver="sbt-chain" homepage="" downloaded="false" searched="false" default="false" conf="compile, runtime(*), master(compile), runtime, compile(*), master" position="9">
				<license name="The Apache Software License, Version 2.0" url="http://www.apache.org/licenses/LICENSE-2.0.txt"/>
				<metadata-artifact status="no" details="" size="13763" time="0" location="/people/khamphousone/.ivy2/cache/org.apache.jena/jena-tdb/ivy-3.1.0.xml" searched="false" origin-is-local="false" origin-location="https://repo1.maven.org/maven2/org/apache/jena/jena-tdb/3.1.0/jena-tdb-3.1.0.pom"/>
				<caller organisation="test" name="test$sources_2.12" conf="compile, runtime-internal, runtime, optional" rev="3.1.0" rev-constraint-default="3.1.0" rev-constraint-dynamic="3.1.0" callerrev="1.0"/>
				<artifacts>
					<artifact name="jena-tdb" type="src" ext="jar" extra-classifier="sources" status="no" details="" size="423293" time="0" location="/people/khamphousone/.ivy2/cache/org.apache.jena/jena-tdb/srcs/jena-tdb-3.1.0-sources.jar">
						<origin-location is-local="false" location="https://repo1.maven.org/maven2/org/apache/jena/jena-tdb/3.1.0/jena-tdb-3.1.0-sources.jar"/>
					</artifact>
				</artifacts>
			</revision>
		</module>
		<module organisation="org.apache.jena" name="jena-arq">
			<revision name="3.1.0" status="release" pubdate="20160510140310" resolver="sbt-chain" artresolver="sbt-chain" homepage="" downloaded="false" searched="false" default="false" conf="compile, runtime(*), master(compile), runtime, compile(*), master" position="6">
				<license name="The Apache Software License, Version 2.0" url="http://www.apache.org/licenses/LICENSE-2.0.txt"/>
				<metadata-artifact status="no" details="" size="15937" time="0" location="/people/khamphousone/.ivy2/cache/org.apache.jena/jena-arq/ivy-3.1.0.xml" searched="false" origin-is-local="false" origin-location="https://repo1.maven.org/maven2/org/apache/jena/jena-arq/3.1.0/jena-arq-3.1.0.pom"/>
				<caller organisation="test" name="test$sources_2.12" conf="compile, runtime-internal, runtime, optional" rev="3.1.0" rev-constraint-default="3.1.0" rev-constraint-dynamic="3.1.0" callerrev="1.0"/>
				<artifacts>
					<artifact name="jena-arq" type="src" ext="jar" extra-classifier="sources" status="no" details="" size="2165654" time="0" location="/people/khamphousone/.ivy2/cache/org.apache.jena/jena-arq/srcs/jena-arq-3.1.0-sources.jar">
						<origin-location is-local="false" location="https://repo1.maven.org/maven2/org/apache/jena/jena-arq/3.1.0/jena-arq-3.1.0-sources.jar"/>
					</artifact>
				</artifacts>
			</revision>
		</module>
		<module organisation="org.slf4j" name="jcl-over-slf4j">
			<revision name="1.7.20" status="release" pubdate="20160329171321" resolver="sbt-chain" artresolver="sbt-chain" homepage="http://www.slf4j.org" downloaded="false" searched="false" default="false" conf="compile, runtime(*), master(compile), runtime, compile(*), master" position="14">
				<license name="MIT License" url="http://www.opensource.org/licenses/mit-license.php"/>
				<metadata-artifact status="no" details="" size="5275" time="0" location="/people/khamphousone/.ivy2/cache/org.slf4j/jcl-over-slf4j/ivy-1.7.20.xml" searched="false" origin-is-local="false" origin-location="https://repo1.maven.org/maven2/org/slf4j/jcl-over-slf4j/1.7.20/jcl-over-slf4j-1.7.20.pom"/>
				<caller organisation="test" name="test$sources_2.12" conf="compile, runtime-internal, runtime, optional" rev="1.7.20" rev-constraint-default="1.7.20" rev-constraint-dynamic="1.7.20" callerrev="1.0"/>
				<artifacts>
					<artifact name="jcl-over-slf4j" type="src" ext="jar" extra-classifier="sources" status="no" details="" size="23213" time="0" location="/people/khamphousone/.ivy2/cache/org.slf4j/jcl-over-slf4j/srcs/jcl-over-slf4j-1.7.20-sources.jar">
						<origin-location is-local="false" location="https://repo1.maven.org/maven2/org/slf4j/jcl-over-slf4j/1.7.20/jcl-over-slf4j-1.7.20-sources.jar"/>
					</artifact>
				</artifacts>
			</revision>
		</module>
		<module organisation="com.github.jsonld-java" name="jsonld-java">
			<revision name="0.7.0" status="release" pubdate="20150930045137" resolver="sbt-chain" artresolver="sbt-chain" homepage="" downloaded="false" searched="false" default="false" conf="compile, runtime(*), master(compile), runtime, compile(*), master" position="21">
				<license name="Revised BSD License" url="https://raw.github.com/jsonld-java/jsonld-java/master/LICENCE"/>
				<metadata-artifact status="no" details="" size="7127" time="0" location="/people/khamphousone/.ivy2/cache/com.github.jsonld-java/jsonld-java/ivy-0.7.0.xml" searched="false" origin-is-local="false" origin-location="https://repo1.maven.org/maven2/com/github/jsonld-java/jsonld-java/0.7.0/jsonld-java-0.7.0.pom"/>
				<caller organisation="test" name="test$sources_2.12" conf="compile, runtime-internal, runtime, optional" rev="0.7.0" rev-constraint-default="0.7.0" rev-constraint-dynamic="0.7.0" callerrev="1.0"/>
				<artifacts>
					<artifact name="jsonld-java" type="src" ext="jar" extra-classifier="sources" status="no" details="" size="77168" time="0" location="/people/khamphousone/.ivy2/cache/com.github.jsonld-java/jsonld-java/srcs/jsonld-java-0.7.0-sources.jar">
						<origin-location is-local="false" location="https://repo1.maven.org/maven2/com/github/jsonld-java/jsonld-java/0.7.0/jsonld-java-0.7.0-sources.jar"/>
					</artifact>
				</artifacts>
			</revision>
		</module>
		<module organisation="com.fasterxml.jackson.core" name="jackson-databind">
			<revision name="2.3.3" status="release" pubdate="20140410185535" resolver="sbt-chain" artresolver="sbt-chain" homepage="http://wiki.fasterxml.com/JacksonHome" downloaded="false" searched="false" default="false" conf="compile, runtime(*), master(compile), runtime, compile(*), master" position="28">
				<license name="The Apache Software License, Version 2.0" url="http://www.apache.org/licenses/LICENSE-2.0.txt"/>
				<license name="GNU Lesser General Public License, Version 2.1" url="http://www.gnu.org/licenses/lgpl-2.1.html"/>
				<metadata-artifact status="no" details="" size="7616" time="0" location="/people/khamphousone/.ivy2/cache/com.fasterxml.jackson.core/jackson-databind/ivy-2.3.3.xml" searched="false" origin-is-local="false" origin-location="https://repo1.maven.org/maven2/com/fasterxml/jackson/core/jackson-databind/2.3.3/jackson-databind-2.3.3.pom"/>
				<caller organisation="test" name="test$sources_2.12" conf="compile, runtime-internal, runtime, optional" rev="2.3.3" rev-constraint-default="2.3.3" rev-constraint-dynamic="2.3.3" callerrev="1.0"/>
				<artifacts>
					<artifact name="jackson-databind" type="src" ext="jar" extra-classifier="sources" status="no" details="" size="753149" time="0" location="/people/khamphousone/.ivy2/cache/com.fasterxml.jackson.core/jackson-databind/srcs/jackson-databind-2.3.3-sources.jar">
						<origin-location is-local="false" location="https://repo1.maven.org/maven2/com/fasterxml/jackson/core/jackson-databind/2.3.3/jackson-databind-2.3.3-sources.jar"/>
					</artifact>
				</artifacts>
			</revision>
		</module>
		<module organisation="com.fasterxml.jackson.core" name="jackson-annotations">
			<revision name="2.3.0" status="release" pubdate="20131114055645" resolver="sbt-chain" artresolver="sbt-chain" homepage="http://wiki.fasterxml.com/JacksonHome" downloaded="false" searched="false" default="false" conf="compile, runtime(*), master(compile), runtime, compile(*), master" position="11">
				<license name="The Apache Software License, Version 2.0" url="http://www.apache.org/licenses/LICENSE-2.0.txt"/>
				<license name="GNU Lesser General Public License, Version 2.1" url="http://www.gnu.org/licenses/lgpl-2.1.html"/>
				<metadata-artifact status="no" details="" size="5162" time="0" location="/people/khamphousone/.ivy2/cache/com.fasterxml.jackson.core/jackson-annotations/ivy-2.3.0.xml" searched="false" origin-is-local="false" origin-location="https://repo1.maven.org/maven2/com/fasterxml/jackson/core/jackson-annotations/2.3.0/jackson-annotations-2.3.0.pom"/>
				<caller organisation="test" name="test$sources_2.12" conf="compile, runtime-internal, runtime, optional" rev="2.3.0" rev-constraint-default="2.3.0" rev-constraint-dynamic="2.3.0" callerrev="1.0"/>
				<artifacts>
					<artifact name="jackson-annotations" type="src" ext="jar" extra-classifier="sources" status="no" details="" size="39607" time="0" location="/people/khamphousone/.ivy2/cache/com.fasterxml.jackson.core/jackson-annotations/srcs/jackson-annotations-2.3.0-sources.jar">
						<origin-location is-local="false" location="https://repo1.maven.org/maven2/com/fasterxml/jackson/core/jackson-annotations/2.3.0/jackson-annotations-2.3.0-sources.jar"/>
					</artifact>
				</artifacts>
			</revision>
		</module>
		<module organisation="com.fasterxml.jackson.core" name="jackson-core">
			<revision name="2.3.3" status="release" pubdate="20140410184708" resolver="sbt-chain" artresolver="sbt-chain" homepage="http://wiki.fasterxml.com/JacksonHome" downloaded="false" searched="false" default="false" conf="compile, runtime(*), master(compile), runtime, compile(*), master" position="22">
				<license name="The Apache Software License, Version 2.0" url="http://www.apache.org/licenses/LICENSE-2.0.txt"/>
				<license name="GNU Lesser General Public License, Version 2.1" url="http://www.gnu.org/licenses/lgpl-2.1.html"/>
				<metadata-artifact status="no" details="" size="5836" time="0" location="/people/khamphousone/.ivy2/cache/com.fasterxml.jackson.core/jackson-core/ivy-2.3.3.xml" searched="false" origin-is-local="false" origin-location="https://repo1.maven.org/maven2/com/fasterxml/jackson/core/jackson-core/2.3.3/jackson-core-2.3.3.pom"/>
				<caller organisation="test" name="test$sources_2.12" conf="compile, runtime-internal, runtime, optional" rev="2.3.3" rev-constraint-default="2.3.3" rev-constraint-dynamic="2.3.3" callerrev="1.0"/>
				<artifacts>
					<artifact name="jackson-core" type="src" ext="jar" extra-classifier="sources" status="no" details="" size="233858" time="0" location="/people/khamphousone/.ivy2/cache/com.fasterxml.jackson.core/jackson-core/srcs/jackson-core-2.3.3-sources.jar">
						<origin-location is-local="false" location="https://repo1.maven.org/maven2/com/fasterxml/jackson/core/jackson-core/2.3.3/jackson-core-2.3.3-sources.jar"/>
					</artifact>
				</artifacts>
			</revision>
		</module>
		<module organisation="org.apache.jena" name="jena-core">
			<revision name="3.1.0" status="release" pubdate="20160510140142" resolver="sbt-chain" artresolver="sbt-chain" homepage="" downloaded="false" searched="false" default="false" conf="compile, runtime(*), master(compile), runtime, compile(*), master" position="26">
				<license name="The Apache Software License, Version 2.0" url="http://www.apache.org/licenses/LICENSE-2.0.txt"/>
				<metadata-artifact status="no" details="" size="14272" time="0" location="/people/khamphousone/.ivy2/cache/org.apache.jena/jena-core/ivy-3.1.0.xml" searched="false" origin-is-local="false" origin-location="https://repo1.maven.org/maven2/org/apache/jena/jena-core/3.1.0/jena-core-3.1.0.pom"/>
				<caller organisation="test" name="test$sources_2.12" conf="compile, runtime-internal, runtime, optional" rev="3.1.0" rev-constraint-default="3.1.0" rev-constraint-dynamic="3.1.0" callerrev="1.0"/>
				<artifacts>
					<artifact name="jena-core" type="src" ext="jar" extra-classifier="sources" status="no" details="" size="1447736" time="0" location="/people/khamphousone/.ivy2/cache/org.apache.jena/jena-core/srcs/jena-core-3.1.0-sources.jar">
						<origin-location is-local="false" location="https://repo1.maven.org/maven2/org/apache/jena/jena-core/3.1.0/jena-core-3.1.0-sources.jar"/>
					</artifact>
				</artifacts>
			</revision>
		</module>
		<module organisation="commons-cli" name="commons-cli">
			<revision name="1.3" status="release" pubdate="20150503165418" resolver="sbt-chain" artresolver="sbt-chain" homepage="http://commons.apache.org/proper/commons-cli/" downloaded="false" searched="false" default="false" conf="compile, runtime(*), master(compile), runtime, compile(*), master" position="23">
				<license name="Apache License, Version 2.0" url="http://www.apache.org/licenses/LICENSE-2.0.txt"/>
				<metadata-artifact status="no" details="" size="10815" time="0" location="/people/khamphousone/.ivy2/cache/commons-cli/commons-cli/ivy-1.3.xml" searched="false" origin-is-local="false" origin-location="https://repo1.maven.org/maven2/commons-cli/commons-cli/1.3/commons-cli-1.3.pom"/>
				<caller organisation="test" name="test$sources_2.12" conf="compile, runtime-internal, runtime, optional" rev="1.3" rev-constraint-default="1.3" rev-constraint-dynamic="1.3" callerrev="1.0"/>
				<artifacts>
					<artifact name="commons-cli" type="src" ext="jar" extra-classifier="sources" status="no" details="" size="58788" time="0" location="/people/khamphousone/.ivy2/cache/commons-cli/commons-cli/srcs/commons-cli-1.3-sources.jar">
						<origin-location is-local="false" location="https://repo1.maven.org/maven2/commons-cli/commons-cli/1.3/commons-cli-1.3-sources.jar"/>
					</artifact>
				</artifacts>
			</revision>
		</module>
		<module organisation="org.apache.jena" name="jena-iri">
			<revision name="3.1.0" status="release" pubdate="20160510140021" resolver="sbt-chain" artresolver="sbt-chain" homepage="" downloaded="false" searched="false" default="false" conf="compile, runtime(*), master(compile), runtime, compile(*), master" position="24">
				<license name="The Apache Software License, Version 2.0" url="http://www.apache.org/licenses/LICENSE-2.0.txt"/>
				<metadata-artifact status="no" details="" size="12957" time="0" location="/people/khamphousone/.ivy2/cache/org.apache.jena/jena-iri/ivy-3.1.0.xml" searched="false" origin-is-local="false" origin-location="https://repo1.maven.org/maven2/org/apache/jena/jena-iri/3.1.0/jena-iri-3.1.0.pom"/>
				<caller organisation="test" name="test$sources_2.12" conf="compile, runtime-internal, runtime, optional" rev="3.1.0" rev-constraint-default="3.1.0" rev-constraint-dynamic="3.1.0" callerrev="1.0"/>
				<artifacts>
					<artifact name="jena-iri" type="src" ext="jar" extra-classifier="sources" status="no" details="" size="174425" time="0" location="/people/khamphousone/.ivy2/cache/org.apache.jena/jena-iri/srcs/jena-iri-3.1.0-sources.jar">
						<origin-location is-local="false" location="https://repo1.maven.org/maven2/org/apache/jena/jena-iri/3.1.0/jena-iri-3.1.0-sources.jar"/>
					</artifact>
				</artifacts>
			</revision>
		</module>
		<module organisation="xerces" name="xercesImpl">
			<revision name="2.11.0" status="release" pubdate="20130220212006" resolver="sbt-chain" artresolver="sbt-chain" homepage="https://xerces.apache.org/xerces2-j/" downloaded="false" searched="false" default="false" conf="compile, runtime(*), master(compile), runtime, compile(*), master" position="5">
				<license name="The Apache Software License, Version 2.0" url="http://www.apache.org/licenses/LICENSE-2.0.txt"/>
				<metadata-artifact status="no" details="" size="4398" time="0" location="/people/khamphousone/.ivy2/cache/xerces/xercesImpl/ivy-2.11.0.xml" searched="false" origin-is-local="false" origin-location="https://repo1.maven.org/maven2/xerces/xercesImpl/2.11.0/xercesImpl-2.11.0.pom"/>
				<caller organisation="test" name="test$sources_2.12" conf="compile, runtime-internal, runtime, optional" rev="2.11.0" rev-constraint-default="2.11.0" rev-constraint-dynamic="2.11.0" callerrev="1.0"/>
				<artifacts>
					<artifact name="xercesImpl" type="src" ext="jar" extra-classifier="sources" status="no" details="" size="2081596" time="0" location="/people/khamphousone/.ivy2/cache/xerces/xercesImpl/srcs/xercesImpl-2.11.0-sources.jar">
						<origin-location is-local="false" location="https://repo1.maven.org/maven2/xerces/xercesImpl/2.11.0/xercesImpl-2.11.0-sources.jar"/>
					</artifact>
				</artifacts>
			</revision>
		</module>
		<module organisation="xml-apis" name="xml-apis">
			<revision name="1.4.01" status="release" pubdate="20110820021111" resolver="sbt-chain" artresolver="sbt-chain" homepage="http://xml.apache.org/commons/components/external/" downloaded="false" searched="false" default="false" conf="compile, runtime(*), master(compile), runtime, compile(*), master" position="25">
				<license name="The Apache Software License, Version 2.0" url="http://www.apache.org/licenses/LICENSE-2.0.txt"/>
				<license name="The SAX License" url="http://www.saxproject.org/copying.html"/>
				<license name="The W3C License" url="http://www.w3.org/TR/2004/REC-DOM-Level-3-Core-20040407/java-binding.zip"/>
				<metadata-artifact status="no" details="" size="3258" time="0" location="/people/khamphousone/.ivy2/cache/xml-apis/xml-apis/ivy-1.4.01.xml" searched="false" origin-is-local="false" origin-location="https://repo1.maven.org/maven2/xml-apis/xml-apis/1.4.01/xml-apis-1.4.01.pom"/>
				<caller organisation="test" name="test$sources_2.12" conf="compile, runtime-internal, runtime, optional" rev="1.4.01" rev-constraint-default="1.4.01" rev-constraint-dynamic="1.4.01" callerrev="1.0"/>
				<artifacts>
					<artifact name="xml-apis" type="src" ext="jar" extra-classifier="sources" status="no" details="" size="656529" time="0" location="/people/khamphousone/.ivy2/cache/xml-apis/xml-apis/srcs/xml-apis-1.4.01-sources.jar">
						<origin-location is-local="false" location="https://repo1.maven.org/maven2/xml-apis/xml-apis/1.4.01/xml-apis-1.4.01-sources.jar"/>
					</artifact>
				</artifacts>
			</revision>
		</module>
		<module organisation="org.apache.jena" name="jena-base">
			<revision name="3.1.0" status="release" pubdate="20160510140045" resolver="sbt-chain" artresolver="sbt-chain" homepage="" downloaded="false" searched="false" default="false" conf="compile, runtime(*), master(compile), runtime, compile(*), master" position="3">
				<license name="The Apache Software License, Version 2.0" url="http://www.apache.org/licenses/LICENSE-2.0.txt"/>
				<metadata-artifact status="no" details="" size="13562" time="0" location="/people/khamphousone/.ivy2/cache/org.apache.jena/jena-base/ivy-3.1.0.xml" searched="false" origin-is-local="false" origin-location="https://repo1.maven.org/maven2/org/apache/jena/jena-base/3.1.0/jena-base-3.1.0.pom"/>
				<caller organisation="test" name="test$sources_2.12" conf="compile, runtime-internal, runtime, optional" rev="3.1.0" rev-constraint-default="3.1.0" rev-constraint-dynamic="3.1.0" callerrev="1.0"/>
				<artifacts>
					<artifact name="jena-base" type="src" ext="jar" extra-classifier="sources" status="no" details="" size="212222" time="0" location="/people/khamphousone/.ivy2/cache/org.apache.jena/jena-base/srcs/jena-base-3.1.0-sources.jar">
						<origin-location is-local="false" location="https://repo1.maven.org/maven2/org/apache/jena/jena-base/3.1.0/jena-base-3.1.0-sources.jar"/>
					</artifact>
				</artifacts>
			</revision>
		</module>
		<module organisation="com.github.andrewoma.dexx" name="collection">
			<revision name="0.6" status="release" pubdate="20160407223003" resolver="sbt-chain" artresolver="sbt-chain" homepage="https://github.com/andrewoma/dexx" downloaded="false" searched="false" default="false" conf="compile, runtime(*), master(compile), runtime, compile(*), master" position="4">
				<license name="MIT License" url="http://www.opensource.org/licenses/mit-license.php"/>
				<metadata-artifact status="no" details="" size="3152" time="0" location="/people/khamphousone/.ivy2/cache/com.github.andrewoma.dexx/collection/ivy-0.6.xml" searched="false" origin-is-local="false" origin-location="https://repo1.maven.org/maven2/com/github/andrewoma/dexx/collection/0.6/collection-0.6.pom"/>
				<caller organisation="test" name="test$sources_2.12" conf="compile, runtime-internal, runtime, optional" rev="0.6" rev-constraint-default="0.6" rev-constraint-dynamic="0.6" callerrev="1.0"/>
				<artifacts>
					<artifact name="collection" type="src" ext="jar" extra-classifier="sources" status="no" details="" size="204371" time="0" location="/people/khamphousone/.ivy2/cache/com.github.andrewoma.dexx/collection/srcs/collection-0.6-sources.jar">
						<origin-location is-local="false" location="https://repo1.maven.org/maven2/com/github/andrewoma/dexx/collection/0.6/collection-0.6-sources.jar"/>
					</artifact>
				</artifacts>
			</revision>
		</module>
		<module organisation="org.apache.commons" name="commons-csv">
			<revision name="1.0" status="release" pubdate="20140810134615" resolver="sbt-chain" artresolver="sbt-chain" homepage="http://commons.apache.org/proper/commons-csv/" downloaded="false" searched="false" default="false" conf="compile, runtime(*), master(compile), runtime, compile(*), master" position="7">
				<license name="The Apache Software License, Version 2.0" url="http://www.apache.org/licenses/LICENSE-2.0.txt"/>
				<metadata-artifact status="no" details="" size="10793" time="0" location="/people/khamphousone/.ivy2/cache/org.apache.commons/commons-csv/ivy-1.0.xml" searched="false" origin-is-local="false" origin-location="https://repo1.maven.org/maven2/org/apache/commons/commons-csv/1.0/commons-csv-1.0.pom"/>
				<caller organisation="test" name="test$sources_2.12" conf="compile, runtime-internal, runtime, optional" rev="1.0" rev-constraint-default="1.0" rev-constraint-dynamic="1.0" callerrev="1.0"/>
				<artifacts>
					<artifact name="commons-csv" type="src" ext="jar" extra-classifier="sources" status="no" details="" size="36241" time="0" location="/people/khamphousone/.ivy2/cache/org.apache.commons/commons-csv/srcs/commons-csv-1.0-sources.jar">
						<origin-location is-local="false" location="https://repo1.maven.org/maven2/org/apache/commons/commons-csv/1.0/commons-csv-1.0-sources.jar"/>
					</artifact>
				</artifacts>
			</revision>
		</module>
		<module organisation="org.apache.jena" name="jena-shaded-guava">
			<revision name="3.1.0" status="release" pubdate="20160510135955" resolver="sbt-chain" artresolver="sbt-chain" homepage="" downloaded="false" searched="false" default="false" conf="compile, runtime(*), master(compile), runtime, compile(*), master" position="12">
				<license name="The Apache Software License, Version 2.0" url="http://www.apache.org/licenses/LICENSE-2.0.txt"/>
				<metadata-artifact status="no" details="" size="12896" time="0" location="/people/khamphousone/.ivy2/cache/org.apache.jena/jena-shaded-guava/ivy-3.1.0.xml" searched="false" origin-is-local="false" origin-location="https://repo1.maven.org/maven2/org/apache/jena/jena-shaded-guava/3.1.0/jena-shaded-guava-3.1.0.pom"/>
				<caller organisation="test" name="test$sources_2.12" conf="compile, runtime-internal, runtime, optional" rev="3.1.0" rev-constraint-default="3.1.0" rev-constraint-dynamic="3.1.0" callerrev="1.0"/>
				<artifacts>
					<artifact name="jena-shaded-guava" type="src" ext="jar" extra-classifier="sources" status="no" details="" size="1310863" time="0" location="/people/khamphousone/.ivy2/cache/org.apache.jena/jena-shaded-guava/srcs/jena-shaded-guava-3.1.0-sources.jar">
						<origin-location is-local="false" location="https://repo1.maven.org/maven2/org/apache/jena/jena-shaded-guava/3.1.0/jena-shaded-guava-3.1.0-sources.jar"/>
					</artifact>
				</artifacts>
			</revision>
		</module>
		<module organisation="org.slf4j" name="slf4j-api">
			<revision name="1.7.20" status="release" pubdate="20160329171222" resolver="sbt-chain" artresolver="sbt-chain" homepage="http://www.slf4j.org" downloaded="false" searched="false" default="false" conf="compile, runtime(*), master(compile), runtime, compile(*), master" position="8">
				<license name="MIT License" url="http://www.opensource.org/licenses/mit-license.php"/>
				<metadata-artifact status="no" details="" size="5199" time="0" location="/people/khamphousone/.ivy2/cache/org.slf4j/slf4j-api/ivy-1.7.20.xml" searched="false" origin-is-local="false" origin-location="https://repo1.maven.org/maven2/org/slf4j/slf4j-api/1.7.20/slf4j-api-1.7.20.pom"/>
				<caller organisation="test" name="test$sources_2.12" conf="compile, runtime-internal, runtime, optional" rev="1.7.20" rev-constraint-default="1.7.20" rev-constraint-dynamic="1.7.20" callerrev="1.0"/>
				<artifacts>
					<artifact name="slf4j-api" type="src" ext="jar" extra-classifier="sources" status="no" details="" size="55454" time="0" location="/people/khamphousone/.ivy2/cache/org.slf4j/slf4j-api/srcs/slf4j-api-1.7.20-sources.jar">
						<origin-location is-local="false" location="https://repo1.maven.org/maven2/org/slf4j/slf4j-api/1.7.20/slf4j-api-1.7.20-sources.jar"/>
					</artifact>
				</artifacts>
			</revision>
		</module>
		<module organisation="org.apache.httpcomponents" name="httpclient-cache">
			<revision name="4.2.6" status="release" pubdate="20130904201740" resolver="sbt-chain" artresolver="sbt-chain" homepage="http://hc.apache.org/httpcomponents-client" downloaded="false" searched="false" default="false" conf="compile, runtime(*), master(compile), runtime, compile(*), master" position="2">
				<license name="Apache License" url="LICENSE.txt"/>
				<metadata-artifact status="no" details="" size="9886" time="0" location="/people/khamphousone/.ivy2/cache/org.apache.httpcomponents/httpclient-cache/ivy-4.2.6.xml" searched="false" origin-is-local="false" origin-location="https://repo1.maven.org/maven2/org/apache/httpcomponents/httpclient-cache/4.2.6/httpclient-cache-4.2.6.pom"/>
				<caller organisation="test" name="test$sources_2.12" conf="compile, runtime-internal, runtime, optional" rev="4.2.6" rev-constraint-default="4.2.6" rev-constraint-dynamic="4.2.6" callerrev="1.0"/>
				<artifacts>
					<artifact name="httpclient-cache" type="src" ext="jar" extra-classifier="sources" status="no" details="" size="117229" time="0" location="/people/khamphousone/.ivy2/cache/org.apache.httpcomponents/httpclient-cache/srcs/httpclient-cache-4.2.6-sources.jar">
						<origin-location is-local="false" location="https://repo1.maven.org/maven2/org/apache/httpcomponents/httpclient-cache/4.2.6/httpclient-cache-4.2.6-sources.jar"/>
					</artifact>
				</artifacts>
			</revision>
		</module>
		<module organisation="org.apache.httpcomponents" name="httpclient">
			<revision name="4.2.6" status="release" pubdate="20130904201608" resolver="sbt-chain" artresolver="sbt-chain" homepage="http://hc.apache.org/httpcomponents-client" downloaded="false" searched="false" default="false" conf="compile, runtime(*), master(compile), runtime, compile(*), master" position="10">
				<license name="Apache License" url="LICENSE.txt"/>
				<metadata-artifact status="no" details="" size="9503" time="0" location="/people/khamphousone/.ivy2/cache/org.apache.httpcomponents/httpclient/ivy-4.2.6.xml" searched="false" origin-is-local="false" origin-location="https://repo1.maven.org/maven2/org/apache/httpcomponents/httpclient/4.2.6/httpclient-4.2.6.pom"/>
				<caller organisation="test" name="test$sources_2.12" conf="compile, runtime-internal, runtime, optional" rev="4.2.6" rev-constraint-default="4.2.6" rev-constraint-dynamic="4.2.6" callerrev="1.0"/>
				<artifacts>
					<artifact name="httpclient" type="src" ext="jar" extra-classifier="sources" status="no" details="" size="523108" time="0" location="/people/khamphousone/.ivy2/cache/org.apache.httpcomponents/httpclient/srcs/httpclient-4.2.6-sources.jar">
						<origin-location is-local="false" location="https://repo1.maven.org/maven2/org/apache/httpcomponents/httpclient/4.2.6/httpclient-4.2.6-sources.jar"/>
					</artifact>
				</artifacts>
			</revision>
		</module>
		<module organisation="commons-codec" name="commons-codec">
			<revision name="1.6" status="release" pubdate="20111203033826" resolver="sbt-chain" artresolver="sbt-chain" homepage="http://commons.apache.org/codec/" downloaded="false" searched="false" default="false" conf="compile, runtime(*), master(compile), runtime, compile(*), master" position="18">
				<license name="The Apache Software License, Version 2.0" url="http://www.apache.org/licenses/LICENSE-2.0.txt"/>
				<metadata-artifact status="no" details="" size="7802" time="0" location="/people/khamphousone/.ivy2/cache/commons-codec/commons-codec/ivy-1.6.xml" searched="false" origin-is-local="false" origin-location="https://repo1.maven.org/maven2/commons-codec/commons-codec/1.6/commons-codec-1.6.pom"/>
				<caller organisation="test" name="test$sources_2.12" conf="compile, runtime-internal, runtime, optional" rev="1.6" rev-constraint-default="1.6" rev-constraint-dynamic="1.6" callerrev="1.0"/>
				<artifacts>
					<artifact name="commons-codec" type="src" ext="jar" extra-classifier="sources" status="no" details="" size="243982" time="0" location="/people/khamphousone/.ivy2/cache/commons-codec/commons-codec/srcs/commons-codec-1.6-sources.jar">
						<origin-location is-local="false" location="https://repo1.maven.org/maven2/commons-codec/commons-codec/1.6/commons-codec-1.6-sources.jar"/>
					</artifact>
				</artifacts>
			</revision>
		</module>
		<module organisation="commons-logging" name="commons-logging">
			<revision name="1.1.1" status="release" pubdate="20071126212410" resolver="sbt-chain" artresolver="sbt-chain" homepage="http://commons.apache.org/logging" downloaded="false" searched="false" default="false" conf="compile, runtime(*), master(compile), runtime, compile(*), master" position="15">
				<license name="The Apache Software License, Version 2.0" url="http://www.apache.org/licenses/LICENSE-2.0.txt"/>
				<metadata-artifact status="no" details="" size="4212" time="0" location="/people/khamphousone/.ivy2/cache/commons-logging/commons-logging/ivy-1.1.1.xml" searched="false" origin-is-local="false" origin-location="https://repo1.maven.org/maven2/commons-logging/commons-logging/1.1.1/commons-logging-1.1.1.pom"/>
				<caller organisation="test" name="test$sources_2.12" conf="compile, runtime-internal, runtime, optional" rev="1.1.1" rev-constraint-default="1.1.1" rev-constraint-dynamic="1.1.1" callerrev="1.0"/>
				<artifacts>
					<artifact name="commons-logging" type="src" ext="jar" extra-classifier="sources" status="no" details="" size="74976" time="0" location="/people/khamphousone/.ivy2/cache/commons-logging/commons-logging/srcs/commons-logging-1.1.1-sources.jar">
						<origin-location is-local="false" location="https://repo1.maven.org/maven2/commons-logging/commons-logging/1.1.1/commons-logging-1.1.1-sources.jar"/>
					</artifact>
				</artifacts>
			</revision>
		</module>
		<module organisation="org.apache.httpcomponents" name="httpcore">
			<revision name="4.2.5" status="release" pubdate="20130729171428" resolver="sbt-chain" artresolver="sbt-chain" homepage="http://hc.apache.org/httpcomponents-core-ga" downloaded="false" searched="false" default="false" conf="compile, runtime(*), master(compile), runtime, compile(*), master" position="13">
				<license name="Apache License" url="LICENSE.txt"/>
				<metadata-artifact status="no" details="" size="7534" time="0" location="/people/khamphousone/.ivy2/cache/org.apache.httpcomponents/httpcore/ivy-4.2.5.xml" searched="false" origin-is-local="false" origin-location="https://repo1.maven.org/maven2/org/apache/httpcomponents/httpcore/4.2.5/httpcore-4.2.5.pom"/>
				<caller organisation="test" name="test$sources_2.12" conf="compile, runtime-internal, runtime, optional" rev="4.2.5" rev-constraint-default="4.2.5" rev-constraint-dynamic="4.2.5" callerrev="1.0"/>
				<artifacts>
					<artifact name="httpcore" type="src" ext="jar" extra-classifier="sources" status="no" details="" size="325817" time="0" location="/people/khamphousone/.ivy2/cache/org.apache.httpcomponents/httpcore/srcs/httpcore-4.2.5-sources.jar">
						<origin-location is-local="false" location="https://repo1.maven.org/maven2/org/apache/httpcomponents/httpcore/4.2.5/httpcore-4.2.5-sources.jar"/>
					</artifact>
				</artifacts>
			</revision>
		</module>
		<module organisation="com.lihaoyi" name="fastparse_2.12">
			<revision name="0.4.3" status="release" pubdate="20170513223445" resolver="sbt-chain" artresolver="sbt-chain" homepage="https://github.com/lihaoyi/scala-parser" downloaded="false" searched="false" default="false" conf="default, compile, runtime, default(compile), master" position="1">
				<license name="MIT license" url="http://www.opensource.org/licenses/mit-license.php"/>
				<metadata-artifact status="no" details="" size="3523" time="0" location="/people/khamphousone/.ivy2/cache/com.lihaoyi/fastparse_2.12/ivy-0.4.3.xml" searched="false" origin-is-local="false" origin-location="https://repo1.maven.org/maven2/com/lihaoyi/fastparse_2.12/0.4.3/fastparse_2.12-0.4.3.pom"/>
				<caller organisation="test" name="test$sources_2.12" conf="compile, runtime-internal, runtime, optional" rev="0.4.3" rev-constraint-default="0.4.3" rev-constraint-dynamic="0.4.3" callerrev="1.0"/>
				<artifacts>
					<artifact name="fastparse_2.12" type="src" ext="jar" extra-classifier="sources" status="no" details="" size="24236" time="0" location="/people/khamphousone/.ivy2/cache/com.lihaoyi/fastparse_2.12/srcs/fastparse_2.12-0.4.3-sources.jar">
						<origin-location is-local="false" location="https://repo1.maven.org/maven2/com/lihaoyi/fastparse_2.12/0.4.3/fastparse_2.12-0.4.3-sources.jar"/>
					</artifact>
				</artifacts>
			</revision>
		</module>
		<module organisation="com.lihaoyi" name="fastparse-utils_2.12">
			<revision name="0.4.3" status="release" pubdate="20170513223408" resolver="sbt-chain" artresolver="sbt-chain" homepage="https://github.com/lihaoyi/scala-parser" downloaded="false" searched="false" default="false" conf="compile, runtime(*), master(compile), runtime, compile(*), master" position="16">
				<license name="MIT license" url="http://www.opensource.org/licenses/mit-license.php"/>
				<metadata-artifact status="no" details="" size="3391" time="0" location="/people/khamphousone/.ivy2/cache/com.lihaoyi/fastparse-utils_2.12/ivy-0.4.3.xml" searched="false" origin-is-local="false" origin-location="https://repo1.maven.org/maven2/com/lihaoyi/fastparse-utils_2.12/0.4.3/fastparse-utils_2.12-0.4.3.pom"/>
				<caller organisation="test" name="test$sources_2.12" conf="compile, runtime-internal, runtime, optional" rev="0.4.3" rev-constraint-default="0.4.3" rev-constraint-dynamic="0.4.3" callerrev="1.0"/>
				<artifacts>
					<artifact name="fastparse-utils_2.12" type="src" ext="jar" extra-classifier="sources" status="no" details="" size="9387" time="0" location="/people/khamphousone/.ivy2/cache/com.lihaoyi/fastparse-utils_2.12/srcs/fastparse-utils_2.12-0.4.3-sources.jar">
						<origin-location is-local="false" location="https://repo1.maven.org/maven2/com/lihaoyi/fastparse-utils_2.12/0.4.3/fastparse-utils_2.12-0.4.3-sources.jar"/>
					</artifact>
				</artifacts>
			</revision>
		</module>
		<module organisation="com.lihaoyi" name="sourcecode_2.12">
			<revision name="0.1.3" status="release" pubdate="20161031193242" resolver="sbt-chain" artresolver="sbt-chain" homepage="https://github.com/lihaoyi/sourcecode" downloaded="false" searched="false" default="false" conf="compile, runtime(*), master(compile), runtime, compile(*), master" position="17">
				<license name="MIT license" url="http://www.opensource.org/licenses/mit-license.php"/>
				<metadata-artifact status="no" details="" size="2966" time="0" location="/people/khamphousone/.ivy2/cache/com.lihaoyi/sourcecode_2.12/ivy-0.1.3.xml" searched="false" origin-is-local="false" origin-location="https://repo1.maven.org/maven2/com/lihaoyi/sourcecode_2.12/0.1.3/sourcecode_2.12-0.1.3.pom"/>
				<caller organisation="test" name="test$sources_2.12" conf="compile, runtime-internal, runtime, optional" rev="0.1.3" rev-constraint-default="0.1.3" rev-constraint-dynamic="0.1.3" callerrev="1.0"/>
				<artifacts>
					<artifact name="sourcecode_2.12" type="src" ext="jar" extra-classifier="sources" status="no" details="" size="2593" time="0" location="/people/khamphousone/.ivy2/cache/com.lihaoyi/sourcecode_2.12/srcs/sourcecode_2.12-0.1.3-sources.jar">
						<origin-location is-local="false" location="https://repo1.maven.org/maven2/com/lihaoyi/sourcecode_2.12/0.1.3/sourcecode_2.12-0.1.3-sources.jar"/>
					</artifact>
				</artifacts>
			</revision>
		</module>
		<module organisation="org.apache.commons" name="commons-lang3">
			<revision name="3.3.2" status="release" pubdate="20140406142129" resolver="sbt-chain" artresolver="sbt-chain" homepage="http://commons.apache.org/proper/commons-lang/" downloaded="false" searched="false" default="false" conf="compile, runtime(*), master(compile), runtime, compile(*), master" position="0">
				<license name="The Apache Software License, Version 2.0" url="http://www.apache.org/licenses/LICENSE-2.0.txt"/>
				<metadata-artifact status="no" details="" size="10669" time="0" location="/people/khamphousone/.ivy2/cache/org.apache.commons/commons-lang3/ivy-3.3.2.xml" searched="false" origin-is-local="false" origin-location="https://repo1.maven.org/maven2/org/apache/commons/commons-lang3/3.3.2/commons-lang3-3.3.2.pom"/>
				<caller organisation="test" name="test$sources_2.12" conf="compile, runtime-internal, runtime, optional" rev="3.3.2" rev-constraint-default="3.3.2" rev-constraint-dynamic="3.3.2" callerrev="1.0"/>
				<artifacts>
					<artifact name="commons-lang3" type="src" ext="jar" extra-classifier="sources" status="no" details="" size="470961" time="0" location="/people/khamphousone/.ivy2/cache/org.apache.commons/commons-lang3/srcs/commons-lang3-3.3.2-sources.jar">
						<origin-location is-local="false" location="https://repo1.maven.org/maven2/org/apache/commons/commons-lang3/3.3.2/commons-lang3-3.3.2-sources.jar"/>
					</artifact>
				</artifacts>
			</revision>
		</module>
		<module organisation="commons-io" name="commons-io">
			<revision name="2.4" status="release" pubdate="20120613002206" resolver="sbt-chain" artresolver="sbt-chain" homepage="http://commons.apache.org/io/" downloaded="false" searched="false" default="false" conf="compile, runtime(*), master(compile), runtime, compile(*), master" position="20">
				<license name="The Apache Software License, Version 2.0" url="http://www.apache.org/licenses/LICENSE-2.0.txt"/>
				<metadata-artifact status="no" details="" size="8704" time="0" location="/people/khamphousone/.ivy2/cache/commons-io/commons-io/ivy-2.4.xml" searched="false" origin-is-local="false" origin-location="https://repo1.maven.org/maven2/commons-io/commons-io/2.4/commons-io-2.4.pom"/>
				<caller organisation="test" name="test$sources_2.12" conf="compile, runtime-internal, runtime, optional" rev="2.4" rev-constraint-default="2.4" rev-constraint-dynamic="2.4" callerrev="1.0"/>
				<artifacts>
					<artifact name="commons-io" type="src" ext="jar" extra-classifier="sources" status="no" details="" size="246635" time="0" location="/people/khamphousone/.ivy2/cache/commons-io/commons-io/srcs/commons-io-2.4-sources.jar">
						<origin-location is-local="false" location="https://repo1.maven.org/maven2/commons-io/commons-io/2.4/commons-io-2.4-sources.jar"/>
					</artifact>
				</artifacts>
			</revision>
		</module>
	</dependencies>
</ivy-report>
