<?xml version="1.0" encoding="UTF-8"?>
<?xml-stylesheet type="text/xsl" href="ivy-report.xsl"?>
<ivy-report version="1.0">
	<info
		organisation="test"
		module="test_2.12"
		revision="1.0"
		conf="test"
		confs="compile, runtime, test, provided, optional, compile-internal, runtime-internal, test-internal, plugin, sources, docs, pom, scala-tool"
		date="20170627093024"/>
	<dependencies>
		<module organisation="org.scala-lang.modules" name="scala-xml_2.13.0-M1">
			<revision name="1.0.6" status="release" pubdate="20170414081953" resolver="public" artresolver="public" homepage="http://www.scala-lang.org/" downloaded="true" searched="true" default="false" conf="default, compile, runtime, default(compile), master" position="4">
				<license name="BSD 3-clause" url="http://opensource.org/licenses/BSD-3-Clause"/>
				<metadata-artifact status="successful" details="" size="2529" time="160" location="/people/khamphousone/.ivy2/cache/org.scala-lang.modules/scala-xml_2.13.0-M1/ivy-1.0.6.xml" searched="true" original-local-location="/people/khamphousone/.ivy2/cache/org.scala-lang.modules/scala-xml_2.13.0-M1/ivy-1.0.6.xml.original" origin-is-local="false" origin-location="https://repo1.maven.org/maven2/org/scala-lang/modules/scala-xml_2.13.0-M1/1.0.6/scala-xml_2.13.0-M1-1.0.6.pom"/>
				<caller organisation="test" name="test_2.12" conf="test, compile, runtime" rev="1.0.6" rev-constraint-default="1.0.6" rev-constraint-dynamic="1.0.6" callerrev="1.0"/>
				<artifacts>
					<artifact name="scala-xml_2.13.0-M1" type="bundle" ext="jar" status="successful" details="" size="547773" time="227" location="/people/khamphousone/.ivy2/cache/org.scala-lang.modules/scala-xml_2.13.0-M1/bundles/scala-xml_2.13.0-M1-1.0.6.jar">
						<origin-location is-local="false" location="https://repo1.maven.org/maven2/org/scala-lang/modules/scala-xml_2.13.0-M1/1.0.6/scala-xml_2.13.0-M1-1.0.6.jar"/>
					</artifact>
				</artifacts>
			</revision>
		</module>
		<module organisation="com.lihaoyi" name="fastparse_2.12">
			<revision name="0.4.3" status="release" pubdate="20170513223445" resolver="sbt-chain" artresolver="sbt-chain" homepage="https://github.com/lihaoyi/scala-parser" downloaded="false" searched="false" default="false" conf="default, compile, runtime, default(compile), master" position="1">
				<license name="MIT license" url="http://www.opensource.org/licenses/mit-license.php"/>
				<metadata-artifact status="no" details="" size="3523" time="0" location="/people/khamphousone/.ivy2/cache/com.lihaoyi/fastparse_2.12/ivy-0.4.3.xml" searched="false" origin-is-local="false" origin-location="https://repo1.maven.org/maven2/com/lihaoyi/fastparse_2.12/0.4.3/fastparse_2.12-0.4.3.pom"/>
				<caller organisation="test" name="test_2.12" conf="test, compile, runtime" rev="0.4.3" rev-constraint-default="0.4.3" rev-constraint-dynamic="0.4.3" callerrev="1.0"/>
				<artifacts>
					<artifact name="fastparse_2.12" type="jar" ext="jar" status="no" details="" size="327318" time="0" location="/people/khamphousone/.ivy2/cache/com.lihaoyi/fastparse_2.12/jars/fastparse_2.12-0.4.3.jar">
						<origin-location is-local="false" location="https://repo1.maven.org/maven2/com/lihaoyi/fastparse_2.12/0.4.3/fastparse_2.12-0.4.3.jar"/>
					</artifact>
				</artifacts>
			</revision>
		</module>
		<module organisation="com.lihaoyi" name="fastparse-utils_2.12">
			<revision name="0.4.3" status="release" pubdate="20170513223408" resolver="sbt-chain" artresolver="sbt-chain" homepage="https://github.com/lihaoyi/scala-parser" downloaded="false" searched="false" default="false" conf="compile, runtime(*), master(compile), runtime, compile(*), master" position="2">
				<license name="MIT license" url="http://www.opensource.org/licenses/mit-license.php"/>
				<metadata-artifact status="no" details="" size="3391" time="0" location="/people/khamphousone/.ivy2/cache/com.lihaoyi/fastparse-utils_2.12/ivy-0.4.3.xml" searched="false" origin-is-local="false" origin-location="https://repo1.maven.org/maven2/com/lihaoyi/fastparse-utils_2.12/0.4.3/fastparse-utils_2.12-0.4.3.pom"/>
				<caller organisation="com.lihaoyi" name="fastparse_2.12" conf="default, compile, runtime, master" rev="0.4.3" rev-constraint-default="0.4.3" rev-constraint-dynamic="0.4.3" callerrev="0.4.3"/>
				<artifacts>
					<artifact name="fastparse-utils_2.12" type="jar" ext="jar" status="no" details="" size="69195" time="0" location="/people/khamphousone/.ivy2/cache/com.lihaoyi/fastparse-utils_2.12/jars/fastparse-utils_2.12-0.4.3.jar">
						<origin-location is-local="false" location="https://repo1.maven.org/maven2/com/lihaoyi/fastparse-utils_2.12/0.4.3/fastparse-utils_2.12-0.4.3.jar"/>
					</artifact>
				</artifacts>
			</revision>
		</module>
		<module organisation="com.lihaoyi" name="sourcecode_2.12">
			<revision name="0.1.3" status="release" pubdate="20161031193242" resolver="sbt-chain" artresolver="sbt-chain" homepage="https://github.com/lihaoyi/sourcecode" downloaded="false" searched="false" default="false" conf="compile, runtime(*), master(compile), runtime, compile(*), master" position="3">
				<license name="MIT license" url="http://www.opensource.org/licenses/mit-license.php"/>
				<metadata-artifact status="no" details="" size="2966" time="0" location="/people/khamphousone/.ivy2/cache/com.lihaoyi/sourcecode_2.12/ivy-0.1.3.xml" searched="false" origin-is-local="false" origin-location="https://repo1.maven.org/maven2/com/lihaoyi/sourcecode_2.12/0.1.3/sourcecode_2.12-0.1.3.pom"/>
				<caller organisation="com.lihaoyi" name="fastparse_2.12" conf="default, compile, runtime, master" rev="0.1.3" rev-constraint-default="0.1.3" rev-constraint-dynamic="0.1.3" callerrev="0.4.3"/>
				<caller organisation="com.lihaoyi" name="fastparse-utils_2.12" conf="compile, runtime" rev="0.1.3" rev-constraint-default="0.1.3" rev-constraint-dynamic="0.1.3" callerrev="0.4.3"/>
				<artifacts>
					<artifact name="sourcecode_2.12" type="jar" ext="jar" status="no" details="" size="110534" time="0" location="/people/khamphousone/.ivy2/cache/com.lihaoyi/sourcecode_2.12/jars/sourcecode_2.12-0.1.3.jar">
						<origin-location is-local="false" location="https://repo1.maven.org/maven2/com/lihaoyi/sourcecode_2.12/0.1.3/sourcecode_2.12-0.1.3.jar"/>
					</artifact>
				</artifacts>
			</revision>
		</module>
		<module organisation="org.scala-lang" name="scala-library">
			<revision name="2.12.1" status="release" pubdate="20161205120923" resolver="sbt-chain" artresolver="sbt-chain" homepage="http://www.scala-lang.org/" extra-info.apiURL="http://www.scala-lang.org/api/2.12.1/" downloaded="false" searched="false" default="false" conf="default, compile, runtime(*), master(compile), runtime, default(compile), compile(*), master" position="0">
				<license name="BSD 3-Clause" url="http://www.scala-lang.org/license.html"/>
				<metadata-artifact status="no" details="" size="2653" time="0" location="/people/khamphousone/.ivy2/cache/org.scala-lang/scala-library/ivy-2.12.1.xml" searched="false" origin-is-local="false" origin-location="https://repo1.maven.org/maven2/org/scala-lang/scala-library/2.12.1/scala-library-2.12.1.pom"/>
				<caller organisation="com.lihaoyi" name="fastparse_2.12" conf="default, compile, runtime, master" rev="2.12.1" rev-constraint-default="2.12.1" rev-constraint-dynamic="2.12.1" callerrev="0.4.3"/>
				<caller organisation="com.lihaoyi" name="fastparse-utils_2.12" conf="compile, runtime" rev="2.12.1" rev-constraint-default="2.12.1" rev-constraint-dynamic="2.12.1" callerrev="0.4.3"/>
				<caller organisation="com.lihaoyi" name="sourcecode_2.12" conf="compile, runtime" rev="2.12.1" rev-constraint-default="2.12.1" rev-constraint-dynamic="2.12.1" callerrev="0.1.3"/>
				<caller organisation="test" name="test_2.12" conf="test, compile, runtime" rev="2.12.1" rev-constraint-default="2.12.1" rev-constraint-dynamic="2.12.1" callerrev="1.0"/>
				<caller organisation="org.scala-lang.modules" name="scala-xml_2.13.0-M1" conf="default, compile, runtime, master" rev="2.12.1" rev-constraint-default="2.12.1" rev-constraint-dynamic="2.12.1" callerrev="1.0.6"/>
				<artifacts>
					<artifact name="scala-library" type="jar" ext="jar" status="no" details="" size="5272325" time="0" location="/people/khamphousone/.ivy2/cache/org.scala-lang/scala-library/jars/scala-library-2.12.1.jar">
						<origin-location is-local="false" location="https://repo1.maven.org/maven2/org/scala-lang/scala-library/2.12.1/scala-library-2.12.1.jar"/>
					</artifact>
				</artifacts>
			</revision>
		</module>
	</dependencies>
</ivy-report>
