<?xml version="1.0" encoding="UTF-8"?>
<?xml-stylesheet type="text/xsl" href="ivy-report.xsl"?>
<ivy-report version="1.0">
	<info
		organisation="test"
		module="test$sources_2.12"
		revision="1.0"
		conf="test-internal"
		confs="compile, runtime, test, provided, optional, compile-internal, runtime-internal, test-internal, plugin, sources, docs, pom, scala-tool"
		date="20170727095011"/>
	<dependencies>
		<module organisation="org.scala-lang" name="scala-library">
			<revision name="2.12.1" status="release" pubdate="20161205120923" resolver="sbt-chain" artresolver="sbt-chain" homepage="http://www.scala-lang.org/" extra-info.apiURL="http://www.scala-lang.org/api/2.12.1/" downloaded="false" searched="false" default="false" conf="default, compile, runtime(*), master(compile), runtime, default(compile), compile(*), master" position="40">
				<license name="BSD 3-Clause" url="http://www.scala-lang.org/license.html"/>
				<metadata-artifact status="no" details="" size="2653" time="0" location="/people/khamphousone/.ivy2/cache/org.scala-lang/scala-library/ivy-2.12.1.xml" searched="false" origin-is-local="false" origin-location="https://repo1.maven.org/maven2/org/scala-lang/scala-library/2.12.1/scala-library-2.12.1.pom"/>
				<caller organisation="test" name="test$sources_2.12" conf="test, compile, provided, test-internal, runtime, optional" rev="2.12.1" rev-constraint-default="2.12.1" rev-constraint-dynamic="2.12.1" callerrev="1.0" extra-info.apiURL="http://www.scala-lang.org/api/2.12.1/"/>
				<artifacts>
					<artifact name="scala-library" type="src" ext="jar" extra-classifier="sources" status="no" details="" size="988614" time="0" location="/people/khamphousone/.ivy2/cache/org.scala-lang/scala-library/srcs/scala-library-2.12.1-sources.jar">
						<origin-location is-local="false" location="https://repo1.maven.org/maven2/org/scala-lang/scala-library/2.12.1/scala-library-2.12.1-sources.jar"/>
					</artifact>
				</artifacts>
			</revision>
		</module>
		<module organisation="org.scala-lang.modules" name="scala-xml_2.13.0-M1">
			<revision name="1.0.6" status="release" pubdate="20170414081953" resolver="sbt-chain" artresolver="sbt-chain" homepage="http://www.scala-lang.org/" downloaded="false" searched="false" default="false" conf="default, compile, runtime, default(compile), master" position="29">
				<license name="BSD 3-clause" url="http://opensource.org/licenses/BSD-3-Clause"/>
				<metadata-artifact status="no" details="" size="3153" time="0" location="/people/khamphousone/.ivy2/cache/org.scala-lang.modules/scala-xml_2.13.0-M1/ivy-1.0.6.xml" searched="false" origin-is-local="false" origin-location="https://repo1.maven.org/maven2/org/scala-lang/modules/scala-xml_2.13.0-M1/1.0.6/scala-xml_2.13.0-M1-1.0.6.pom"/>
				<caller organisation="test" name="test$sources_2.12" conf="test, compile, provided, test-internal, runtime, optional" rev="1.0.6" rev-constraint-default="1.0.6" rev-constraint-dynamic="1.0.6" callerrev="1.0"/>
				<artifacts>
					<artifact name="scala-xml_2.13.0-M1" type="src" ext="jar" extra-classifier="sources" status="no" details="" size="109199" time="0" location="/people/khamphousone/.ivy2/cache/org.scala-lang.modules/scala-xml_2.13.0-M1/srcs/scala-xml_2.13.0-M1-1.0.6-sources.jar">
						<origin-location is-local="false" location="https://repo1.maven.org/maven2/org/scala-lang/modules/scala-xml_2.13.0-M1/1.0.6/scala-xml_2.13.0-M1-1.0.6-sources.jar"/>
					</artifact>
				</artifacts>
			</revision>
		</module>
		<module organisation="org.apache.jena" name="jena-tdb">
			<revision name="3.1.0" status="release" pubdate="20160510140458" resolver="sbt-chain" artresolver="sbt-chain" homepage="" downloaded="false" searched="false" default="false" conf="compile, runtime(*), master(compile), runtime, compile(*), master" position="14">
				<license name="The Apache Software License, Version 2.0" url="http://www.apache.org/licenses/LICENSE-2.0.txt"/>
				<metadata-artifact status="no" details="" size="13763" time="0" location="/people/khamphousone/.ivy2/cache/org.apache.jena/jena-tdb/ivy-3.1.0.xml" searched="false" origin-is-local="false" origin-location="https://repo1.maven.org/maven2/org/apache/jena/jena-tdb/3.1.0/jena-tdb-3.1.0.pom"/>
				<caller organisation="test" name="test$sources_2.12" conf="test, compile, provided, test-internal, runtime, optional" rev="3.1.0" rev-constraint-default="3.1.0" rev-constraint-dynamic="3.1.0" callerrev="1.0"/>
				<artifacts>
					<artifact name="jena-tdb" type="src" ext="jar" extra-classifier="sources" status="no" details="" size="423293" time="0" location="/people/khamphousone/.ivy2/cache/org.apache.jena/jena-tdb/srcs/jena-tdb-3.1.0-sources.jar">
						<origin-location is-local="false" location="https://repo1.maven.org/maven2/org/apache/jena/jena-tdb/3.1.0/jena-tdb-3.1.0-sources.jar"/>
					</artifact>
				</artifacts>
			</revision>
		</module>
		<module organisation="org.apache.jena" name="jena-arq">
			<revision name="3.1.0" status="release" pubdate="20160510140310" resolver="sbt-chain" artresolver="sbt-chain" homepage="" downloaded="false" searched="false" default="false" conf="compile, runtime(*), master(compile), runtime, compile(*), master" position="9">
				<license name="The Apache Software License, Version 2.0" url="http://www.apache.org/licenses/LICENSE-2.0.txt"/>
				<metadata-artifact status="no" details="" size="15937" time="0" location="/people/khamphousone/.ivy2/cache/org.apache.jena/jena-arq/ivy-3.1.0.xml" searched="false" origin-is-local="false" origin-location="https://repo1.maven.org/maven2/org/apache/jena/jena-arq/3.1.0/jena-arq-3.1.0.pom"/>
				<caller organisation="test" name="test$sources_2.12" conf="test, compile, provided, test-internal, runtime, optional" rev="3.1.0" rev-constraint-default="3.1.0" rev-constraint-dynamic="3.1.0" callerrev="1.0"/>
				<artifacts>
					<artifact name="jena-arq" type="src" ext="jar" extra-classifier="sources" status="no" details="" size="2165654" time="0" location="/people/khamphousone/.ivy2/cache/org.apache.jena/jena-arq/srcs/jena-arq-3.1.0-sources.jar">
						<origin-location is-local="false" location="https://repo1.maven.org/maven2/org/apache/jena/jena-arq/3.1.0/jena-arq-3.1.0-sources.jar"/>
					</artifact>
				</artifacts>
			</revision>
		</module>
		<module organisation="org.slf4j" name="jcl-over-slf4j">
			<revision name="1.7.20" status="release" pubdate="20160329171321" resolver="sbt-chain" artresolver="sbt-chain" homepage="http://www.slf4j.org" downloaded="false" searched="false" default="false" conf="compile, runtime(*), master(compile), runtime, compile(*), master" position="23">
				<license name="MIT License" url="http://www.opensource.org/licenses/mit-license.php"/>
				<metadata-artifact status="no" details="" size="5275" time="0" location="/people/khamphousone/.ivy2/cache/org.slf4j/jcl-over-slf4j/ivy-1.7.20.xml" searched="false" origin-is-local="false" origin-location="https://repo1.maven.org/maven2/org/slf4j/jcl-over-slf4j/1.7.20/jcl-over-slf4j-1.7.20.pom"/>
				<caller organisation="test" name="test$sources_2.12" conf="test, compile, provided, test-internal, runtime, optional" rev="1.7.20" rev-constraint-default="1.7.20" rev-constraint-dynamic="1.7.20" callerrev="1.0"/>
				<artifacts>
					<artifact name="jcl-over-slf4j" type="src" ext="jar" extra-classifier="sources" status="no" details="" size="23213" time="0" location="/people/khamphousone/.ivy2/cache/org.slf4j/jcl-over-slf4j/srcs/jcl-over-slf4j-1.7.20-sources.jar">
						<origin-location is-local="false" location="https://repo1.maven.org/maven2/org/slf4j/jcl-over-slf4j/1.7.20/jcl-over-slf4j-1.7.20-sources.jar"/>
					</artifact>
				</artifacts>
			</revision>
		</module>
		<module organisation="com.github.jsonld-java" name="jsonld-java">
			<revision name="0.7.0" status="release" pubdate="20150930045137" resolver="sbt-chain" artresolver="sbt-chain" homepage="" downloaded="false" searched="false" default="false" conf="compile, runtime(*), master(compile), runtime, compile(*), master" position="31">
				<license name="Revised BSD License" url="https://raw.github.com/jsonld-java/jsonld-java/master/LICENCE"/>
				<metadata-artifact status="no" details="" size="7127" time="0" location="/people/khamphousone/.ivy2/cache/com.github.jsonld-java/jsonld-java/ivy-0.7.0.xml" searched="false" origin-is-local="false" origin-location="https://repo1.maven.org/maven2/com/github/jsonld-java/jsonld-java/0.7.0/jsonld-java-0.7.0.pom"/>
				<caller organisation="test" name="test$sources_2.12" conf="test, compile, provided, test-internal, runtime, optional" rev="0.7.0" rev-constraint-default="0.7.0" rev-constraint-dynamic="0.7.0" callerrev="1.0"/>
				<artifacts>
					<artifact name="jsonld-java" type="src" ext="jar" extra-classifier="sources" status="no" details="" size="77168" time="0" location="/people/khamphousone/.ivy2/cache/com.github.jsonld-java/jsonld-java/srcs/jsonld-java-0.7.0-sources.jar">
						<origin-location is-local="false" location="https://repo1.maven.org/maven2/com/github/jsonld-java/jsonld-java/0.7.0/jsonld-java-0.7.0-sources.jar"/>
					</artifact>
				</artifacts>
			</revision>
		</module>
		<module organisation="com.fasterxml.jackson.core" name="jackson-databind">
			<revision name="2.3.3" status="release" pubdate="20140410185535" resolver="sbt-chain" artresolver="sbt-chain" homepage="http://wiki.fasterxml.com/JacksonHome" downloaded="false" searched="false" default="false" conf="compile, runtime(*), master(compile), runtime, compile(*), master" position="42">
				<license name="The Apache Software License, Version 2.0" url="http://www.apache.org/licenses/LICENSE-2.0.txt"/>
				<license name="GNU Lesser General Public License, Version 2.1" url="http://www.gnu.org/licenses/lgpl-2.1.html"/>
				<metadata-artifact status="no" details="" size="7616" time="0" location="/people/khamphousone/.ivy2/cache/com.fasterxml.jackson.core/jackson-databind/ivy-2.3.3.xml" searched="false" origin-is-local="false" origin-location="https://repo1.maven.org/maven2/com/fasterxml/jackson/core/jackson-databind/2.3.3/jackson-databind-2.3.3.pom"/>
				<caller organisation="test" name="test$sources_2.12" conf="test, compile, provided, test-internal, runtime, optional" rev="2.3.3" rev-constraint-default="2.3.3" rev-constraint-dynamic="2.3.3" callerrev="1.0"/>
				<artifacts>
					<artifact name="jackson-databind" type="src" ext="jar" extra-classifier="sources" status="no" details="" size="753149" time="0" location="/people/khamphousone/.ivy2/cache/com.fasterxml.jackson.core/jackson-databind/srcs/jackson-databind-2.3.3-sources.jar">
						<origin-location is-local="false" location="https://repo1.maven.org/maven2/com/fasterxml/jackson/core/jackson-databind/2.3.3/jackson-databind-2.3.3-sources.jar"/>
					</artifact>
				</artifacts>
			</revision>
		</module>
		<module organisation="com.fasterxml.jackson.core" name="jackson-annotations">
			<revision name="2.3.0" status="release" pubdate="20131114055645" resolver="sbt-chain" artresolver="sbt-chain" homepage="http://wiki.fasterxml.com/JacksonHome" downloaded="false" searched="false" default="false" conf="compile, runtime(*), master(compile), runtime, compile(*), master" position="17">
				<license name="The Apache Software License, Version 2.0" url="http://www.apache.org/licenses/LICENSE-2.0.txt"/>
				<license name="GNU Lesser General Public License, Version 2.1" url="http://www.gnu.org/licenses/lgpl-2.1.html"/>
				<metadata-artifact status="no" details="" size="5162" time="0" location="/people/khamphousone/.ivy2/cache/com.fasterxml.jackson.core/jackson-annotations/ivy-2.3.0.xml" searched="false" origin-is-local="false" origin-location="https://repo1.maven.org/maven2/com/fasterxml/jackson/core/jackson-annotations/2.3.0/jackson-annotations-2.3.0.pom"/>
				<caller organisation="test" name="test$sources_2.12" conf="test, compile, provided, test-internal, runtime, optional" rev="2.3.0" rev-constraint-default="2.3.0" rev-constraint-dynamic="2.3.0" callerrev="1.0"/>
				<artifacts>
					<artifact name="jackson-annotations" type="src" ext="jar" extra-classifier="sources" status="no" details="" size="39607" time="0" location="/people/khamphousone/.ivy2/cache/com.fasterxml.jackson.core/jackson-annotations/srcs/jackson-annotations-2.3.0-sources.jar">
						<origin-location is-local="false" location="https://repo1.maven.org/maven2/com/fasterxml/jackson/core/jackson-annotations/2.3.0/jackson-annotations-2.3.0-sources.jar"/>
					</artifact>
				</artifacts>
			</revision>
		</module>
		<module organisation="com.fasterxml.jackson.core" name="jackson-core">
			<revision name="2.3.3" status="release" pubdate="20140410184708" resolver="sbt-chain" artresolver="sbt-chain" homepage="http://wiki.fasterxml.com/JacksonHome" downloaded="false" searched="false" default="false" conf="compile, runtime(*), master(compile), runtime, compile(*), master" position="32">
				<license name="The Apache Software License, Version 2.0" url="http://www.apache.org/licenses/LICENSE-2.0.txt"/>
				<license name="GNU Lesser General Public License, Version 2.1" url="http://www.gnu.org/licenses/lgpl-2.1.html"/>
				<metadata-artifact status="no" details="" size="5836" time="0" location="/people/khamphousone/.ivy2/cache/com.fasterxml.jackson.core/jackson-core/ivy-2.3.3.xml" searched="false" origin-is-local="false" origin-location="https://repo1.maven.org/maven2/com/fasterxml/jackson/core/jackson-core/2.3.3/jackson-core-2.3.3.pom"/>
				<caller organisation="test" name="test$sources_2.12" conf="test, compile, provided, test-internal, runtime, optional" rev="2.3.3" rev-constraint-default="2.3.3" rev-constraint-dynamic="2.3.3" callerrev="1.0"/>
				<artifacts>
					<artifact name="jackson-core" type="src" ext="jar" extra-classifier="sources" status="no" details="" size="233858" time="0" location="/people/khamphousone/.ivy2/cache/com.fasterxml.jackson.core/jackson-core/srcs/jackson-core-2.3.3-sources.jar">
						<origin-location is-local="false" location="https://repo1.maven.org/maven2/com/fasterxml/jackson/core/jackson-core/2.3.3/jackson-core-2.3.3-sources.jar"/>
					</artifact>
				</artifacts>
			</revision>
		</module>
		<module organisation="org.apache.jena" name="jena-core">
			<revision name="3.1.0" status="release" pubdate="20160510140142" resolver="sbt-chain" artresolver="sbt-chain" homepage="" downloaded="false" searched="false" default="false" conf="compile, runtime(*), master(compile), runtime, compile(*), master" position="39">
				<license name="The Apache Software License, Version 2.0" url="http://www.apache.org/licenses/LICENSE-2.0.txt"/>
				<metadata-artifact status="no" details="" size="14272" time="0" location="/people/khamphousone/.ivy2/cache/org.apache.jena/jena-core/ivy-3.1.0.xml" searched="false" origin-is-local="false" origin-location="https://repo1.maven.org/maven2/org/apache/jena/jena-core/3.1.0/jena-core-3.1.0.pom"/>
				<caller organisation="test" name="test$sources_2.12" conf="test, compile, provided, test-internal, runtime, optional" rev="3.1.0" rev-constraint-default="3.1.0" rev-constraint-dynamic="3.1.0" callerrev="1.0"/>
				<artifacts>
					<artifact name="jena-core" type="src" ext="jar" extra-classifier="sources" status="no" details="" size="1447736" time="0" location="/people/khamphousone/.ivy2/cache/org.apache.jena/jena-core/srcs/jena-core-3.1.0-sources.jar">
						<origin-location is-local="false" location="https://repo1.maven.org/maven2/org/apache/jena/jena-core/3.1.0/jena-core-3.1.0-sources.jar"/>
					</artifact>
				</artifacts>
			</revision>
		</module>
		<module organisation="commons-cli" name="commons-cli">
			<revision name="1.3" status="release" pubdate="20150503165418" resolver="sbt-chain" artresolver="sbt-chain" homepage="http://commons.apache.org/proper/commons-cli/" downloaded="false" searched="false" default="false" conf="compile, runtime(*), master(compile), runtime, compile(*), master" position="33">
				<license name="Apache License, Version 2.0" url="http://www.apache.org/licenses/LICENSE-2.0.txt"/>
				<metadata-artifact status="no" details="" size="10815" time="0" location="/people/khamphousone/.ivy2/cache/commons-cli/commons-cli/ivy-1.3.xml" searched="false" origin-is-local="false" origin-location="https://repo1.maven.org/maven2/commons-cli/commons-cli/1.3/commons-cli-1.3.pom"/>
				<caller organisation="test" name="test$sources_2.12" conf="test, compile, provided, test-internal, runtime, optional" rev="1.3" rev-constraint-default="1.3" rev-constraint-dynamic="1.3" callerrev="1.0"/>
				<artifacts>
					<artifact name="commons-cli" type="src" ext="jar" extra-classifier="sources" status="no" details="" size="58788" time="0" location="/people/khamphousone/.ivy2/cache/commons-cli/commons-cli/srcs/commons-cli-1.3-sources.jar">
						<origin-location is-local="false" location="https://repo1.maven.org/maven2/commons-cli/commons-cli/1.3/commons-cli-1.3-sources.jar"/>
					</artifact>
				</artifacts>
			</revision>
		</module>
		<module organisation="org.apache.jena" name="jena-iri">
			<revision name="3.1.0" status="release" pubdate="20160510140021" resolver="sbt-chain" artresolver="sbt-chain" homepage="" downloaded="false" searched="false" default="false" conf="compile, runtime(*), master(compile), runtime, compile(*), master" position="35">
				<license name="The Apache Software License, Version 2.0" url="http://www.apache.org/licenses/LICENSE-2.0.txt"/>
				<metadata-artifact status="no" details="" size="12957" time="0" location="/people/khamphousone/.ivy2/cache/org.apache.jena/jena-iri/ivy-3.1.0.xml" searched="false" origin-is-local="false" origin-location="https://repo1.maven.org/maven2/org/apache/jena/jena-iri/3.1.0/jena-iri-3.1.0.pom"/>
				<caller organisation="test" name="test$sources_2.12" conf="test, compile, provided, test-internal, runtime, optional" rev="3.1.0" rev-constraint-default="3.1.0" rev-constraint-dynamic="3.1.0" callerrev="1.0"/>
				<artifacts>
					<artifact name="jena-iri" type="src" ext="jar" extra-classifier="sources" status="no" details="" size="174425" time="0" location="/people/khamphousone/.ivy2/cache/org.apache.jena/jena-iri/srcs/jena-iri-3.1.0-sources.jar">
						<origin-location is-local="false" location="https://repo1.maven.org/maven2/org/apache/jena/jena-iri/3.1.0/jena-iri-3.1.0-sources.jar"/>
					</artifact>
				</artifacts>
			</revision>
		</module>
		<module organisation="org.apache.tika" name="tika-langdetect">
			<revision name="1.16" status="release" pubdate="20170708041208" resolver="sbt-chain" artresolver="sbt-chain" homepage="http://tika.apache.org/" downloaded="false" searched="false" default="false" conf="default, compile, runtime, default(compile), master" position="4">
				<license name="Apache License, Version 2.0" url="http://www.apache.org/licenses/LICENSE-2.0.txt"/>
				<metadata-artifact status="no" details="" size="6919" time="0" location="/people/khamphousone/.ivy2/cache/org.apache.tika/tika-langdetect/ivy-1.16.xml" searched="false" origin-is-local="false" origin-location="https://repo1.maven.org/maven2/org/apache/tika/tika-langdetect/1.16/tika-langdetect-1.16.pom"/>
				<caller organisation="test" name="test$sources_2.12" conf="test, compile, provided, test-internal, runtime, optional" rev="1.16" rev-constraint-default="1.16" rev-constraint-dynamic="1.16" callerrev="1.0"/>
				<artifacts>
					<artifact name="tika-langdetect" type="src" ext="jar" extra-classifier="sources" status="no" details="" size="14567" time="0" location="/people/khamphousone/.ivy2/cache/org.apache.tika/tika-langdetect/srcs/tika-langdetect-1.16-sources.jar">
						<origin-location is-local="false" location="https://repo1.maven.org/maven2/org/apache/tika/tika-langdetect/1.16/tika-langdetect-1.16-sources.jar"/>
					</artifact>
				</artifacts>
			</revision>
		</module>
		<module organisation="com.google.code.gson" name="gson">
			<revision name="2.6.1" status="release" pubdate="20160212050040" resolver="sbt-chain" artresolver="sbt-chain" homepage="" downloaded="false" searched="false" default="false" conf="compile, runtime(*), master(compile), runtime, compile(*), master" position="41">
				<license name="Apache 2.0" url="http://www.apache.org/licenses/LICENSE-2.0.txt"/>
				<metadata-artifact status="no" details="" size="3468" time="0" location="/people/khamphousone/.ivy2/cache/com.google.code.gson/gson/ivy-2.6.1.xml" searched="false" origin-is-local="false" origin-location="https://repo1.maven.org/maven2/com/google/code/gson/gson/2.6.1/gson-2.6.1.pom"/>
				<caller organisation="test" name="test$sources_2.12" conf="test, compile, provided, test-internal, runtime, optional" rev="2.6.1" rev-constraint-default="2.6.1" rev-constraint-dynamic="2.6.1" callerrev="1.0"/>
				<artifacts>
					<artifact name="gson" type="src" ext="jar" extra-classifier="sources" status="no" details="" size="145434" time="0" location="/people/khamphousone/.ivy2/cache/com.google.code.gson/gson/srcs/gson-2.6.1-sources.jar">
						<origin-location is-local="false" location="https://repo1.maven.org/maven2/com/google/code/gson/gson/2.6.1/gson-2.6.1-sources.jar"/>
					</artifact>
				</artifacts>
			</revision>
		</module>
		<module organisation="org.apache.cxf" name="cxf-rt-rs-client">
			<revision name="3.0.12" status="release" pubdate="20161209194653" resolver="sbt-chain" artresolver="sbt-chain" homepage="http://cxf.apache.org" downloaded="false" searched="false" default="false" conf="compile, runtime(*), master(compile), runtime, compile(*), master" position="18">
				<license name="The Apache Software License, Version 2.0" url="http://www.apache.org/licenses/LICENSE-2.0.txt"/>
				<metadata-artifact status="no" details="" size="65542" time="0" location="/people/khamphousone/.ivy2/cache/org.apache.cxf/cxf-rt-rs-client/ivy-3.0.12.xml" searched="false" origin-is-local="false" origin-location="https://repo1.maven.org/maven2/org/apache/cxf/cxf-rt-rs-client/3.0.12/cxf-rt-rs-client-3.0.12.pom"/>
				<caller organisation="test" name="test$sources_2.12" conf="test, compile, provided, test-internal, runtime, optional" rev="3.0.12" rev-constraint-default="3.0.12" rev-constraint-dynamic="3.0.12" callerrev="1.0"/>
				<artifacts>
					<artifact name="cxf-rt-rs-client" type="src" ext="jar" extra-classifier="sources" status="no" details="" size="95989" time="0" location="/people/khamphousone/.ivy2/cache/org.apache.cxf/cxf-rt-rs-client/srcs/cxf-rt-rs-client-3.0.12-sources.jar">
						<origin-location is-local="false" location="https://repo1.maven.org/maven2/org/apache/cxf/cxf-rt-rs-client/3.0.12/cxf-rt-rs-client-3.0.12-sources.jar"/>
					</artifact>
				</artifacts>
			</revision>
		</module>
		<module organisation="org.apache.cxf" name="cxf-rt-frontend-jaxrs">
			<revision name="3.0.12" status="release" pubdate="20161209194425" resolver="sbt-chain" artresolver="sbt-chain" homepage="http://cxf.apache.org" downloaded="false" searched="false" default="false" conf="compile, runtime(*), master(compile), runtime, compile(*), master" position="22">
				<license name="The Apache Software License, Version 2.0" url="http://www.apache.org/licenses/LICENSE-2.0.txt"/>
				<metadata-artifact status="no" details="" size="66646" time="0" location="/people/khamphousone/.ivy2/cache/org.apache.cxf/cxf-rt-frontend-jaxrs/ivy-3.0.12.xml" searched="false" origin-is-local="false" origin-location="https://repo1.maven.org/maven2/org/apache/cxf/cxf-rt-frontend-jaxrs/3.0.12/cxf-rt-frontend-jaxrs-3.0.12.pom"/>
				<caller organisation="test" name="test$sources_2.12" conf="test, compile, provided, test-internal, runtime, optional" rev="3.0.12" rev-constraint-default="3.0.12" rev-constraint-dynamic="3.0.12" callerrev="1.0"/>
				<artifacts>
					<artifact name="cxf-rt-frontend-jaxrs" type="src" ext="jar" extra-classifier="sources" status="no" details="" size="385311" time="0" location="/people/khamphousone/.ivy2/cache/org.apache.cxf/cxf-rt-frontend-jaxrs/srcs/cxf-rt-frontend-jaxrs-3.0.12-sources.jar">
						<origin-location is-local="false" location="https://repo1.maven.org/maven2/org/apache/cxf/cxf-rt-frontend-jaxrs/3.0.12/cxf-rt-frontend-jaxrs-3.0.12-sources.jar"/>
					</artifact>
				</artifacts>
			</revision>
		</module>
		<module organisation="javax.annotation" name="javax.annotation-api">
			<revision name="1.2" status="release" pubdate="20130426193829" resolver="sbt-chain" artresolver="sbt-chain" homepage="http://jcp.org/en/jsr/detail?id=250" downloaded="false" searched="false" default="false" conf="compile, runtime(*), master(compile), runtime, compile(*), master" position="28">
				<license name="CDDL + GPLv2 with classpath exception" url="https://glassfish.dev.java.net/nonav/public/CDDL+GPL.html"/>
				<metadata-artifact status="no" details="" size="4135" time="0" location="/people/khamphousone/.ivy2/cache/javax.annotation/javax.annotation-api/ivy-1.2.xml" searched="false" origin-is-local="false" origin-location="https://repo1.maven.org/maven2/javax/annotation/javax.annotation-api/1.2/javax.annotation-api-1.2.pom"/>
				<caller organisation="test" name="test$sources_2.12" conf="test, compile, provided, test-internal, runtime, optional" rev="1.2" rev-constraint-default="1.2" rev-constraint-dynamic="1.2" callerrev="1.0"/>
				<artifacts>
					<artifact name="javax.annotation-api" type="src" ext="jar" extra-classifier="sources" status="no" details="" size="42311" time="0" location="/people/khamphousone/.ivy2/cache/javax.annotation/javax.annotation-api/srcs/javax.annotation-api-1.2-sources.jar">
						<origin-location is-local="false" location="https://repo1.maven.org/maven2/javax/annotation/javax.annotation-api/1.2/javax.annotation-api-1.2-sources.jar"/>
					</artifact>
				</artifacts>
			</revision>
		</module>
		<module organisation="javax.ws.rs" name="javax.ws.rs-api">
			<revision name="2.0.1" status="release" pubdate="20140807140813" resolver="sbt-chain" artresolver="sbt-chain" homepage="http://jax-rs-spec.java.net" downloaded="false" searched="false" default="false" conf="compile, runtime(*), master(compile), runtime, compile(*), master" position="16">
				<license name="CDDL 1.1" url="http://glassfish.java.net/public/CDDL+GPL_1_1.html"/>
				<license name="GPL2 w/ CPE" url="http://glassfish.java.net/public/CDDL+GPL_1_1.html"/>
				<metadata-artifact status="no" details="" size="4023" time="0" location="/people/khamphousone/.ivy2/cache/javax.ws.rs/javax.ws.rs-api/ivy-2.0.1.xml" searched="false" origin-is-local="false" origin-location="https://repo1.maven.org/maven2/javax/ws/rs/javax.ws.rs-api/2.0.1/javax.ws.rs-api-2.0.1.pom"/>
				<caller organisation="test" name="test$sources_2.12" conf="test, compile, provided, test-internal, runtime, optional" rev="2.0.1" rev-constraint-default="2.0.1" rev-constraint-dynamic="2.0.1" callerrev="1.0"/>
				<artifacts>
					<artifact name="javax.ws.rs-api" type="src" ext="jar" extra-classifier="sources" status="no" details="" size="265372" time="0" location="/people/khamphousone/.ivy2/cache/javax.ws.rs/javax.ws.rs-api/srcs/javax.ws.rs-api-2.0.1-sources.jar">
						<origin-location is-local="false" location="https://repo1.maven.org/maven2/javax/ws/rs/javax.ws.rs-api/2.0.1/javax.ws.rs-api-2.0.1-sources.jar"/>
					</artifact>
				</artifacts>
			</revision>
		</module>
		<module organisation="org.apache.cxf" name="cxf-rt-transports-http">
			<revision name="3.0.12" status="release" pubdate="20161209194305" resolver="sbt-chain" artresolver="sbt-chain" homepage="http://cxf.apache.org" downloaded="false" searched="false" default="false" conf="compile, runtime(*), master(compile), runtime, compile(*), master" position="43">
				<license name="The Apache Software License, Version 2.0" url="http://www.apache.org/licenses/LICENSE-2.0.txt"/>
				<metadata-artifact status="no" details="" size="64703" time="0" location="/people/khamphousone/.ivy2/cache/org.apache.cxf/cxf-rt-transports-http/ivy-3.0.12.xml" searched="false" origin-is-local="false" origin-location="https://repo1.maven.org/maven2/org/apache/cxf/cxf-rt-transports-http/3.0.12/cxf-rt-transports-http-3.0.12.pom"/>
				<caller organisation="test" name="test$sources_2.12" conf="test, compile, provided, test-internal, runtime, optional" rev="3.0.12" rev-constraint-default="3.0.12" rev-constraint-dynamic="3.0.12" callerrev="1.0"/>
				<artifacts>
					<artifact name="cxf-rt-transports-http" type="src" ext="jar" extra-classifier="sources" status="no" details="" size="214235" time="0" location="/people/khamphousone/.ivy2/cache/org.apache.cxf/cxf-rt-transports-http/srcs/cxf-rt-transports-http-3.0.12-sources.jar">
						<origin-location is-local="false" location="https://repo1.maven.org/maven2/org/apache/cxf/cxf-rt-transports-http/3.0.12/cxf-rt-transports-http-3.0.12-sources.jar"/>
					</artifact>
				</artifacts>
			</revision>
		</module>
		<module organisation="org.apache.cxf" name="cxf-core">
			<revision name="3.0.12" status="release" pubdate="20161209194028" resolver="sbt-chain" artresolver="sbt-chain" homepage="http://cxf.apache.org" downloaded="false" searched="false" default="false" conf="compile, runtime(*), master(compile), runtime, compile(*), master" position="36">
				<license name="The Apache Software License, Version 2.0" url="http://www.apache.org/licenses/LICENSE-2.0.txt"/>
				<metadata-artifact status="no" details="" size="71038" time="0" location="/people/khamphousone/.ivy2/cache/org.apache.cxf/cxf-core/ivy-3.0.12.xml" searched="false" origin-is-local="false" origin-location="https://repo1.maven.org/maven2/org/apache/cxf/cxf-core/3.0.12/cxf-core-3.0.12.pom"/>
				<caller organisation="test" name="test$sources_2.12" conf="test, compile, provided, test-internal, runtime, optional" rev="3.0.12" rev-constraint-default="3.0.12" rev-constraint-dynamic="3.0.12" callerrev="1.0"/>
				<artifacts>
					<artifact name="cxf-core" type="src" ext="jar" extra-classifier="sources" status="no" details="" size="1024085" time="0" location="/people/khamphousone/.ivy2/cache/org.apache.cxf/cxf-core/srcs/cxf-core-3.0.12-sources.jar">
						<origin-location is-local="false" location="https://repo1.maven.org/maven2/org/apache/cxf/cxf-core/3.0.12/cxf-core-3.0.12-sources.jar"/>
					</artifact>
				</artifacts>
			</revision>
		</module>
		<module organisation="org.apache.ws.xmlschema" name="xmlschema-core">
			<revision name="2.2.1" status="release" pubdate="20150128222551" resolver="sbt-chain" artresolver="sbt-chain" homepage="" downloaded="false" searched="false" default="false" conf="compile, runtime(*), master(compile), runtime, compile(*), master" position="20">
				<license name="The Apache Software License, Version 2.0" url="http://www.apache.org/licenses/LICENSE-2.0.txt"/>
				<metadata-artifact status="no" details="" size="4903" time="0" location="/people/khamphousone/.ivy2/cache/org.apache.ws.xmlschema/xmlschema-core/ivy-2.2.1.xml" searched="false" origin-is-local="false" origin-location="https://repo1.maven.org/maven2/org/apache/ws/xmlschema/xmlschema-core/2.2.1/xmlschema-core-2.2.1.pom"/>
				<caller organisation="test" name="test$sources_2.12" conf="test, compile, provided, test-internal, runtime, optional" rev="2.2.1" rev-constraint-default="2.2.1" rev-constraint-dynamic="2.2.1" callerrev="1.0"/>
				<artifacts>
					<artifact name="xmlschema-core" type="src" ext="jar" extra-classifier="sources" status="no" details="" size="160125" time="0" location="/people/khamphousone/.ivy2/cache/org.apache.ws.xmlschema/xmlschema-core/srcs/xmlschema-core-2.2.1-sources.jar">
						<origin-location is-local="false" location="https://repo1.maven.org/maven2/org/apache/ws/xmlschema/xmlschema-core/2.2.1/xmlschema-core-2.2.1-sources.jar"/>
					</artifact>
				</artifacts>
			</revision>
		</module>
		<module organisation="xerces" name="xercesImpl">
			<revision name="2.11.0" status="release" pubdate="20130220212006" resolver="sbt-chain" artresolver="sbt-chain" homepage="https://xerces.apache.org/xerces2-j/" downloaded="false" searched="false" default="false" conf="compile, runtime(*), master(compile), runtime, compile(*), master" position="7">
				<license name="The Apache Software License, Version 2.0" url="http://www.apache.org/licenses/LICENSE-2.0.txt"/>
				<metadata-artifact status="no" details="" size="4398" time="0" location="/people/khamphousone/.ivy2/cache/xerces/xercesImpl/ivy-2.11.0.xml" searched="false" origin-is-local="false" origin-location="https://repo1.maven.org/maven2/xerces/xercesImpl/2.11.0/xercesImpl-2.11.0.pom"/>
				<caller organisation="test" name="test$sources_2.12" conf="test, compile, provided, test-internal, runtime, optional" rev="2.11.0" rev-constraint-default="2.11.0" rev-constraint-dynamic="2.11.0" callerrev="1.0"/>
				<artifacts>
					<artifact name="xercesImpl" type="src" ext="jar" extra-classifier="sources" status="no" details="" size="2081596" time="0" location="/people/khamphousone/.ivy2/cache/xerces/xercesImpl/srcs/xercesImpl-2.11.0-sources.jar">
						<origin-location is-local="false" location="https://repo1.maven.org/maven2/xerces/xercesImpl/2.11.0/xercesImpl-2.11.0-sources.jar"/>
					</artifact>
				</artifacts>
			</revision>
		</module>
		<module organisation="xml-apis" name="xml-apis">
			<revision name="1.4.01" status="release" pubdate="20110820021111" resolver="sbt-chain" artresolver="sbt-chain" homepage="http://xml.apache.org/commons/components/external/" downloaded="false" searched="false" default="false" conf="compile, runtime(*), master(compile), runtime, compile(*), master" position="38">
				<license name="The Apache Software License, Version 2.0" url="http://www.apache.org/licenses/LICENSE-2.0.txt"/>
				<license name="The SAX License" url="http://www.saxproject.org/copying.html"/>
				<license name="The W3C License" url="http://www.w3.org/TR/2004/REC-DOM-Level-3-Core-20040407/java-binding.zip"/>
				<metadata-artifact status="no" details="" size="3258" time="0" location="/people/khamphousone/.ivy2/cache/xml-apis/xml-apis/ivy-1.4.01.xml" searched="false" origin-is-local="false" origin-location="https://repo1.maven.org/maven2/xml-apis/xml-apis/1.4.01/xml-apis-1.4.01.pom"/>
				<caller organisation="test" name="test$sources_2.12" conf="test, compile, provided, test-internal, runtime, optional" rev="1.4.01" rev-constraint-default="1.4.01" rev-constraint-dynamic="1.4.01" callerrev="1.0"/>
				<artifacts>
					<artifact name="xml-apis" type="src" ext="jar" extra-classifier="sources" status="no" details="" size="656529" time="0" location="/people/khamphousone/.ivy2/cache/xml-apis/xml-apis/srcs/xml-apis-1.4.01-sources.jar">
						<origin-location is-local="false" location="https://repo1.maven.org/maven2/xml-apis/xml-apis/1.4.01/xml-apis-1.4.01-sources.jar"/>
					</artifact>
				</artifacts>
			</revision>
		</module>
		<module organisation="org.codehaus.woodstox" name="woodstox-core-asl">
			<revision name="4.4.1" status="release" pubdate="20140912034817" resolver="sbt-chain" artresolver="sbt-chain" homepage="http://woodstox.codehaus.org" downloaded="false" searched="false" default="false" conf="compile, runtime(*), master(compile), runtime, compile(*), master" position="13">
				<license name="The Apache Software License, Version 2.0" url="http://www.apache.org/licenses/LICENSE-2.0.txt"/>
				<metadata-artifact status="no" details="" size="2917" time="0" location="/people/khamphousone/.ivy2/cache/org.codehaus.woodstox/woodstox-core-asl/ivy-4.4.1.xml" searched="false" origin-is-local="false" origin-location="https://repo1.maven.org/maven2/org/codehaus/woodstox/woodstox-core-asl/4.4.1/woodstox-core-asl-4.4.1.pom"/>
				<caller organisation="test" name="test$sources_2.12" conf="test, compile, provided, test-internal, runtime, optional" rev="4.4.1" rev-constraint-default="4.4.1" rev-constraint-dynamic="4.4.1" callerrev="1.0"/>
				<artifacts>
					<artifact name="woodstox-core-asl" type="src" ext="jar" extra-classifier="sources" status="no" details="" size="523612" time="0" location="/people/khamphousone/.ivy2/cache/org.codehaus.woodstox/woodstox-core-asl/srcs/woodstox-core-asl-4.4.1-sources.jar">
						<origin-location is-local="false" location="https://repo1.maven.org/maven2/org/codehaus/woodstox/woodstox-core-asl/4.4.1/woodstox-core-asl-4.4.1-sources.jar"/>
					</artifact>
				</artifacts>
			</revision>
		</module>
		<module organisation="org.codehaus.woodstox" name="stax2-api">
			<revision name="3.1.4" status="release" pubdate="20140228072027" resolver="sbt-chain" artresolver="sbt-chain" homepage="http://wiki.fasterxml.com/WoodstoxStax2" downloaded="false" searched="false" default="false" conf="compile, runtime(*), master(compile), runtime, compile(*), master" position="11">
				<license name="The BSD License" url="http://www.opensource.org/licenses/bsd-license.php"/>
				<metadata-artifact status="no" details="" size="3477" time="0" location="/people/khamphousone/.ivy2/cache/org.codehaus.woodstox/stax2-api/ivy-3.1.4.xml" searched="false" origin-is-local="false" origin-location="https://repo1.maven.org/maven2/org/codehaus/woodstox/stax2-api/3.1.4/stax2-api-3.1.4.pom"/>
				<caller organisation="test" name="test$sources_2.12" conf="test, compile, provided, test-internal, runtime, optional" rev="3.1.4" rev-constraint-default="3.1.4" rev-constraint-dynamic="3.1.4" callerrev="1.0"/>
				<artifacts>
					<artifact name="stax2-api" type="src" ext="jar" extra-classifier="sources" status="no" details="" size="182824" time="0" location="/people/khamphousone/.ivy2/cache/org.codehaus.woodstox/stax2-api/srcs/stax2-api-3.1.4-sources.jar">
						<origin-location is-local="false" location="https://repo1.maven.org/maven2/org/codehaus/woodstox/stax2-api/3.1.4/stax2-api-3.1.4-sources.jar"/>
					</artifact>
				</artifacts>
			</revision>
		</module>
		<module organisation="com.optimaize.languagedetector" name="language-detector">
			<revision name="0.5" status="release" pubdate="20150405074628" resolver="sbt-chain" artresolver="sbt-chain" homepage="https://github.com/optimaize/language-detector" downloaded="false" searched="false" default="false" conf="compile, runtime(*), master(compile), runtime, compile(*), master" position="8">
				<license name="Apache 2" url="http://www.apache.org/licenses/LICENSE-2.0"/>
				<metadata-artifact status="no" details="" size="4372" time="0" location="/people/khamphousone/.ivy2/cache/com.optimaize.languagedetector/language-detector/ivy-0.5.xml" searched="false" origin-is-local="false" origin-location="https://repo1.maven.org/maven2/com/optimaize/languagedetector/language-detector/0.5/language-detector-0.5.pom"/>
				<caller organisation="test" name="test$sources_2.12" conf="test, compile, provided, test-internal, runtime, optional" rev="0.5" rev-constraint-default="0.5" rev-constraint-dynamic="0.5" callerrev="1.0"/>
				<artifacts>
					<artifact name="language-detector" type="src" ext="jar" extra-classifier="sources" status="no" details="" size="1853621" time="0" location="/people/khamphousone/.ivy2/cache/com.optimaize.languagedetector/language-detector/srcs/language-detector-0.5-sources.jar">
						<origin-location is-local="false" location="https://repo1.maven.org/maven2/com/optimaize/languagedetector/language-detector/0.5/language-detector-0.5-sources.jar"/>
					</artifact>
				</artifacts>
			</revision>
		</module>
		<module organisation="com.google.guava" name="guava">
			<revision name="16.0.1" status="release" pubdate="20140203234528" resolver="sbt-chain" artresolver="sbt-chain" homepage="" downloaded="false" searched="false" default="false" conf="compile, runtime(*), master(compile), runtime, compile(*), master" position="44">
				<license name="The Apache Software License, Version 2.0" url="http://www.apache.org/licenses/LICENSE-2.0.txt"/>
				<metadata-artifact status="no" details="" size="5619" time="0" location="/people/khamphousone/.ivy2/cache/com.google.guava/guava/ivy-16.0.1.xml" searched="false" origin-is-local="false" origin-location="https://repo1.maven.org/maven2/com/google/guava/guava/16.0.1/guava-16.0.1.pom"/>
				<caller organisation="test" name="test$sources_2.12" conf="test, compile, provided, test-internal, runtime, optional" rev="16.0.1" rev-constraint-default="16.0.1" rev-constraint-dynamic="16.0.1" callerrev="1.0"/>
				<artifacts>
					<artifact name="guava" type="src" ext="jar" extra-classifier="sources" status="no" details="" size="1261127" time="0" location="/people/khamphousone/.ivy2/cache/com.google.guava/guava/srcs/guava-16.0.1-sources.jar">
						<origin-location is-local="false" location="https://repo1.maven.org/maven2/com/google/guava/guava/16.0.1/guava-16.0.1-sources.jar"/>
					</artifact>
				</artifacts>
			</revision>
		</module>
		<module organisation="net.arnx" name="jsonic">
			<revision name="1.2.11" status="release" pubdate="20120408072425" resolver="sbt-chain" artresolver="sbt-chain" homepage="http://jsonic.sourceforge.jp/" downloaded="false" searched="false" default="false" conf="compile, runtime(*), master(compile), runtime, compile(*), master" position="37">
				<license name="The Apache Software License, Version 2.0" url="http://www.apache.org/licenses/LICENSE-2.0.txt"/>
				<metadata-artifact status="no" details="" size="3067" time="0" location="/people/khamphousone/.ivy2/cache/net.arnx/jsonic/ivy-1.2.11.xml" searched="false" origin-is-local="false" origin-location="https://repo1.maven.org/maven2/net/arnx/jsonic/1.2.11/jsonic-1.2.11.pom"/>
				<caller organisation="test" name="test$sources_2.12" conf="test, compile, provided, test-internal, runtime, optional" rev="1.2.11" rev-constraint-default="1.2.11" rev-constraint-dynamic="1.2.11" callerrev="1.0"/>
				<artifacts>
					<artifact name="jsonic" type="src" ext="jar" extra-classifier="sources" status="no" details="" size="72993" time="0" location="/people/khamphousone/.ivy2/cache/net.arnx/jsonic/srcs/jsonic-1.2.11-sources.jar">
						<origin-location is-local="false" location="https://repo1.maven.org/maven2/net/arnx/jsonic/1.2.11/jsonic-1.2.11-sources.jar"/>
					</artifact>
				</artifacts>
			</revision>
		</module>
		<module organisation="org.apache.tika" name="tika-core">
			<revision name="1.16" status="release" pubdate="20170708040206" resolver="sbt-chain" artresolver="sbt-chain" homepage="http://tika.apache.org/" downloaded="false" searched="false" default="false" conf="compile, runtime(*), master(compile), runtime, compile(*), master" position="6">
				<license name="Apache License, Version 2.0" url="http://www.apache.org/licenses/LICENSE-2.0.txt"/>
				<metadata-artifact status="no" details="" size="6737" time="0" location="/people/khamphousone/.ivy2/cache/org.apache.tika/tika-core/ivy-1.16.xml" searched="false" origin-is-local="false" origin-location="https://repo1.maven.org/maven2/org/apache/tika/tika-core/1.16/tika-core-1.16.pom"/>
				<caller organisation="test" name="test$sources_2.12" conf="test, compile, provided, test-internal, runtime, optional" rev="1.16" rev-constraint-default="1.16" rev-constraint-dynamic="1.16" callerrev="1.0"/>
				<artifacts>
					<artifact name="tika-core" type="src" ext="jar" extra-classifier="sources" status="no" details="" size="610613" time="0" location="/people/khamphousone/.ivy2/cache/org.apache.tika/tika-core/srcs/tika-core-1.16-sources.jar">
						<origin-location is-local="false" location="https://repo1.maven.org/maven2/org/apache/tika/tika-core/1.16/tika-core-1.16-sources.jar"/>
					</artifact>
				</artifacts>
			</revision>
		</module>
		<module organisation="org.apache.jena" name="jena-base">
			<revision name="3.1.0" status="release" pubdate="20160510140045" resolver="sbt-chain" artresolver="sbt-chain" homepage="" downloaded="false" searched="false" default="false" conf="compile, runtime(*), master(compile), runtime, compile(*), master" position="3">
				<license name="The Apache Software License, Version 2.0" url="http://www.apache.org/licenses/LICENSE-2.0.txt"/>
				<metadata-artifact status="no" details="" size="13562" time="0" location="/people/khamphousone/.ivy2/cache/org.apache.jena/jena-base/ivy-3.1.0.xml" searched="false" origin-is-local="false" origin-location="https://repo1.maven.org/maven2/org/apache/jena/jena-base/3.1.0/jena-base-3.1.0.pom"/>
				<caller organisation="test" name="test$sources_2.12" conf="test, compile, provided, test-internal, runtime, optional" rev="3.1.0" rev-constraint-default="3.1.0" rev-constraint-dynamic="3.1.0" callerrev="1.0"/>
				<artifacts>
					<artifact name="jena-base" type="src" ext="jar" extra-classifier="sources" status="no" details="" size="212222" time="0" location="/people/khamphousone/.ivy2/cache/org.apache.jena/jena-base/srcs/jena-base-3.1.0-sources.jar">
						<origin-location is-local="false" location="https://repo1.maven.org/maven2/org/apache/jena/jena-base/3.1.0/jena-base-3.1.0-sources.jar"/>
					</artifact>
				</artifacts>
			</revision>
		</module>
		<module organisation="com.github.andrewoma.dexx" name="collection">
			<revision name="0.6" status="release" pubdate="20160407223003" resolver="sbt-chain" artresolver="sbt-chain" homepage="https://github.com/andrewoma/dexx" downloaded="false" searched="false" default="false" conf="compile, runtime(*), master(compile), runtime, compile(*), master" position="5">
				<license name="MIT License" url="http://www.opensource.org/licenses/mit-license.php"/>
				<metadata-artifact status="no" details="" size="3152" time="0" location="/people/khamphousone/.ivy2/cache/com.github.andrewoma.dexx/collection/ivy-0.6.xml" searched="false" origin-is-local="false" origin-location="https://repo1.maven.org/maven2/com/github/andrewoma/dexx/collection/0.6/collection-0.6.pom"/>
				<caller organisation="test" name="test$sources_2.12" conf="test, compile, provided, test-internal, runtime, optional" rev="0.6" rev-constraint-default="0.6" rev-constraint-dynamic="0.6" callerrev="1.0"/>
				<artifacts>
					<artifact name="collection" type="src" ext="jar" extra-classifier="sources" status="no" details="" size="204371" time="0" location="/people/khamphousone/.ivy2/cache/com.github.andrewoma.dexx/collection/srcs/collection-0.6-sources.jar">
						<origin-location is-local="false" location="https://repo1.maven.org/maven2/com/github/andrewoma/dexx/collection/0.6/collection-0.6-sources.jar"/>
					</artifact>
				</artifacts>
			</revision>
		</module>
		<module organisation="com.intellij" name="annotations">
			<revision name="12.0" status="release" pubdate="20130224194859" resolver="sbt-chain" artresolver="sbt-chain" homepage="http://www.jetbrains.org" downloaded="false" searched="false" default="false" conf="compile, runtime(*), master(compile), runtime, compile(*), master" position="34">
				<license name="Apache License 2" url="http://www.apache.org/licenses/LICENSE-2.0.txt"/>
				<metadata-artifact status="no" details="" size="2621" time="0" location="/people/khamphousone/.ivy2/cache/com.intellij/annotations/ivy-12.0.xml" searched="false" origin-is-local="false" origin-location="https://repo1.maven.org/maven2/com/intellij/annotations/12.0/annotations-12.0.pom"/>
				<caller organisation="test" name="test$sources_2.12" conf="test, compile, provided, test-internal, runtime, optional" rev="12.0" rev-constraint-default="12.0" rev-constraint-dynamic="12.0" callerrev="1.0"/>
				<artifacts>
					<artifact name="annotations" type="src" ext="jar" extra-classifier="sources" status="no" details="" size="14650" time="0" location="/people/khamphousone/.ivy2/cache/com.intellij/annotations/srcs/annotations-12.0-sources.jar">
						<origin-location is-local="false" location="https://repo1.maven.org/maven2/com/intellij/annotations/12.0/annotations-12.0-sources.jar"/>
					</artifact>
				</artifacts>
			</revision>
		</module>
		<module organisation="org.apache.commons" name="commons-csv">
			<revision name="1.0" status="release" pubdate="20140810134615" resolver="sbt-chain" artresolver="sbt-chain" homepage="http://commons.apache.org/proper/commons-csv/" downloaded="false" searched="false" default="false" conf="compile, runtime(*), master(compile), runtime, compile(*), master" position="10">
				<license name="The Apache Software License, Version 2.0" url="http://www.apache.org/licenses/LICENSE-2.0.txt"/>
				<metadata-artifact status="no" details="" size="10793" time="0" location="/people/khamphousone/.ivy2/cache/org.apache.commons/commons-csv/ivy-1.0.xml" searched="false" origin-is-local="false" origin-location="https://repo1.maven.org/maven2/org/apache/commons/commons-csv/1.0/commons-csv-1.0.pom"/>
				<caller organisation="test" name="test$sources_2.12" conf="test, compile, provided, test-internal, runtime, optional" rev="1.0" rev-constraint-default="1.0" rev-constraint-dynamic="1.0" callerrev="1.0"/>
				<artifacts>
					<artifact name="commons-csv" type="src" ext="jar" extra-classifier="sources" status="no" details="" size="36241" time="0" location="/people/khamphousone/.ivy2/cache/org.apache.commons/commons-csv/srcs/commons-csv-1.0-sources.jar">
						<origin-location is-local="false" location="https://repo1.maven.org/maven2/org/apache/commons/commons-csv/1.0/commons-csv-1.0-sources.jar"/>
					</artifact>
				</artifacts>
			</revision>
		</module>
		<module organisation="org.apache.jena" name="jena-shaded-guava">
			<revision name="3.1.0" status="release" pubdate="20160510135955" resolver="sbt-chain" artresolver="sbt-chain" homepage="" downloaded="false" searched="false" default="false" conf="compile, runtime(*), master(compile), runtime, compile(*), master" position="19">
				<license name="The Apache Software License, Version 2.0" url="http://www.apache.org/licenses/LICENSE-2.0.txt"/>
				<metadata-artifact status="no" details="" size="12896" time="0" location="/people/khamphousone/.ivy2/cache/org.apache.jena/jena-shaded-guava/ivy-3.1.0.xml" searched="false" origin-is-local="false" origin-location="https://repo1.maven.org/maven2/org/apache/jena/jena-shaded-guava/3.1.0/jena-shaded-guava-3.1.0.pom"/>
				<caller organisation="test" name="test$sources_2.12" conf="test, compile, provided, test-internal, runtime, optional" rev="3.1.0" rev-constraint-default="3.1.0" rev-constraint-dynamic="3.1.0" callerrev="1.0"/>
				<artifacts>
					<artifact name="jena-shaded-guava" type="src" ext="jar" extra-classifier="sources" status="no" details="" size="1310863" time="0" location="/people/khamphousone/.ivy2/cache/org.apache.jena/jena-shaded-guava/srcs/jena-shaded-guava-3.1.0-sources.jar">
						<origin-location is-local="false" location="https://repo1.maven.org/maven2/org/apache/jena/jena-shaded-guava/3.1.0/jena-shaded-guava-3.1.0-sources.jar"/>
					</artifact>
				</artifacts>
			</revision>
		</module>
		<module organisation="org.slf4j" name="slf4j-api">
			<revision name="1.7.20" status="release" pubdate="20160329171222" resolver="sbt-chain" artresolver="sbt-chain" homepage="http://www.slf4j.org" downloaded="false" searched="false" default="false" conf="compile, runtime(*), master(compile), runtime, compile(*), master" position="12">
				<license name="MIT License" url="http://www.opensource.org/licenses/mit-license.php"/>
				<metadata-artifact status="no" details="" size="5199" time="0" location="/people/khamphousone/.ivy2/cache/org.slf4j/slf4j-api/ivy-1.7.20.xml" searched="false" origin-is-local="false" origin-location="https://repo1.maven.org/maven2/org/slf4j/slf4j-api/1.7.20/slf4j-api-1.7.20.pom"/>
				<caller organisation="test" name="test$sources_2.12" conf="test, compile, provided, test-internal, runtime, optional" rev="1.7.20" rev-constraint-default="1.7.20" rev-constraint-dynamic="1.7.20" callerrev="1.0"/>
				<artifacts>
					<artifact name="slf4j-api" type="src" ext="jar" extra-classifier="sources" status="no" details="" size="55454" time="0" location="/people/khamphousone/.ivy2/cache/org.slf4j/slf4j-api/srcs/slf4j-api-1.7.20-sources.jar">
						<origin-location is-local="false" location="https://repo1.maven.org/maven2/org/slf4j/slf4j-api/1.7.20/slf4j-api-1.7.20-sources.jar"/>
					</artifact>
				</artifacts>
			</revision>
		</module>
		<module organisation="org.apache.httpcomponents" name="httpclient-cache">
			<revision name="4.2.6" status="release" pubdate="20130904201740" resolver="sbt-chain" artresolver="sbt-chain" homepage="http://hc.apache.org/httpcomponents-client" downloaded="false" searched="false" default="false" conf="compile, runtime(*), master(compile), runtime, compile(*), master" position="2">
				<license name="Apache License" url="LICENSE.txt"/>
				<metadata-artifact status="no" details="" size="9886" time="0" location="/people/khamphousone/.ivy2/cache/org.apache.httpcomponents/httpclient-cache/ivy-4.2.6.xml" searched="false" origin-is-local="false" origin-location="https://repo1.maven.org/maven2/org/apache/httpcomponents/httpclient-cache/4.2.6/httpclient-cache-4.2.6.pom"/>
				<caller organisation="test" name="test$sources_2.12" conf="test, compile, provided, test-internal, runtime, optional" rev="4.2.6" rev-constraint-default="4.2.6" rev-constraint-dynamic="4.2.6" callerrev="1.0"/>
				<artifacts>
					<artifact name="httpclient-cache" type="src" ext="jar" extra-classifier="sources" status="no" details="" size="117229" time="0" location="/people/khamphousone/.ivy2/cache/org.apache.httpcomponents/httpclient-cache/srcs/httpclient-cache-4.2.6-sources.jar">
						<origin-location is-local="false" location="https://repo1.maven.org/maven2/org/apache/httpcomponents/httpclient-cache/4.2.6/httpclient-cache-4.2.6-sources.jar"/>
					</artifact>
				</artifacts>
			</revision>
		</module>
		<module organisation="org.apache.httpcomponents" name="httpclient">
			<revision name="4.2.6" status="release" pubdate="20130904201608" resolver="sbt-chain" artresolver="sbt-chain" homepage="http://hc.apache.org/httpcomponents-client" downloaded="false" searched="false" default="false" conf="compile, runtime(*), master(compile), runtime, compile(*), master" position="15">
				<license name="Apache License" url="LICENSE.txt"/>
				<metadata-artifact status="no" details="" size="9503" time="0" location="/people/khamphousone/.ivy2/cache/org.apache.httpcomponents/httpclient/ivy-4.2.6.xml" searched="false" origin-is-local="false" origin-location="https://repo1.maven.org/maven2/org/apache/httpcomponents/httpclient/4.2.6/httpclient-4.2.6.pom"/>
				<caller organisation="test" name="test$sources_2.12" conf="test, compile, provided, test-internal, runtime, optional" rev="4.2.6" rev-constraint-default="4.2.6" rev-constraint-dynamic="4.2.6" callerrev="1.0"/>
				<artifacts>
					<artifact name="httpclient" type="src" ext="jar" extra-classifier="sources" status="no" details="" size="523108" time="0" location="/people/khamphousone/.ivy2/cache/org.apache.httpcomponents/httpclient/srcs/httpclient-4.2.6-sources.jar">
						<origin-location is-local="false" location="https://repo1.maven.org/maven2/org/apache/httpcomponents/httpclient/4.2.6/httpclient-4.2.6-sources.jar"/>
					</artifact>
				</artifacts>
			</revision>
		</module>
		<module organisation="commons-codec" name="commons-codec">
			<revision name="1.6" status="release" pubdate="20111203033826" resolver="sbt-chain" artresolver="sbt-chain" homepage="http://commons.apache.org/codec/" downloaded="false" searched="false" default="false" conf="compile, runtime(*), master(compile), runtime, compile(*), master" position="27">
				<license name="The Apache Software License, Version 2.0" url="http://www.apache.org/licenses/LICENSE-2.0.txt"/>
				<metadata-artifact status="no" details="" size="7802" time="0" location="/people/khamphousone/.ivy2/cache/commons-codec/commons-codec/ivy-1.6.xml" searched="false" origin-is-local="false" origin-location="https://repo1.maven.org/maven2/commons-codec/commons-codec/1.6/commons-codec-1.6.pom"/>
				<caller organisation="test" name="test$sources_2.12" conf="test, compile, provided, test-internal, runtime, optional" rev="1.6" rev-constraint-default="1.6" rev-constraint-dynamic="1.6" callerrev="1.0"/>
				<artifacts>
					<artifact name="commons-codec" type="src" ext="jar" extra-classifier="sources" status="no" details="" size="243982" time="0" location="/people/khamphousone/.ivy2/cache/commons-codec/commons-codec/srcs/commons-codec-1.6-sources.jar">
						<origin-location is-local="false" location="https://repo1.maven.org/maven2/commons-codec/commons-codec/1.6/commons-codec-1.6-sources.jar"/>
					</artifact>
				</artifacts>
			</revision>
		</module>
		<module organisation="commons-logging" name="commons-logging">
			<revision name="1.1.1" status="release" pubdate="20071126212410" resolver="sbt-chain" artresolver="sbt-chain" homepage="http://commons.apache.org/logging" downloaded="false" searched="false" default="false" conf="compile, runtime(*), master(compile), runtime, compile(*), master" position="24">
				<license name="The Apache Software License, Version 2.0" url="http://www.apache.org/licenses/LICENSE-2.0.txt"/>
				<metadata-artifact status="no" details="" size="4212" time="0" location="/people/khamphousone/.ivy2/cache/commons-logging/commons-logging/ivy-1.1.1.xml" searched="false" origin-is-local="false" origin-location="https://repo1.maven.org/maven2/commons-logging/commons-logging/1.1.1/commons-logging-1.1.1.pom"/>
				<caller organisation="test" name="test$sources_2.12" conf="test, compile, provided, test-internal, runtime, optional" rev="1.1.1" rev-constraint-default="1.1.1" rev-constraint-dynamic="1.1.1" callerrev="1.0"/>
				<artifacts>
					<artifact name="commons-logging" type="src" ext="jar" extra-classifier="sources" status="no" details="" size="74976" time="0" location="/people/khamphousone/.ivy2/cache/commons-logging/commons-logging/srcs/commons-logging-1.1.1-sources.jar">
						<origin-location is-local="false" location="https://repo1.maven.org/maven2/commons-logging/commons-logging/1.1.1/commons-logging-1.1.1-sources.jar"/>
					</artifact>
				</artifacts>
			</revision>
		</module>
		<module organisation="org.apache.httpcomponents" name="httpcore">
			<revision name="4.2.5" status="release" pubdate="20130729171428" resolver="sbt-chain" artresolver="sbt-chain" homepage="http://hc.apache.org/httpcomponents-core-ga" downloaded="false" searched="false" default="false" conf="compile, runtime(*), master(compile), runtime, compile(*), master" position="21">
				<license name="Apache License" url="LICENSE.txt"/>
				<metadata-artifact status="no" details="" size="7534" time="0" location="/people/khamphousone/.ivy2/cache/org.apache.httpcomponents/httpcore/ivy-4.2.5.xml" searched="false" origin-is-local="false" origin-location="https://repo1.maven.org/maven2/org/apache/httpcomponents/httpcore/4.2.5/httpcore-4.2.5.pom"/>
				<caller organisation="test" name="test$sources_2.12" conf="test, compile, provided, test-internal, runtime, optional" rev="4.2.5" rev-constraint-default="4.2.5" rev-constraint-dynamic="4.2.5" callerrev="1.0"/>
				<artifacts>
					<artifact name="httpcore" type="src" ext="jar" extra-classifier="sources" status="no" details="" size="325817" time="0" location="/people/khamphousone/.ivy2/cache/org.apache.httpcomponents/httpcore/srcs/httpcore-4.2.5-sources.jar">
						<origin-location is-local="false" location="https://repo1.maven.org/maven2/org/apache/httpcomponents/httpcore/4.2.5/httpcore-4.2.5-sources.jar"/>
					</artifact>
				</artifacts>
			</revision>
		</module>
		<module organisation="com.lihaoyi" name="fastparse_2.12">
			<revision name="0.4.3" status="release" pubdate="20170513223445" resolver="sbt-chain" artresolver="sbt-chain" homepage="https://github.com/lihaoyi/scala-parser" downloaded="false" searched="false" default="false" conf="default, compile, runtime, default(compile), master" position="1">
				<license name="MIT license" url="http://www.opensource.org/licenses/mit-license.php"/>
				<metadata-artifact status="no" details="" size="3523" time="0" location="/people/khamphousone/.ivy2/cache/com.lihaoyi/fastparse_2.12/ivy-0.4.3.xml" searched="false" origin-is-local="false" origin-location="https://repo1.maven.org/maven2/com/lihaoyi/fastparse_2.12/0.4.3/fastparse_2.12-0.4.3.pom"/>
				<caller organisation="test" name="test$sources_2.12" conf="test, compile, provided, test-internal, runtime, optional" rev="0.4.3" rev-constraint-default="0.4.3" rev-constraint-dynamic="0.4.3" callerrev="1.0"/>
				<artifacts>
					<artifact name="fastparse_2.12" type="src" ext="jar" extra-classifier="sources" status="no" details="" size="24236" time="0" location="/people/khamphousone/.ivy2/cache/com.lihaoyi/fastparse_2.12/srcs/fastparse_2.12-0.4.3-sources.jar">
						<origin-location is-local="false" location="https://repo1.maven.org/maven2/com/lihaoyi/fastparse_2.12/0.4.3/fastparse_2.12-0.4.3-sources.jar"/>
					</artifact>
				</artifacts>
			</revision>
		</module>
		<module organisation="com.lihaoyi" name="fastparse-utils_2.12">
			<revision name="0.4.3" status="release" pubdate="20170513223408" resolver="sbt-chain" artresolver="sbt-chain" homepage="https://github.com/lihaoyi/scala-parser" downloaded="false" searched="false" default="false" conf="compile, runtime(*), master(compile), runtime, compile(*), master" position="25">
				<license name="MIT license" url="http://www.opensource.org/licenses/mit-license.php"/>
				<metadata-artifact status="no" details="" size="3391" time="0" location="/people/khamphousone/.ivy2/cache/com.lihaoyi/fastparse-utils_2.12/ivy-0.4.3.xml" searched="false" origin-is-local="false" origin-location="https://repo1.maven.org/maven2/com/lihaoyi/fastparse-utils_2.12/0.4.3/fastparse-utils_2.12-0.4.3.pom"/>
				<caller organisation="test" name="test$sources_2.12" conf="test, compile, provided, test-internal, runtime, optional" rev="0.4.3" rev-constraint-default="0.4.3" rev-constraint-dynamic="0.4.3" callerrev="1.0"/>
				<artifacts>
					<artifact name="fastparse-utils_2.12" type="src" ext="jar" extra-classifier="sources" status="no" details="" size="9387" time="0" location="/people/khamphousone/.ivy2/cache/com.lihaoyi/fastparse-utils_2.12/srcs/fastparse-utils_2.12-0.4.3-sources.jar">
						<origin-location is-local="false" location="https://repo1.maven.org/maven2/com/lihaoyi/fastparse-utils_2.12/0.4.3/fastparse-utils_2.12-0.4.3-sources.jar"/>
					</artifact>
				</artifacts>
			</revision>
		</module>
		<module organisation="com.lihaoyi" name="sourcecode_2.12">
			<revision name="0.1.3" status="release" pubdate="20161031193242" resolver="sbt-chain" artresolver="sbt-chain" homepage="https://github.com/lihaoyi/sourcecode" downloaded="false" searched="false" default="false" conf="compile, runtime(*), master(compile), runtime, compile(*), master" position="26">
				<license name="MIT license" url="http://www.opensource.org/licenses/mit-license.php"/>
				<metadata-artifact status="no" details="" size="2966" time="0" location="/people/khamphousone/.ivy2/cache/com.lihaoyi/sourcecode_2.12/ivy-0.1.3.xml" searched="false" origin-is-local="false" origin-location="https://repo1.maven.org/maven2/com/lihaoyi/sourcecode_2.12/0.1.3/sourcecode_2.12-0.1.3.pom"/>
				<caller organisation="test" name="test$sources_2.12" conf="test, compile, provided, test-internal, runtime, optional" rev="0.1.3" rev-constraint-default="0.1.3" rev-constraint-dynamic="0.1.3" callerrev="1.0"/>
				<artifacts>
					<artifact name="sourcecode_2.12" type="src" ext="jar" extra-classifier="sources" status="no" details="" size="2593" time="0" location="/people/khamphousone/.ivy2/cache/com.lihaoyi/sourcecode_2.12/srcs/sourcecode_2.12-0.1.3-sources.jar">
						<origin-location is-local="false" location="https://repo1.maven.org/maven2/com/lihaoyi/sourcecode_2.12/0.1.3/sourcecode_2.12-0.1.3-sources.jar"/>
					</artifact>
				</artifacts>
			</revision>
		</module>
		<module organisation="org.apache.commons" name="commons-lang3">
			<revision name="3.3.2" status="release" pubdate="20140406142129" resolver="sbt-chain" artresolver="sbt-chain" homepage="http://commons.apache.org/proper/commons-lang/" downloaded="false" searched="false" default="false" conf="compile, runtime(*), master(compile), runtime, compile(*), master" position="0">
				<license name="The Apache Software License, Version 2.0" url="http://www.apache.org/licenses/LICENSE-2.0.txt"/>
				<metadata-artifact status="no" details="" size="10669" time="0" location="/people/khamphousone/.ivy2/cache/org.apache.commons/commons-lang3/ivy-3.3.2.xml" searched="false" origin-is-local="false" origin-location="https://repo1.maven.org/maven2/org/apache/commons/commons-lang3/3.3.2/commons-lang3-3.3.2.pom"/>
				<caller organisation="test" name="test$sources_2.12" conf="test, compile, provided, test-internal, runtime, optional" rev="3.3.2" rev-constraint-default="3.3.2" rev-constraint-dynamic="3.3.2" callerrev="1.0"/>
				<artifacts>
					<artifact name="commons-lang3" type="src" ext="jar" extra-classifier="sources" status="no" details="" size="470961" time="0" location="/people/khamphousone/.ivy2/cache/org.apache.commons/commons-lang3/srcs/commons-lang3-3.3.2-sources.jar">
						<origin-location is-local="false" location="https://repo1.maven.org/maven2/org/apache/commons/commons-lang3/3.3.2/commons-lang3-3.3.2-sources.jar"/>
					</artifact>
				</artifacts>
			</revision>
		</module>
		<module organisation="commons-io" name="commons-io">
			<revision name="2.4" status="release" pubdate="20120613002206" resolver="sbt-chain" artresolver="sbt-chain" homepage="http://commons.apache.org/io/" downloaded="false" searched="false" default="false" conf="compile, runtime(*), master(compile), runtime, compile(*), master" position="30">
				<license name="The Apache Software License, Version 2.0" url="http://www.apache.org/licenses/LICENSE-2.0.txt"/>
				<metadata-artifact status="no" details="" size="8704" time="0" location="/people/khamphousone/.ivy2/cache/commons-io/commons-io/ivy-2.4.xml" searched="false" origin-is-local="false" origin-location="https://repo1.maven.org/maven2/commons-io/commons-io/2.4/commons-io-2.4.pom"/>
				<caller organisation="test" name="test$sources_2.12" conf="test, compile, provided, test-internal, runtime, optional" rev="2.4" rev-constraint-default="2.4" rev-constraint-dynamic="2.4" callerrev="1.0"/>
				<artifacts>
					<artifact name="commons-io" type="src" ext="jar" extra-classifier="sources" status="no" details="" size="246635" time="0" location="/people/khamphousone/.ivy2/cache/commons-io/commons-io/srcs/commons-io-2.4-sources.jar">
						<origin-location is-local="false" location="https://repo1.maven.org/maven2/commons-io/commons-io/2.4/commons-io-2.4-sources.jar"/>
					</artifact>
				</artifacts>
			</revision>
		</module>
	</dependencies>
</ivy-report>
